<?xml version="1.0" encoding="UTF-8"?>
<TestRun id="8b2f366b-de3c-466e-8d2d-0a8c4c8145cd" name="okristjansson@USDENOKRISTJAN3 2015-05-20 19:43:17" runUser="US\okristjansson" xmlns="http://microsoft.com/schemas/VisualStudio/TeamTest/2010">
  <TestSettings name="Default Test Settings" id="4b1dce8d-9eb8-412e-abbb-4c4010996194">
    <Execution>
      <TestTypeSpecific />
      <AgentRule name="Execution Agents">
      </AgentRule>
    </Execution>
    <Deployment runDeploymentRoot="okristjansson_USDENOKRISTJAN3 2015-05-20 19_43_17" />
    <Properties />
  </TestSettings>
  <Times creation="2015-05-20T19:43:17.1966990-06:00" queuing="2015-05-20T19:43:17.7271296-06:00" start="2015-05-20T19:43:17.8111990-06:00" finish="2015-05-20T19:43:18.5025978-06:00" />
  <ResultSummary outcome="Completed">
    <Counters total="11" executed="11" passed="11" error="0" failed="0" timeout="0" aborted="0" inconclusive="0" passedButRunAborted="0" notRunnable="0" notExecuted="0" disconnected="0" warning="0" completed="0" inProgress="0" pending="0" />
  </ResultSummary>
  <TestDefinitions>
    <UnitTest name="BuildReturnsStartInfoWithCorrectParameters" storage="slackerrunner.unittests.dll" id="14d156ff-b5f7-7766-80c7-a843c9858615">
      <Execution id="3df9f32c-d037-43af-8421-12e021459229" />
      <TestMethod codeBase="C:/work/tfs/solvas/SlackerRunner/SlackerRunner.UnitTests/bin/Debug/SlackerRunner.UnitTests.dll" adapterTypeName="Microsoft.VisualStudio.TestTools.TestTypes.Unit.UnitTestAdapter, Microsoft.VisualStudio.QualityTools.Tips.UnitTest.Adapter, Version=12.0.0.0, Culture=neutral, PublicKeyToken=b03f5f7f11d50a3a" className="SlackerRunner.UnitTests.ProcessStartInfoBuilderTest, SlackerRunner.UnitTests, Version=1.0.0.0, Culture=neutral, PublicKeyToken=null" name="BuildReturnsStartInfoWithCorrectParameters" />
    </UnitTest>
    <UnitTest name="ValidateReturnsTrueWhenOutputResultsPassedAndErrorIsEmpty" storage="slackerrunner.unittests.dll" id="a265b0cf-4e94-0699-17ef-1e3ec4ee450c">
      <Execution id="1d41c2d0-52de-48ff-a5c3-8df671691f24" />
      <TestMethod codeBase="C:/work/tfs/solvas/SlackerRunner/SlackerRunner.UnitTests/bin/Debug/SlackerRunner.UnitTests.dll" adapterTypeName="Microsoft.VisualStudio.TestTools.TestTypes.Unit.UnitTestAdapter, Microsoft.VisualStudio.QualityTools.Tips.UnitTest.Adapter, Version=12.0.0.0, Culture=neutral, PublicKeyToken=b03f5f7f11d50a3a" className="SlackerRunner.UnitTests.ResultsParserTest, SlackerRunner.UnitTests, Version=1.0.0.0, Culture=neutral, PublicKeyToken=null" name="ValidateReturnsTrueWhenOutputResultsPassedAndErrorIsEmpty" />
    </UnitTest>
    <UnitTest name="ValidateReturnsTrueWhenOutputResultsPassedAndErrorIsNull" storage="slackerrunner.unittests.dll" id="cb5deacb-08b0-0b7c-6dc1-12a9db130e1f">
      <Execution id="c769fadc-d2a6-46a9-b6b0-356930425793" />
      <TestMethod codeBase="C:/work/tfs/solvas/SlackerRunner/SlackerRunner.UnitTests/bin/Debug/SlackerRunner.UnitTests.dll" adapterTypeName="Microsoft.VisualStudio.TestTools.TestTypes.Unit.UnitTestAdapter, Microsoft.VisualStudio.QualityTools.Tips.UnitTest.Adapter, Version=12.0.0.0, Culture=neutral, PublicKeyToken=b03f5f7f11d50a3a" className="SlackerRunner.UnitTests.ResultsParserTest, SlackerRunner.UnitTests, Version=1.0.0.0, Culture=neutral, PublicKeyToken=null" name="ValidateReturnsTrueWhenOutputResultsPassedAndErrorIsNull" />
    </UnitTest>
    <UnitTest name="RunCallsProcessRunnerAndResultsValidatorAndSetsPassedToTrueWhenValid" storage="slackerrunner.unittests.dll" id="fdda4e33-12d4-09a1-fae3-bef85dcc8f83">
      <Execution id="f73eefd2-92df-47ee-9340-31fbddcd9b8a" />
      <TestMethod codeBase="C:/work/tfs/solvas/SlackerRunner/SlackerRunner.UnitTests/bin/Debug/SlackerRunner.UnitTests.dll" adapterTypeName="Microsoft.VisualStudio.TestTools.TestTypes.Unit.UnitTestAdapter, Microsoft.VisualStudio.QualityTools.Tips.UnitTest.Adapter, Version=12.0.0.0, Culture=neutral, PublicKeyToken=b03f5f7f11d50a3a" className="SlackerRunner.UnitTests.ProfileRunnerTest, SlackerRunner.UnitTests, Version=1.0.0.0, Culture=neutral, PublicKeyToken=null" name="RunCallsProcessRunnerAndResultsValidatorAndSetsPassedToTrueWhenValid" />
    </UnitTest>
    <UnitTest name="ParseReturnsFailedSpecsWhenSomeFailed" storage="slackerrunner.unittests.dll" id="c9090656-599e-54a6-45f5-8236fbe25294">
      <Execution id="f75c903b-eed1-430e-a2e5-badc59925b82" />
      <TestMethod codeBase="C:/work/tfs/solvas/SlackerRunner/SlackerRunner.UnitTests/bin/Debug/SlackerRunner.UnitTests.dll" adapterTypeName="Microsoft.VisualStudio.TestTools.TestTypes.Unit.UnitTestAdapter, Microsoft.VisualStudio.QualityTools.Tips.UnitTest.Adapter, Version=12.0.0.0, Culture=neutral, PublicKeyToken=b03f5f7f11d50a3a" className="SlackerRunner.UnitTests.ResultsParserTest, SlackerRunner.UnitTests, Version=1.0.0.0, Culture=neutral, PublicKeyToken=null" name="ParseReturnsFailedSpecsWhenSomeFailed" />
    </UnitTest>
    <UnitTest name="RunCallsFactoyToCreateProcessWrapperAndRunsProcess" storage="slackerrunner.unittests.dll" id="ca0a7d22-ea2f-524d-e6b5-a775db1007f2">
      <Execution id="be9cdbe6-622c-4689-82ff-607d052d175e" />
      <TestMethod codeBase="C:/work/tfs/solvas/SlackerRunner/SlackerRunner.UnitTests/bin/Debug/SlackerRunner.UnitTests.dll" adapterTypeName="Microsoft.VisualStudio.TestTools.TestTypes.Unit.UnitTestAdapter, Microsoft.VisualStudio.QualityTools.Tips.UnitTest.Adapter, Version=12.0.0.0, Culture=neutral, PublicKeyToken=b03f5f7f11d50a3a" className="SlackerRunner.UnitTests.ProcessRunnerTest, SlackerRunner.UnitTests, Version=1.0.0.0, Culture=neutral, PublicKeyToken=null" name="RunCallsFactoyToCreateProcessWrapperAndRunsProcess" />
    </UnitTest>
    <UnitTest name="ValidateReturnsFalseWhenOutResultsHaveFailedScenario" storage="slackerrunner.unittests.dll" id="e1ac3e39-4dcc-a2f5-ede8-2f3b3696b35d">
      <Execution id="8c0bd923-d85d-4468-81f1-575acdad54ad" />
      <TestMethod codeBase="C:/work/tfs/solvas/SlackerRunner/SlackerRunner.UnitTests/bin/Debug/SlackerRunner.UnitTests.dll" adapterTypeName="Microsoft.VisualStudio.TestTools.TestTypes.Unit.UnitTestAdapter, Microsoft.VisualStudio.QualityTools.Tips.UnitTest.Adapter, Version=12.0.0.0, Culture=neutral, PublicKeyToken=b03f5f7f11d50a3a" className="SlackerRunner.UnitTests.ResultsParserTest, SlackerRunner.UnitTests, Version=1.0.0.0, Culture=neutral, PublicKeyToken=null" name="ValidateReturnsFalseWhenOutResultsHaveFailedScenario" />
    </UnitTest>
    <UnitTest name="ParseReturnsFailedSpecsWhenAllPassed" storage="slackerrunner.unittests.dll" id="ff9f57a5-be5c-83c2-9e6a-f2ba9a9a692a">
      <Execution id="8ac99fe5-b997-4267-95d6-b9f27cb9972c" />
      <TestMethod codeBase="C:/work/tfs/solvas/SlackerRunner/SlackerRunner.UnitTests/bin/Debug/SlackerRunner.UnitTests.dll" adapterTypeName="Microsoft.VisualStudio.TestTools.TestTypes.Unit.UnitTestAdapter, Microsoft.VisualStudio.QualityTools.Tips.UnitTest.Adapter, Version=12.0.0.0, Culture=neutral, PublicKeyToken=b03f5f7f11d50a3a" className="SlackerRunner.UnitTests.ResultsParserTest, SlackerRunner.UnitTests, Version=1.0.0.0, Culture=neutral, PublicKeyToken=null" name="ParseReturnsFailedSpecsWhenAllPassed" />
    </UnitTest>
    <UnitTest name="RunCallsProfileRunner" storage="slackerrunner.unittests.dll" id="dbf56de4-9d5a-7729-5082-b5b9e45a1d75">
      <Execution id="144abbac-7faf-47ef-a10f-bc62755e45e8" />
      <TestMethod codeBase="C:/work/tfs/solvas/SlackerRunner/SlackerRunner.UnitTests/bin/Debug/SlackerRunner.UnitTests.dll" adapterTypeName="Microsoft.VisualStudio.TestTools.TestTypes.Unit.UnitTestAdapter, Microsoft.VisualStudio.QualityTools.Tips.UnitTest.Adapter, Version=12.0.0.0, Culture=neutral, PublicKeyToken=b03f5f7f11d50a3a" className="SlackerRunner.UnitTests.SlackerServiceTest, SlackerRunner.UnitTests, Version=1.0.0.0, Culture=neutral, PublicKeyToken=null" name="RunCallsProfileRunner" />
    </UnitTest>
    <UnitTest name="ParseReturnsFalseWhenStandardErrorNotNull" storage="slackerrunner.unittests.dll" id="e0650994-a47c-eb00-a2e8-b654609f2f52">
      <Execution id="0352c274-6fd9-462c-b37b-134a1cc9e7ac" />
      <TestMethod codeBase="C:/work/tfs/solvas/SlackerRunner/SlackerRunner.UnitTests/bin/Debug/SlackerRunner.UnitTests.dll" adapterTypeName="Microsoft.VisualStudio.TestTools.TestTypes.Unit.UnitTestAdapter, Microsoft.VisualStudio.QualityTools.Tips.UnitTest.Adapter, Version=12.0.0.0, Culture=neutral, PublicKeyToken=b03f5f7f11d50a3a" className="SlackerRunner.UnitTests.ResultsParserTest, SlackerRunner.UnitTests, Version=1.0.0.0, Culture=neutral, PublicKeyToken=null" name="ParseReturnsFalseWhenStandardErrorNotNull" />
    </UnitTest>
    <UnitTest name="RunCallsProfileRunnerAndUsesImpersonationWithUserDetails" storage="slackerrunner.unittests.dll" id="4fba17f7-bb74-6bed-3723-efc19948cf83">
      <Execution id="23b12b66-0439-49b3-a9b4-d94f6a08b684" />
      <TestMethod codeBase="C:/work/tfs/solvas/SlackerRunner/SlackerRunner.UnitTests/bin/Debug/SlackerRunner.UnitTests.dll" adapterTypeName="Microsoft.VisualStudio.TestTools.TestTypes.Unit.UnitTestAdapter, Microsoft.VisualStudio.QualityTools.Tips.UnitTest.Adapter, Version=12.0.0.0, Culture=neutral, PublicKeyToken=b03f5f7f11d50a3a" className="SlackerRunner.UnitTests.SlackerServiceTest, SlackerRunner.UnitTests, Version=1.0.0.0, Culture=neutral, PublicKeyToken=null" name="RunCallsProfileRunnerAndUsesImpersonationWithUserDetails" />
    </UnitTest>
  </TestDefinitions>
  <TestLists>
    <TestList name="Results Not in a List" id="8c84fa94-04c1-424b-9868-57a2d4851a1d" />
    <TestList name="All Loaded Results" id="19431567-8539-422a-85d7-44ee4e166bda" />
  </TestLists>
  <TestEntries>
    <TestEntry testId="ca0a7d22-ea2f-524d-e6b5-a775db1007f2" executionId="be9cdbe6-622c-4689-82ff-607d052d175e" testListId="8c84fa94-04c1-424b-9868-57a2d4851a1d" />
    <TestEntry testId="14d156ff-b5f7-7766-80c7-a843c9858615" executionId="3df9f32c-d037-43af-8421-12e021459229" testListId="8c84fa94-04c1-424b-9868-57a2d4851a1d" />
    <TestEntry testId="fdda4e33-12d4-09a1-fae3-bef85dcc8f83" executionId="f73eefd2-92df-47ee-9340-31fbddcd9b8a" testListId="8c84fa94-04c1-424b-9868-57a2d4851a1d" />
    <TestEntry testId="ff9f57a5-be5c-83c2-9e6a-f2ba9a9a692a" executionId="8ac99fe5-b997-4267-95d6-b9f27cb9972c" testListId="8c84fa94-04c1-424b-9868-57a2d4851a1d" />
    <TestEntry testId="c9090656-599e-54a6-45f5-8236fbe25294" executionId="f75c903b-eed1-430e-a2e5-badc59925b82" testListId="8c84fa94-04c1-424b-9868-57a2d4851a1d" />
    <TestEntry testId="e0650994-a47c-eb00-a2e8-b654609f2f52" executionId="0352c274-6fd9-462c-b37b-134a1cc9e7ac" testListId="8c84fa94-04c1-424b-9868-57a2d4851a1d" />
    <TestEntry testId="e1ac3e39-4dcc-a2f5-ede8-2f3b3696b35d" executionId="8c0bd923-d85d-4468-81f1-575acdad54ad" testListId="8c84fa94-04c1-424b-9868-57a2d4851a1d" />
    <TestEntry testId="a265b0cf-4e94-0699-17ef-1e3ec4ee450c" executionId="1d41c2d0-52de-48ff-a5c3-8df671691f24" testListId="8c84fa94-04c1-424b-9868-57a2d4851a1d" />
    <TestEntry testId="cb5deacb-08b0-0b7c-6dc1-12a9db130e1f" executionId="c769fadc-d2a6-46a9-b6b0-356930425793" testListId="8c84fa94-04c1-424b-9868-57a2d4851a1d" />
    <TestEntry testId="dbf56de4-9d5a-7729-5082-b5b9e45a1d75" executionId="144abbac-7faf-47ef-a10f-bc62755e45e8" testListId="8c84fa94-04c1-424b-9868-57a2d4851a1d" />
    <TestEntry testId="4fba17f7-bb74-6bed-3723-efc19948cf83" executionId="23b12b66-0439-49b3-a9b4-d94f6a08b684" testListId="8c84fa94-04c1-424b-9868-57a2d4851a1d" />
  </TestEntries>
  <Results>
    <UnitTestResult executionId="be9cdbe6-622c-4689-82ff-607d052d175e" testId="ca0a7d22-ea2f-524d-e6b5-a775db1007f2" testName="RunCallsFactoyToCreateProcessWrapperAndRunsProcess" computerName="USDENOKRISTJAN3" duration="00:00:00.1581752" startTime="2015-05-20T19:43:17.8372190-06:00" endTime="2015-05-20T19:43:18.2063581-06:00" testType="13cdc9d9-ddb5-4fa4-a97d-d965ccfc6d4b" outcome="Passed" testListId="8c84fa94-04c1-424b-9868-57a2d4851a1d" relativeResultsDirectory="be9cdbe6-622c-4689-82ff-607d052d175e">
    </UnitTestResult>
    <UnitTestResult executionId="3df9f32c-d037-43af-8421-12e021459229" testId="14d156ff-b5f7-7766-80c7-a843c9858615" testName="BuildReturnsStartInfoWithCorrectParameters" computerName="USDENOKRISTJAN3" duration="00:00:00.0020090" startTime="2015-05-20T19:43:18.2103656-06:00" endTime="2015-05-20T19:43:18.2163659-06:00" testType="13cdc9d9-ddb5-4fa4-a97d-d965ccfc6d4b" outcome="Passed" testListId="8c84fa94-04c1-424b-9868-57a2d4851a1d" relativeResultsDirectory="3df9f32c-d037-43af-8421-12e021459229">
    </UnitTestResult>
    <UnitTestResult executionId="f73eefd2-92df-47ee-9340-31fbddcd9b8a" testId="fdda4e33-12d4-09a1-fae3-bef85dcc8f83" testName="RunCallsProcessRunnerAndResultsValidatorAndSetsPassedToTrueWhenValid" computerName="USDENOKRISTJAN3" duration="00:00:00.0532084" startTime="2015-05-20T19:43:18.2193685-06:00" endTime="2015-05-20T19:43:18.2744149-06:00" testType="13cdc9d9-ddb5-4fa4-a97d-d965ccfc6d4b" outcome="Passed" testListId="8c84fa94-04c1-424b-9868-57a2d4851a1d" relativeResultsDirectory="f73eefd2-92df-47ee-9340-31fbddcd9b8a">
    </UnitTestResult>
    <UnitTestResult executionId="8ac99fe5-b997-4267-95d6-b9f27cb9972c" testId="ff9f57a5-be5c-83c2-9e6a-f2ba9a9a692a" testName="ParseReturnsFailedSpecsWhenAllPassed" computerName="USDENOKRISTJAN3" duration="00:00:00.0070492" startTime="2015-05-20T19:43:18.2794176-06:00" endTime="2015-05-20T19:43:18.2894250-06:00" testType="13cdc9d9-ddb5-4fa4-a97d-d965ccfc6d4b" outcome="Passed" testListId="8c84fa94-04c1-424b-9868-57a2d4851a1d" relativeResultsDirectory="8ac99fe5-b997-4267-95d6-b9f27cb9972c">
      <Output>
        <StdOut>HEllo tests
Beachcomber ((local)
Passed: True
Passed Specs: 3
Failed Specs: 0
Seconds: 0.11845</StdOut>
        <DebugTrace>HEllo tests - debug
</DebugTrace>
      </Output>
    </UnitTestResult>
    <UnitTestResult executionId="f75c903b-eed1-430e-a2e5-badc59925b82" testId="c9090656-599e-54a6-45f5-8236fbe25294" testName="ParseReturnsFailedSpecsWhenSomeFailed" computerName="USDENOKRISTJAN3" duration="00:00:00.0049592" startTime="2015-05-20T19:43:18.2954306-06:00" endTime="2015-05-20T19:43:18.3034367-06:00" testType="13cdc9d9-ddb5-4fa4-a97d-d965ccfc6d4b" outcome="Passed" testListId="8c84fa94-04c1-424b-9868-57a2d4851a1d" relativeResultsDirectory="f75c903b-eed1-430e-a2e5-badc59925b82">
      <Output>
        <StdOut>HEllo tests
Beachcomber ((local)
Passed: False
Passed Specs: 2
Failed Specs: 1
Seconds: 0.11845</StdOut>
        <DebugTrace>HEllo tests - debug
</DebugTrace>
      </Output>
    </UnitTestResult>
    <UnitTestResult executionId="0352c274-6fd9-462c-b37b-134a1cc9e7ac" testId="e0650994-a47c-eb00-a2e8-b654609f2f52" testName="ParseReturnsFalseWhenStandardErrorNotNull" computerName="USDENOKRISTJAN3" duration="00:00:00.0072982" startTime="2015-05-20T19:43:18.3064394-06:00" endTime="2015-05-20T19:43:18.3164475-06:00" testType="13cdc9d9-ddb5-4fa4-a97d-d965ccfc6d4b" outcome="Passed" testListId="8c84fa94-04c1-424b-9868-57a2d4851a1d" relativeResultsDirectory="0352c274-6fd9-462c-b37b-134a1cc9e7ac">
      <Output>
        <StdOut>HEllo tests
Beachcomber ((local)
Passed: False
Passed Specs: 3
Failed Specs: 0
Seconds: 0.11845</StdOut>
        <DebugTrace>HEllo tests - debug
</DebugTrace>
      </Output>
    </UnitTestResult>
    <UnitTestResult executionId="8c0bd923-d85d-4468-81f1-575acdad54ad" testId="e1ac3e39-4dcc-a2f5-ede8-2f3b3696b35d" testName="ValidateReturnsFalseWhenOutResultsHaveFailedScenario" computerName="USDENOKRISTJAN3" duration="00:00:00.0046772" startTime="2015-05-20T19:43:18.3194497-06:00" endTime="2015-05-20T19:43:18.3264613-06:00" testType="13cdc9d9-ddb5-4fa4-a97d-d965ccfc6d4b" outcome="Passed" testListId="8c84fa94-04c1-424b-9868-57a2d4851a1d" relativeResultsDirectory="8c0bd923-d85d-4468-81f1-575acdad54ad">
      <Output>
        <StdOut>HEllo tests
Beachcomber ((local)
Passed: False
Passed Specs: 2
Failed Specs: 1
Seconds: 0.11845</StdOut>
        <DebugTrace>HEllo tests - debug
</DebugTrace>
      </Output>
    </UnitTestResult>
    <UnitTestResult executionId="1d41c2d0-52de-48ff-a5c3-8df671691f24" testId="a265b0cf-4e94-0699-17ef-1e3ec4ee450c" testName="ValidateReturnsTrueWhenOutputResultsPassedAndErrorIsEmpty" computerName="USDENOKRISTJAN3" duration="00:00:00.0043955" startTime="2015-05-20T19:43:18.3304589-06:00" endTime="2015-05-20T19:43:18.3374659-06:00" testType="13cdc9d9-ddb5-4fa4-a97d-d965ccfc6d4b" outcome="Passed" testListId="8c84fa94-04c1-424b-9868-57a2d4851a1d" relativeResultsDirectory="1d41c2d0-52de-48ff-a5c3-8df671691f24">
      <Output>
        <StdOut>HEllo tests
Beachcomber ((local)
Passed: True
Passed Specs: 3
Failed Specs: 0
Seconds: 0.11845</StdOut>
        <DebugTrace>HEllo tests - debug
</DebugTrace>
      </Output>
    </UnitTestResult>
    <UnitTestResult executionId="c769fadc-d2a6-46a9-b6b0-356930425793" testId="cb5deacb-08b0-0b7c-6dc1-12a9db130e1f" testName="ValidateReturnsTrueWhenOutputResultsPassedAndErrorIsNull" computerName="USDENOKRISTJAN3" duration="00:00:00.0122122" startTime="2015-05-20T19:43:18.3394660-06:00" endTime="2015-05-20T19:43:18.3554790-06:00" testType="13cdc9d9-ddb5-4fa4-a97d-d965ccfc6d4b" outcome="Passed" testListId="8c84fa94-04c1-424b-9868-57a2d4851a1d" relativeResultsDirectory="c769fadc-d2a6-46a9-b6b0-356930425793">
      <Output>
        <StdOut>HEllo tests
Beachcomber ((local)
Passed: True
Passed Specs: 3
Failed Specs: 0
Seconds: 0.11845</StdOut>
        <DebugTrace>HEllo tests - debug
</DebugTrace>
      </Output>
    </UnitTestResult>
    <UnitTestResult executionId="144abbac-7faf-47ef-a10f-bc62755e45e8" testId="dbf56de4-9d5a-7729-5082-b5b9e45a1d75" testName="RunCallsProfileRunner" computerName="USDENOKRISTJAN3" duration="00:00:00.0626073" startTime="2015-05-20T19:43:18.3654871-06:00" endTime="2015-05-20T19:43:18.4315407-06:00" testType="13cdc9d9-ddb5-4fa4-a97d-d965ccfc6d4b" outcome="Passed" testListId="8c84fa94-04c1-424b-9868-57a2d4851a1d" relativeResultsDirectory="144abbac-7faf-47ef-a10f-bc62755e45e8">
    </UnitTestResult>
    <UnitTestResult executionId="23b12b66-0439-49b3-a9b4-d94f6a08b684" testId="4fba17f7-bb74-6bed-3723-efc19948cf83" testName="RunCallsProfileRunnerAndUsesImpersonationWithUserDetails" computerName="USDENOKRISTJAN3" duration="00:00:00.0199571" startTime="2015-05-20T19:43:18.4345430-06:00" endTime="2015-05-20T19:43:18.4565612-06:00" testType="13cdc9d9-ddb5-4fa4-a97d-d965ccfc6d4b" outcome="Passed" testListId="8c84fa94-04c1-424b-9868-57a2d4851a1d" relativeResultsDirectory="23b12b66-0439-49b3-a9b4-d94f6a08b684">
    </UnitTestResult>
  </Results>
</TestRun>