<?xml version="1.0" encoding="UTF-8"?>
<TestRun id="6b89583f-4841-48c0-a567-a8774503707e" name="okristjansson@USDENOKRISTJAN3 2015-05-20 19:44:55" runUser="US\okristjansson" xmlns="http://microsoft.com/schemas/VisualStudio/TeamTest/2010">
  <TestSettings name="Default Test Settings" id="8b8b518e-7cf3-4e54-852e-7f852a9b5ae3">
    <Execution>
      <TestTypeSpecific />
      <AgentRule name="Execution Agents">
      </AgentRule>
    </Execution>
    <Deployment runDeploymentRoot="okristjansson_USDENOKRISTJAN3 2015-05-20 19_44_55" />
    <Properties />
  </TestSettings>
  <Times creation="2015-05-20T19:44:55.5140978-06:00" queuing="2015-05-20T19:44:55.9935035-06:00" start="2015-05-20T19:44:56.0745512-06:00" finish="2015-05-20T19:44:56.7597639-06:00" />
  <ResultSummary outcome="Completed">
    <Counters total="11" executed="11" passed="11" error="0" failed="0" timeout="0" aborted="0" inconclusive="0" passedButRunAborted="0" notRunnable="0" notExecuted="0" disconnected="0" warning="0" completed="0" inProgress="0" pending="0" />
  </ResultSummary>
  <TestDefinitions>
    <UnitTest name="BuildReturnsStartInfoWithCorrectParameters" storage="slackerrunner.unittests.dll" id="14d156ff-b5f7-7766-80c7-a843c9858615">
      <Execution id="cc1c7e89-a59d-461a-87e7-c72d8677ce89" />
      <TestMethod codeBase="C:/work/tfs/solvas/SlackerRunner/SlackerRunner.UnitTests/bin/Debug/SlackerRunner.UnitTests.dll" adapterTypeName="Microsoft.VisualStudio.TestTools.TestTypes.Unit.UnitTestAdapter, Microsoft.VisualStudio.QualityTools.Tips.UnitTest.Adapter, Version=12.0.0.0, Culture=neutral, PublicKeyToken=b03f5f7f11d50a3a" className="SlackerRunner.UnitTests.ProcessStartInfoBuilderTest, SlackerRunner.UnitTests, Version=1.0.0.0, Culture=neutral, PublicKeyToken=null" name="BuildReturnsStartInfoWithCorrectParameters" />
    </UnitTest>
    <UnitTest name="ValidateReturnsTrueWhenOutputResultsPassedAndErrorIsEmpty" storage="slackerrunner.unittests.dll" id="a265b0cf-4e94-0699-17ef-1e3ec4ee450c">
      <Execution id="13d28cae-6182-45df-b177-5d88b225546d" />
      <TestMethod codeBase="C:/work/tfs/solvas/SlackerRunner/SlackerRunner.UnitTests/bin/Debug/SlackerRunner.UnitTests.dll" adapterTypeName="Microsoft.VisualStudio.TestTools.TestTypes.Unit.UnitTestAdapter, Microsoft.VisualStudio.QualityTools.Tips.UnitTest.Adapter, Version=12.0.0.0, Culture=neutral, PublicKeyToken=b03f5f7f11d50a3a" className="SlackerRunner.UnitTests.ResultsParserTest, SlackerRunner.UnitTests, Version=1.0.0.0, Culture=neutral, PublicKeyToken=null" name="ValidateReturnsTrueWhenOutputResultsPassedAndErrorIsEmpty" />
    </UnitTest>
    <UnitTest name="ValidateReturnsTrueWhenOutputResultsPassedAndErrorIsNull" storage="slackerrunner.unittests.dll" id="cb5deacb-08b0-0b7c-6dc1-12a9db130e1f">
      <Execution id="893a0964-51b6-47cc-be98-97380433dba0" />
      <TestMethod codeBase="C:/work/tfs/solvas/SlackerRunner/SlackerRunner.UnitTests/bin/Debug/SlackerRunner.UnitTests.dll" adapterTypeName="Microsoft.VisualStudio.TestTools.TestTypes.Unit.UnitTestAdapter, Microsoft.VisualStudio.QualityTools.Tips.UnitTest.Adapter, Version=12.0.0.0, Culture=neutral, PublicKeyToken=b03f5f7f11d50a3a" className="SlackerRunner.UnitTests.ResultsParserTest, SlackerRunner.UnitTests, Version=1.0.0.0, Culture=neutral, PublicKeyToken=null" name="ValidateReturnsTrueWhenOutputResultsPassedAndErrorIsNull" />
    </UnitTest>
    <UnitTest name="RunCallsProcessRunnerAndResultsValidatorAndSetsPassedToTrueWhenValid" storage="slackerrunner.unittests.dll" id="fdda4e33-12d4-09a1-fae3-bef85dcc8f83">
      <Execution id="cf2a6a05-2945-4382-a0bb-7b6680c7efff" />
      <TestMethod codeBase="C:/work/tfs/solvas/SlackerRunner/SlackerRunner.UnitTests/bin/Debug/SlackerRunner.UnitTests.dll" adapterTypeName="Microsoft.VisualStudio.TestTools.TestTypes.Unit.UnitTestAdapter, Microsoft.VisualStudio.QualityTools.Tips.UnitTest.Adapter, Version=12.0.0.0, Culture=neutral, PublicKeyToken=b03f5f7f11d50a3a" className="SlackerRunner.UnitTests.ProfileRunnerTest, SlackerRunner.UnitTests, Version=1.0.0.0, Culture=neutral, PublicKeyToken=null" name="RunCallsProcessRunnerAndResultsValidatorAndSetsPassedToTrueWhenValid" />
    </UnitTest>
    <UnitTest name="ParseReturnsFailedSpecsWhenSomeFailed" storage="slackerrunner.unittests.dll" id="c9090656-599e-54a6-45f5-8236fbe25294">
      <Execution id="7120b7f8-6e48-48b5-9d8c-5735de1d2963" />
      <TestMethod codeBase="C:/work/tfs/solvas/SlackerRunner/SlackerRunner.UnitTests/bin/Debug/SlackerRunner.UnitTests.dll" adapterTypeName="Microsoft.VisualStudio.TestTools.TestTypes.Unit.UnitTestAdapter, Microsoft.VisualStudio.QualityTools.Tips.UnitTest.Adapter, Version=12.0.0.0, Culture=neutral, PublicKeyToken=b03f5f7f11d50a3a" className="SlackerRunner.UnitTests.ResultsParserTest, SlackerRunner.UnitTests, Version=1.0.0.0, Culture=neutral, PublicKeyToken=null" name="ParseReturnsFailedSpecsWhenSomeFailed" />
    </UnitTest>
    <UnitTest name="RunCallsFactoyToCreateProcessWrapperAndRunsProcess" storage="slackerrunner.unittests.dll" id="ca0a7d22-ea2f-524d-e6b5-a775db1007f2">
      <Execution id="710b2260-29f2-4649-b117-786774cf675d" />
      <TestMethod codeBase="C:/work/tfs/solvas/SlackerRunner/SlackerRunner.UnitTests/bin/Debug/SlackerRunner.UnitTests.dll" adapterTypeName="Microsoft.VisualStudio.TestTools.TestTypes.Unit.UnitTestAdapter, Microsoft.VisualStudio.QualityTools.Tips.UnitTest.Adapter, Version=12.0.0.0, Culture=neutral, PublicKeyToken=b03f5f7f11d50a3a" className="SlackerRunner.UnitTests.ProcessRunnerTest, SlackerRunner.UnitTests, Version=1.0.0.0, Culture=neutral, PublicKeyToken=null" name="RunCallsFactoyToCreateProcessWrapperAndRunsProcess" />
    </UnitTest>
    <UnitTest name="ValidateReturnsFalseWhenOutResultsHaveFailedScenario" storage="slackerrunner.unittests.dll" id="e1ac3e39-4dcc-a2f5-ede8-2f3b3696b35d">
      <Execution id="863c2b00-64fc-46ee-9f38-0305b1804b4b" />
      <TestMethod codeBase="C:/work/tfs/solvas/SlackerRunner/SlackerRunner.UnitTests/bin/Debug/SlackerRunner.UnitTests.dll" adapterTypeName="Microsoft.VisualStudio.TestTools.TestTypes.Unit.UnitTestAdapter, Microsoft.VisualStudio.QualityTools.Tips.UnitTest.Adapter, Version=12.0.0.0, Culture=neutral, PublicKeyToken=b03f5f7f11d50a3a" className="SlackerRunner.UnitTests.ResultsParserTest, SlackerRunner.UnitTests, Version=1.0.0.0, Culture=neutral, PublicKeyToken=null" name="ValidateReturnsFalseWhenOutResultsHaveFailedScenario" />
    </UnitTest>
    <UnitTest name="ParseReturnsFailedSpecsWhenAllPassed" storage="slackerrunner.unittests.dll" id="ff9f57a5-be5c-83c2-9e6a-f2ba9a9a692a">
      <Execution id="68dc070a-ae89-4199-ac34-ebd8abc90c86" />
      <TestMethod codeBase="C:/work/tfs/solvas/SlackerRunner/SlackerRunner.UnitTests/bin/Debug/SlackerRunner.UnitTests.dll" adapterTypeName="Microsoft.VisualStudio.TestTools.TestTypes.Unit.UnitTestAdapter, Microsoft.VisualStudio.QualityTools.Tips.UnitTest.Adapter, Version=12.0.0.0, Culture=neutral, PublicKeyToken=b03f5f7f11d50a3a" className="SlackerRunner.UnitTests.ResultsParserTest, SlackerRunner.UnitTests, Version=1.0.0.0, Culture=neutral, PublicKeyToken=null" name="ParseReturnsFailedSpecsWhenAllPassed" />
    </UnitTest>
    <UnitTest name="RunCallsProfileRunner" storage="slackerrunner.unittests.dll" id="dbf56de4-9d5a-7729-5082-b5b9e45a1d75">
      <Execution id="8615719e-c1d1-4e28-88fa-f05969d1507b" />
      <TestMethod codeBase="C:/work/tfs/solvas/SlackerRunner/SlackerRunner.UnitTests/bin/Debug/SlackerRunner.UnitTests.dll" adapterTypeName="Microsoft.VisualStudio.TestTools.TestTypes.Unit.UnitTestAdapter, Microsoft.VisualStudio.QualityTools.Tips.UnitTest.Adapter, Version=12.0.0.0, Culture=neutral, PublicKeyToken=b03f5f7f11d50a3a" className="SlackerRunner.UnitTests.SlackerServiceTest, SlackerRunner.UnitTests, Version=1.0.0.0, Culture=neutral, PublicKeyToken=null" name="RunCallsProfileRunner" />
    </UnitTest>
    <UnitTest name="ParseReturnsFalseWhenStandardErrorNotNull" storage="slackerrunner.unittests.dll" id="e0650994-a47c-eb00-a2e8-b654609f2f52">
      <Execution id="c79afcbf-0ae6-420d-a560-23243a9d8b52" />
      <TestMethod codeBase="C:/work/tfs/solvas/SlackerRunner/SlackerRunner.UnitTests/bin/Debug/SlackerRunner.UnitTests.dll" adapterTypeName="Microsoft.VisualStudio.TestTools.TestTypes.Unit.UnitTestAdapter, Microsoft.VisualStudio.QualityTools.Tips.UnitTest.Adapter, Version=12.0.0.0, Culture=neutral, PublicKeyToken=b03f5f7f11d50a3a" className="SlackerRunner.UnitTests.ResultsParserTest, SlackerRunner.UnitTests, Version=1.0.0.0, Culture=neutral, PublicKeyToken=null" name="ParseReturnsFalseWhenStandardErrorNotNull" />
    </UnitTest>
    <UnitTest name="RunCallsProfileRunnerAndUsesImpersonationWithUserDetails" storage="slackerrunner.unittests.dll" id="4fba17f7-bb74-6bed-3723-efc19948cf83">
      <Execution id="8d997df6-60d8-4d5b-a478-10309caa3a34" />
      <TestMethod codeBase="C:/work/tfs/solvas/SlackerRunner/SlackerRunner.UnitTests/bin/Debug/SlackerRunner.UnitTests.dll" adapterTypeName="Microsoft.VisualStudio.TestTools.TestTypes.Unit.UnitTestAdapter, Microsoft.VisualStudio.QualityTools.Tips.UnitTest.Adapter, Version=12.0.0.0, Culture=neutral, PublicKeyToken=b03f5f7f11d50a3a" className="SlackerRunner.UnitTests.SlackerServiceTest, SlackerRunner.UnitTests, Version=1.0.0.0, Culture=neutral, PublicKeyToken=null" name="RunCallsProfileRunnerAndUsesImpersonationWithUserDetails" />
    </UnitTest>
  </TestDefinitions>
  <TestLists>
    <TestList name="Results Not in a List" id="8c84fa94-04c1-424b-9868-57a2d4851a1d" />
    <TestList name="All Loaded Results" id="19431567-8539-422a-85d7-44ee4e166bda" />
  </TestLists>
  <TestEntries>
    <TestEntry testId="ca0a7d22-ea2f-524d-e6b5-a775db1007f2" executionId="710b2260-29f2-4649-b117-786774cf675d" testListId="8c84fa94-04c1-424b-9868-57a2d4851a1d" />
    <TestEntry testId="14d156ff-b5f7-7766-80c7-a843c9858615" executionId="cc1c7e89-a59d-461a-87e7-c72d8677ce89" testListId="8c84fa94-04c1-424b-9868-57a2d4851a1d" />
    <TestEntry testId="fdda4e33-12d4-09a1-fae3-bef85dcc8f83" executionId="cf2a6a05-2945-4382-a0bb-7b6680c7efff" testListId="8c84fa94-04c1-424b-9868-57a2d4851a1d" />
    <TestEntry testId="ff9f57a5-be5c-83c2-9e6a-f2ba9a9a692a" executionId="68dc070a-ae89-4199-ac34-ebd8abc90c86" testListId="8c84fa94-04c1-424b-9868-57a2d4851a1d" />
    <TestEntry testId="c9090656-599e-54a6-45f5-8236fbe25294" executionId="7120b7f8-6e48-48b5-9d8c-5735de1d2963" testListId="8c84fa94-04c1-424b-9868-57a2d4851a1d" />
    <TestEntry testId="e0650994-a47c-eb00-a2e8-b654609f2f52" executionId="c79afcbf-0ae6-420d-a560-23243a9d8b52" testListId="8c84fa94-04c1-424b-9868-57a2d4851a1d" />
    <TestEntry testId="e1ac3e39-4dcc-a2f5-ede8-2f3b3696b35d" executionId="863c2b00-64fc-46ee-9f38-0305b1804b4b" testListId="8c84fa94-04c1-424b-9868-57a2d4851a1d" />
    <TestEntry testId="a265b0cf-4e94-0699-17ef-1e3ec4ee450c" executionId="13d28cae-6182-45df-b177-5d88b225546d" testListId="8c84fa94-04c1-424b-9868-57a2d4851a1d" />
    <TestEntry testId="cb5deacb-08b0-0b7c-6dc1-12a9db130e1f" executionId="893a0964-51b6-47cc-be98-97380433dba0" testListId="8c84fa94-04c1-424b-9868-57a2d4851a1d" />
    <TestEntry testId="dbf56de4-9d5a-7729-5082-b5b9e45a1d75" executionId="8615719e-c1d1-4e28-88fa-f05969d1507b" testListId="8c84fa94-04c1-424b-9868-57a2d4851a1d" />
    <TestEntry testId="4fba17f7-bb74-6bed-3723-efc19948cf83" executionId="8d997df6-60d8-4d5b-a478-10309caa3a34" testListId="8c84fa94-04c1-424b-9868-57a2d4851a1d" />
  </TestEntries>
  <Results>
    <UnitTestResult executionId="710b2260-29f2-4649-b117-786774cf675d" testId="ca0a7d22-ea2f-524d-e6b5-a775db1007f2" testName="RunCallsFactoyToCreateProcessWrapperAndRunsProcess" computerName="USDENOKRISTJAN3" duration="00:00:00.1599059" startTime="2015-05-20T19:44:56.0972447-06:00" endTime="2015-05-20T19:44:56.4695283-06:00" testType="13cdc9d9-ddb5-4fa4-a97d-d965ccfc6d4b" outcome="Passed" testListId="8c84fa94-04c1-424b-9868-57a2d4851a1d" relativeResultsDirectory="710b2260-29f2-4649-b117-786774cf675d">
    </UnitTestResult>
    <UnitTestResult executionId="cc1c7e89-a59d-461a-87e7-c72d8677ce89" testId="14d156ff-b5f7-7766-80c7-a843c9858615" testName="BuildReturnsStartInfoWithCorrectParameters" computerName="USDENOKRISTJAN3" duration="00:00:00.0017140" startTime="2015-05-20T19:44:56.4715299-06:00" endTime="2015-05-20T19:44:56.4755331-06:00" testType="13cdc9d9-ddb5-4fa4-a97d-d965ccfc6d4b" outcome="Passed" testListId="8c84fa94-04c1-424b-9868-57a2d4851a1d" relativeResultsDirectory="cc1c7e89-a59d-461a-87e7-c72d8677ce89">
    </UnitTestResult>
    <UnitTestResult executionId="cf2a6a05-2945-4382-a0bb-7b6680c7efff" testId="fdda4e33-12d4-09a1-fae3-bef85dcc8f83" testName="RunCallsProcessRunnerAndResultsValidatorAndSetsPassedToTrueWhenValid" computerName="USDENOKRISTJAN3" duration="00:00:00.0513328" startTime="2015-05-20T19:44:56.4785358-06:00" endTime="2015-05-20T19:44:56.5325800-06:00" testType="13cdc9d9-ddb5-4fa4-a97d-d965ccfc6d4b" outcome="Passed" testListId="8c84fa94-04c1-424b-9868-57a2d4851a1d" relativeResultsDirectory="cf2a6a05-2945-4382-a0bb-7b6680c7efff">
    </UnitTestResult>
    <UnitTestResult executionId="68dc070a-ae89-4199-ac34-ebd8abc90c86" testId="ff9f57a5-be5c-83c2-9e6a-f2ba9a9a692a" testName="ParseReturnsFailedSpecsWhenAllPassed" computerName="USDENOKRISTJAN3" duration="00:00:00.0075841" startTime="2015-05-20T19:44:56.5365863-06:00" endTime="2015-05-20T19:44:56.5465925-06:00" testType="13cdc9d9-ddb5-4fa4-a97d-d965ccfc6d4b" outcome="Passed" testListId="8c84fa94-04c1-424b-9868-57a2d4851a1d" relativeResultsDirectory="68dc070a-ae89-4199-ac34-ebd8abc90c86">
      <Output>
        <StdOut>Beachcomber ((local))
Passed: True
Passed Specs: 3
Failed Specs: 0
Seconds: 0.11845</StdOut>
      </Output>
    </UnitTestResult>
    <UnitTestResult executionId="7120b7f8-6e48-48b5-9d8c-5735de1d2963" testId="c9090656-599e-54a6-45f5-8236fbe25294" testName="ParseReturnsFailedSpecsWhenSomeFailed" computerName="USDENOKRISTJAN3" duration="00:00:00.0056366" startTime="2015-05-20T19:44:56.5485926-06:00" endTime="2015-05-20T19:44:56.5576009-06:00" testType="13cdc9d9-ddb5-4fa4-a97d-d965ccfc6d4b" outcome="Passed" testListId="8c84fa94-04c1-424b-9868-57a2d4851a1d" relativeResultsDirectory="7120b7f8-6e48-48b5-9d8c-5735de1d2963">
      <Output>
        <StdOut>Beachcomber ((local))
Passed: False
Passed Specs: 2
Failed Specs: 1
Seconds: 0.11845</StdOut>
      </Output>
    </UnitTestResult>
    <UnitTestResult executionId="c79afcbf-0ae6-420d-a560-23243a9d8b52" testId="e0650994-a47c-eb00-a2e8-b654609f2f52" testName="ParseReturnsFalseWhenStandardErrorNotNull" computerName="USDENOKRISTJAN3" duration="00:00:00.0073149" startTime="2015-05-20T19:44:56.5606024-06:00" endTime="2015-05-20T19:44:56.5726129-06:00" testType="13cdc9d9-ddb5-4fa4-a97d-d965ccfc6d4b" outcome="Passed" testListId="8c84fa94-04c1-424b-9868-57a2d4851a1d" relativeResultsDirectory="c79afcbf-0ae6-420d-a560-23243a9d8b52">
      <Output>
        <StdOut>Beachcomber ((local))
Passed: False
Passed Specs: 3
Failed Specs: 0
Seconds: 0.11845</StdOut>
      </Output>
    </UnitTestResult>
    <UnitTestResult executionId="863c2b00-64fc-46ee-9f38-0305b1804b4b" testId="e1ac3e39-4dcc-a2f5-ede8-2f3b3696b35d" testName="ValidateReturnsFalseWhenOutResultsHaveFailedScenario" computerName="USDENOKRISTJAN3" duration="00:00:00.0048296" startTime="2015-05-20T19:44:56.5756148-06:00" endTime="2015-05-20T19:44:56.5826214-06:00" testType="13cdc9d9-ddb5-4fa4-a97d-d965ccfc6d4b" outcome="Passed" testListId="8c84fa94-04c1-424b-9868-57a2d4851a1d" relativeResultsDirectory="863c2b00-64fc-46ee-9f38-0305b1804b4b">
      <Output>
        <StdOut>Beachcomber ((local))
Passed: False
Passed Specs: 2
Failed Specs: 1
Seconds: 0.11845</StdOut>
      </Output>
    </UnitTestResult>
    <UnitTestResult executionId="13d28cae-6182-45df-b177-5d88b225546d" testId="a265b0cf-4e94-0699-17ef-1e3ec4ee450c" testName="ValidateReturnsTrueWhenOutputResultsPassedAndErrorIsEmpty" computerName="USDENOKRISTJAN3" duration="00:00:00.0065413" startTime="2015-05-20T19:44:56.5876241-06:00" endTime="2015-05-20T19:44:56.5956310-06:00" testType="13cdc9d9-ddb5-4fa4-a97d-d965ccfc6d4b" outcome="Passed" testListId="8c84fa94-04c1-424b-9868-57a2d4851a1d" relativeResultsDirectory="13d28cae-6182-45df-b177-5d88b225546d">
      <Output>
        <StdOut>Beachcomber ((local))
Passed: True
Passed Specs: 3
Failed Specs: 0
Seconds: 0.11845</StdOut>
      </Output>
    </UnitTestResult>
    <UnitTestResult executionId="893a0964-51b6-47cc-be98-97380433dba0" testId="cb5deacb-08b0-0b7c-6dc1-12a9db130e1f" testName="ValidateReturnsTrueWhenOutputResultsPassedAndErrorIsNull" computerName="USDENOKRISTJAN3" duration="00:00:00.0057248" startTime="2015-05-20T19:44:56.5986333-06:00" endTime="2015-05-20T19:44:56.6076427-06:00" testType="13cdc9d9-ddb5-4fa4-a97d-d965ccfc6d4b" outcome="Passed" testListId="8c84fa94-04c1-424b-9868-57a2d4851a1d" relativeResultsDirectory="893a0964-51b6-47cc-be98-97380433dba0">
      <Output>
        <StdOut>Beachcomber ((local))
Passed: True
Passed Specs: 3
Failed Specs: 0
Seconds: 0.11845</StdOut>
      </Output>
    </UnitTestResult>
    <UnitTestResult executionId="8615719e-c1d1-4e28-88fa-f05969d1507b" testId="dbf56de4-9d5a-7729-5082-b5b9e45a1d75" testName="RunCallsProfileRunner" computerName="USDENOKRISTJAN3" duration="00:00:00.0377403" startTime="2015-05-20T19:44:56.6126450-06:00" endTime="2015-05-20T19:44:56.6536785-06:00" testType="13cdc9d9-ddb5-4fa4-a97d-d965ccfc6d4b" outcome="Passed" testListId="8c84fa94-04c1-424b-9868-57a2d4851a1d" relativeResultsDirectory="8615719e-c1d1-4e28-88fa-f05969d1507b">
    </UnitTestResult>
    <UnitTestResult executionId="8d997df6-60d8-4d5b-a478-10309caa3a34" testId="4fba17f7-bb74-6bed-3723-efc19948cf83" testName="RunCallsProfileRunnerAndUsesImpersonationWithUserDetails" computerName="USDENOKRISTJAN3" duration="00:00:00.0359236" startTime="2015-05-20T19:44:56.6566804-06:00" endTime="2015-05-20T19:44:56.6957123-06:00" testType="13cdc9d9-ddb5-4fa4-a97d-d965ccfc6d4b" outcome="Passed" testListId="8c84fa94-04c1-424b-9868-57a2d4851a1d" relativeResultsDirectory="8d997df6-60d8-4d5b-a478-10309caa3a34">
    </UnitTestResult>
  </Results>
</TestRun>