<?xml version="1.0" encoding="UTF-8"?>
<TestRun id="ae0c4be7-ab1a-4540-a613-a2773195069d" name="okristjansson@USDENOKRISTJAN3 2015-05-20 19:41:12" runUser="US\okristjansson" xmlns="http://microsoft.com/schemas/VisualStudio/TeamTest/2010">
  <TestSettings name="Default Test Settings" id="b76468ba-7e94-4262-b29f-0fe4d9582730">
    <Execution>
      <TestTypeSpecific />
      <AgentRule name="Execution Agents">
      </AgentRule>
    </Execution>
    <Deployment runDeploymentRoot="okristjansson_USDENOKRISTJAN3 2015-05-20 19_41_12" />
    <Properties />
  </TestSettings>
  <Times creation="2015-05-20T19:41:12.5093669-06:00" queuing="2015-05-20T19:41:13.0173097-06:00" start="2015-05-20T19:41:13.0943705-06:00" finish="2015-05-20T19:41:13.7498341-06:00" />
  <ResultSummary outcome="Completed">
    <Counters total="11" executed="11" passed="11" error="0" failed="0" timeout="0" aborted="0" inconclusive="0" passedButRunAborted="0" notRunnable="0" notExecuted="0" disconnected="0" warning="0" completed="0" inProgress="0" pending="0" />
  </ResultSummary>
  <TestDefinitions>
    <UnitTest name="BuildReturnsStartInfoWithCorrectParameters" storage="slackerrunner.unittests.dll" id="14d156ff-b5f7-7766-80c7-a843c9858615">
      <Execution id="06731c89-1474-45da-8f68-0a6b19ece7ab" />
      <TestMethod codeBase="C:/work/tfs/solvas/SlackerRunner/SlackerRunner.UnitTests/bin/Debug/SlackerRunner.UnitTests.dll" adapterTypeName="Microsoft.VisualStudio.TestTools.TestTypes.Unit.UnitTestAdapter, Microsoft.VisualStudio.QualityTools.Tips.UnitTest.Adapter, Version=12.0.0.0, Culture=neutral, PublicKeyToken=b03f5f7f11d50a3a" className="SlackerRunner.UnitTests.ProcessStartInfoBuilderTest, SlackerRunner.UnitTests, Version=1.0.0.0, Culture=neutral, PublicKeyToken=null" name="BuildReturnsStartInfoWithCorrectParameters" />
    </UnitTest>
    <UnitTest name="ValidateReturnsTrueWhenOutputResultsPassedAndErrorIsEmpty" storage="slackerrunner.unittests.dll" id="a265b0cf-4e94-0699-17ef-1e3ec4ee450c">
      <Execution id="2930bb36-af79-42a0-a713-280d568212f1" />
      <TestMethod codeBase="C:/work/tfs/solvas/SlackerRunner/SlackerRunner.UnitTests/bin/Debug/SlackerRunner.UnitTests.dll" adapterTypeName="Microsoft.VisualStudio.TestTools.TestTypes.Unit.UnitTestAdapter, Microsoft.VisualStudio.QualityTools.Tips.UnitTest.Adapter, Version=12.0.0.0, Culture=neutral, PublicKeyToken=b03f5f7f11d50a3a" className="SlackerRunner.UnitTests.ResultsParserTest, SlackerRunner.UnitTests, Version=1.0.0.0, Culture=neutral, PublicKeyToken=null" name="ValidateReturnsTrueWhenOutputResultsPassedAndErrorIsEmpty" />
    </UnitTest>
    <UnitTest name="ValidateReturnsTrueWhenOutputResultsPassedAndErrorIsNull" storage="slackerrunner.unittests.dll" id="cb5deacb-08b0-0b7c-6dc1-12a9db130e1f">
      <Execution id="d6b60385-454d-4990-b52b-2b2ffd2127d7" />
      <TestMethod codeBase="C:/work/tfs/solvas/SlackerRunner/SlackerRunner.UnitTests/bin/Debug/SlackerRunner.UnitTests.dll" adapterTypeName="Microsoft.VisualStudio.TestTools.TestTypes.Unit.UnitTestAdapter, Microsoft.VisualStudio.QualityTools.Tips.UnitTest.Adapter, Version=12.0.0.0, Culture=neutral, PublicKeyToken=b03f5f7f11d50a3a" className="SlackerRunner.UnitTests.ResultsParserTest, SlackerRunner.UnitTests, Version=1.0.0.0, Culture=neutral, PublicKeyToken=null" name="ValidateReturnsTrueWhenOutputResultsPassedAndErrorIsNull" />
    </UnitTest>
    <UnitTest name="RunCallsProcessRunnerAndResultsValidatorAndSetsPassedToTrueWhenValid" storage="slackerrunner.unittests.dll" id="fdda4e33-12d4-09a1-fae3-bef85dcc8f83">
      <Execution id="e1a9b3ac-8044-43d0-b6ac-bb1894339cef" />
      <TestMethod codeBase="C:/work/tfs/solvas/SlackerRunner/SlackerRunner.UnitTests/bin/Debug/SlackerRunner.UnitTests.dll" adapterTypeName="Microsoft.VisualStudio.TestTools.TestTypes.Unit.UnitTestAdapter, Microsoft.VisualStudio.QualityTools.Tips.UnitTest.Adapter, Version=12.0.0.0, Culture=neutral, PublicKeyToken=b03f5f7f11d50a3a" className="SlackerRunner.UnitTests.ProfileRunnerTest, SlackerRunner.UnitTests, Version=1.0.0.0, Culture=neutral, PublicKeyToken=null" name="RunCallsProcessRunnerAndResultsValidatorAndSetsPassedToTrueWhenValid" />
    </UnitTest>
    <UnitTest name="ParseReturnsFailedSpecsWhenSomeFailed" storage="slackerrunner.unittests.dll" id="c9090656-599e-54a6-45f5-8236fbe25294">
      <Execution id="493a343e-f2ee-414f-ace4-d07c2bb70669" />
      <TestMethod codeBase="C:/work/tfs/solvas/SlackerRunner/SlackerRunner.UnitTests/bin/Debug/SlackerRunner.UnitTests.dll" adapterTypeName="Microsoft.VisualStudio.TestTools.TestTypes.Unit.UnitTestAdapter, Microsoft.VisualStudio.QualityTools.Tips.UnitTest.Adapter, Version=12.0.0.0, Culture=neutral, PublicKeyToken=b03f5f7f11d50a3a" className="SlackerRunner.UnitTests.ResultsParserTest, SlackerRunner.UnitTests, Version=1.0.0.0, Culture=neutral, PublicKeyToken=null" name="ParseReturnsFailedSpecsWhenSomeFailed" />
    </UnitTest>
    <UnitTest name="RunCallsFactoyToCreateProcessWrapperAndRunsProcess" storage="slackerrunner.unittests.dll" id="ca0a7d22-ea2f-524d-e6b5-a775db1007f2">
      <Execution id="cc59b1de-1334-4cca-a791-7b4ff23517fa" />
      <TestMethod codeBase="C:/work/tfs/solvas/SlackerRunner/SlackerRunner.UnitTests/bin/Debug/SlackerRunner.UnitTests.dll" adapterTypeName="Microsoft.VisualStudio.TestTools.TestTypes.Unit.UnitTestAdapter, Microsoft.VisualStudio.QualityTools.Tips.UnitTest.Adapter, Version=12.0.0.0, Culture=neutral, PublicKeyToken=b03f5f7f11d50a3a" className="SlackerRunner.UnitTests.ProcessRunnerTest, SlackerRunner.UnitTests, Version=1.0.0.0, Culture=neutral, PublicKeyToken=null" name="RunCallsFactoyToCreateProcessWrapperAndRunsProcess" />
    </UnitTest>
    <UnitTest name="ValidateReturnsFalseWhenOutResultsHaveFailedScenario" storage="slackerrunner.unittests.dll" id="e1ac3e39-4dcc-a2f5-ede8-2f3b3696b35d">
      <Execution id="38bed616-4f7b-48bd-a5ff-cf43bb407034" />
      <TestMethod codeBase="C:/work/tfs/solvas/SlackerRunner/SlackerRunner.UnitTests/bin/Debug/SlackerRunner.UnitTests.dll" adapterTypeName="Microsoft.VisualStudio.TestTools.TestTypes.Unit.UnitTestAdapter, Microsoft.VisualStudio.QualityTools.Tips.UnitTest.Adapter, Version=12.0.0.0, Culture=neutral, PublicKeyToken=b03f5f7f11d50a3a" className="SlackerRunner.UnitTests.ResultsParserTest, SlackerRunner.UnitTests, Version=1.0.0.0, Culture=neutral, PublicKeyToken=null" name="ValidateReturnsFalseWhenOutResultsHaveFailedScenario" />
    </UnitTest>
    <UnitTest name="ParseReturnsFailedSpecsWhenAllPassed" storage="slackerrunner.unittests.dll" id="ff9f57a5-be5c-83c2-9e6a-f2ba9a9a692a">
      <Execution id="954c21c9-6019-4dc8-8984-2b8e0f9838a3" />
      <TestMethod codeBase="C:/work/tfs/solvas/SlackerRunner/SlackerRunner.UnitTests/bin/Debug/SlackerRunner.UnitTests.dll" adapterTypeName="Microsoft.VisualStudio.TestTools.TestTypes.Unit.UnitTestAdapter, Microsoft.VisualStudio.QualityTools.Tips.UnitTest.Adapter, Version=12.0.0.0, Culture=neutral, PublicKeyToken=b03f5f7f11d50a3a" className="SlackerRunner.UnitTests.ResultsParserTest, SlackerRunner.UnitTests, Version=1.0.0.0, Culture=neutral, PublicKeyToken=null" name="ParseReturnsFailedSpecsWhenAllPassed" />
    </UnitTest>
    <UnitTest name="RunCallsProfileRunner" storage="slackerrunner.unittests.dll" id="dbf56de4-9d5a-7729-5082-b5b9e45a1d75">
      <Execution id="216342c2-027a-4bbe-b896-37728d9c4a15" />
      <TestMethod codeBase="C:/work/tfs/solvas/SlackerRunner/SlackerRunner.UnitTests/bin/Debug/SlackerRunner.UnitTests.dll" adapterTypeName="Microsoft.VisualStudio.TestTools.TestTypes.Unit.UnitTestAdapter, Microsoft.VisualStudio.QualityTools.Tips.UnitTest.Adapter, Version=12.0.0.0, Culture=neutral, PublicKeyToken=b03f5f7f11d50a3a" className="SlackerRunner.UnitTests.SlackerServiceTest, SlackerRunner.UnitTests, Version=1.0.0.0, Culture=neutral, PublicKeyToken=null" name="RunCallsProfileRunner" />
    </UnitTest>
    <UnitTest name="ParseReturnsFalseWhenStandardErrorNotNull" storage="slackerrunner.unittests.dll" id="e0650994-a47c-eb00-a2e8-b654609f2f52">
      <Execution id="209c7394-a708-4cb0-8c04-a6497bf28596" />
      <TestMethod codeBase="C:/work/tfs/solvas/SlackerRunner/SlackerRunner.UnitTests/bin/Debug/SlackerRunner.UnitTests.dll" adapterTypeName="Microsoft.VisualStudio.TestTools.TestTypes.Unit.UnitTestAdapter, Microsoft.VisualStudio.QualityTools.Tips.UnitTest.Adapter, Version=12.0.0.0, Culture=neutral, PublicKeyToken=b03f5f7f11d50a3a" className="SlackerRunner.UnitTests.ResultsParserTest, SlackerRunner.UnitTests, Version=1.0.0.0, Culture=neutral, PublicKeyToken=null" name="ParseReturnsFalseWhenStandardErrorNotNull" />
    </UnitTest>
    <UnitTest name="RunCallsProfileRunnerAndUsesImpersonationWithUserDetails" storage="slackerrunner.unittests.dll" id="4fba17f7-bb74-6bed-3723-efc19948cf83">
      <Execution id="42f40dc5-78cb-4ac0-9e1f-92cc97b49356" />
      <TestMethod codeBase="C:/work/tfs/solvas/SlackerRunner/SlackerRunner.UnitTests/bin/Debug/SlackerRunner.UnitTests.dll" adapterTypeName="Microsoft.VisualStudio.TestTools.TestTypes.Unit.UnitTestAdapter, Microsoft.VisualStudio.QualityTools.Tips.UnitTest.Adapter, Version=12.0.0.0, Culture=neutral, PublicKeyToken=b03f5f7f11d50a3a" className="SlackerRunner.UnitTests.SlackerServiceTest, SlackerRunner.UnitTests, Version=1.0.0.0, Culture=neutral, PublicKeyToken=null" name="RunCallsProfileRunnerAndUsesImpersonationWithUserDetails" />
    </UnitTest>
  </TestDefinitions>
  <TestLists>
    <TestList name="Results Not in a List" id="8c84fa94-04c1-424b-9868-57a2d4851a1d" />
    <TestList name="All Loaded Results" id="19431567-8539-422a-85d7-44ee4e166bda" />
  </TestLists>
  <TestEntries>
    <TestEntry testId="ca0a7d22-ea2f-524d-e6b5-a775db1007f2" executionId="cc59b1de-1334-4cca-a791-7b4ff23517fa" testListId="8c84fa94-04c1-424b-9868-57a2d4851a1d" />
    <TestEntry testId="14d156ff-b5f7-7766-80c7-a843c9858615" executionId="06731c89-1474-45da-8f68-0a6b19ece7ab" testListId="8c84fa94-04c1-424b-9868-57a2d4851a1d" />
    <TestEntry testId="fdda4e33-12d4-09a1-fae3-bef85dcc8f83" executionId="e1a9b3ac-8044-43d0-b6ac-bb1894339cef" testListId="8c84fa94-04c1-424b-9868-57a2d4851a1d" />
    <TestEntry testId="ff9f57a5-be5c-83c2-9e6a-f2ba9a9a692a" executionId="954c21c9-6019-4dc8-8984-2b8e0f9838a3" testListId="8c84fa94-04c1-424b-9868-57a2d4851a1d" />
    <TestEntry testId="c9090656-599e-54a6-45f5-8236fbe25294" executionId="493a343e-f2ee-414f-ace4-d07c2bb70669" testListId="8c84fa94-04c1-424b-9868-57a2d4851a1d" />
    <TestEntry testId="e0650994-a47c-eb00-a2e8-b654609f2f52" executionId="209c7394-a708-4cb0-8c04-a6497bf28596" testListId="8c84fa94-04c1-424b-9868-57a2d4851a1d" />
    <TestEntry testId="e1ac3e39-4dcc-a2f5-ede8-2f3b3696b35d" executionId="38bed616-4f7b-48bd-a5ff-cf43bb407034" testListId="8c84fa94-04c1-424b-9868-57a2d4851a1d" />
    <TestEntry testId="a265b0cf-4e94-0699-17ef-1e3ec4ee450c" executionId="2930bb36-af79-42a0-a713-280d568212f1" testListId="8c84fa94-04c1-424b-9868-57a2d4851a1d" />
    <TestEntry testId="cb5deacb-08b0-0b7c-6dc1-12a9db130e1f" executionId="d6b60385-454d-4990-b52b-2b2ffd2127d7" testListId="8c84fa94-04c1-424b-9868-57a2d4851a1d" />
    <TestEntry testId="dbf56de4-9d5a-7729-5082-b5b9e45a1d75" executionId="216342c2-027a-4bbe-b896-37728d9c4a15" testListId="8c84fa94-04c1-424b-9868-57a2d4851a1d" />
    <TestEntry testId="4fba17f7-bb74-6bed-3723-efc19948cf83" executionId="42f40dc5-78cb-4ac0-9e1f-92cc97b49356" testListId="8c84fa94-04c1-424b-9868-57a2d4851a1d" />
  </TestEntries>
  <Results>
    <UnitTestResult executionId="cc59b1de-1334-4cca-a791-7b4ff23517fa" testId="ca0a7d22-ea2f-524d-e6b5-a775db1007f2" testName="RunCallsFactoyToCreateProcessWrapperAndRunsProcess" computerName="USDENOKRISTJAN3" duration="00:00:00.1512225" startTime="2015-05-20T19:41:13.1184041-06:00" endTime="2015-05-20T19:41:13.4686242-06:00" testType="13cdc9d9-ddb5-4fa4-a97d-d965ccfc6d4b" outcome="Passed" testListId="8c84fa94-04c1-424b-9868-57a2d4851a1d" relativeResultsDirectory="cc59b1de-1334-4cca-a791-7b4ff23517fa">
    </UnitTestResult>
    <UnitTestResult executionId="06731c89-1474-45da-8f68-0a6b19ece7ab" testId="14d156ff-b5f7-7766-80c7-a843c9858615" testName="BuildReturnsStartInfoWithCorrectParameters" computerName="USDENOKRISTJAN3" duration="00:00:00.0015574" startTime="2015-05-20T19:41:13.4716086-06:00" endTime="2015-05-20T19:41:13.4756316-06:00" testType="13cdc9d9-ddb5-4fa4-a97d-d965ccfc6d4b" outcome="Passed" testListId="8c84fa94-04c1-424b-9868-57a2d4851a1d" relativeResultsDirectory="06731c89-1474-45da-8f68-0a6b19ece7ab">
    </UnitTestResult>
    <UnitTestResult executionId="e1a9b3ac-8044-43d0-b6ac-bb1894339cef" testId="fdda4e33-12d4-09a1-fae3-bef85dcc8f83" testName="RunCallsProcessRunnerAndResultsValidatorAndSetsPassedToTrueWhenValid" computerName="USDENOKRISTJAN3" duration="00:00:00.0537368" startTime="2015-05-20T19:41:13.4776135-06:00" endTime="2015-05-20T19:41:13.5336590-06:00" testType="13cdc9d9-ddb5-4fa4-a97d-d965ccfc6d4b" outcome="Passed" testListId="8c84fa94-04c1-424b-9868-57a2d4851a1d" relativeResultsDirectory="e1a9b3ac-8044-43d0-b6ac-bb1894339cef">
    </UnitTestResult>
    <UnitTestResult executionId="954c21c9-6019-4dc8-8984-2b8e0f9838a3" testId="ff9f57a5-be5c-83c2-9e6a-f2ba9a9a692a" testName="ParseReturnsFailedSpecsWhenAllPassed" computerName="USDENOKRISTJAN3" duration="00:00:00.0065147" startTime="2015-05-20T19:41:13.5366620-06:00" endTime="2015-05-20T19:41:13.5456683-06:00" testType="13cdc9d9-ddb5-4fa4-a97d-d965ccfc6d4b" outcome="Passed" testListId="8c84fa94-04c1-424b-9868-57a2d4851a1d" relativeResultsDirectory="954c21c9-6019-4dc8-8984-2b8e0f9838a3">
      <Output>
        <StdOut>SlackerRunner.SlackerResults</StdOut>
      </Output>
    </UnitTestResult>
    <UnitTestResult executionId="493a343e-f2ee-414f-ace4-d07c2bb70669" testId="c9090656-599e-54a6-45f5-8236fbe25294" testName="ParseReturnsFailedSpecsWhenSomeFailed" computerName="USDENOKRISTJAN3" duration="00:00:00.0054656" startTime="2015-05-20T19:41:13.5486713-06:00" endTime="2015-05-20T19:41:13.5566775-06:00" testType="13cdc9d9-ddb5-4fa4-a97d-d965ccfc6d4b" outcome="Passed" testListId="8c84fa94-04c1-424b-9868-57a2d4851a1d" relativeResultsDirectory="493a343e-f2ee-414f-ace4-d07c2bb70669">
      <Output>
        <StdOut>SlackerRunner.SlackerResults</StdOut>
      </Output>
    </UnitTestResult>
    <UnitTestResult executionId="209c7394-a708-4cb0-8c04-a6497bf28596" testId="e0650994-a47c-eb00-a2e8-b654609f2f52" testName="ParseReturnsFalseWhenStandardErrorNotNull" computerName="USDENOKRISTJAN3" duration="00:00:00.0052591" startTime="2015-05-20T19:41:13.5616821-06:00" endTime="2015-05-20T19:41:13.5706888-06:00" testType="13cdc9d9-ddb5-4fa4-a97d-d965ccfc6d4b" outcome="Passed" testListId="8c84fa94-04c1-424b-9868-57a2d4851a1d" relativeResultsDirectory="209c7394-a708-4cb0-8c04-a6497bf28596">
      <Output>
        <StdOut>SlackerRunner.SlackerResults</StdOut>
      </Output>
    </UnitTestResult>
    <UnitTestResult executionId="38bed616-4f7b-48bd-a5ff-cf43bb407034" testId="e1ac3e39-4dcc-a2f5-ede8-2f3b3696b35d" testName="ValidateReturnsFalseWhenOutResultsHaveFailedScenario" computerName="USDENOKRISTJAN3" duration="00:00:00.0054344" startTime="2015-05-20T19:41:13.5756931-06:00" endTime="2015-05-20T19:41:13.5826986-06:00" testType="13cdc9d9-ddb5-4fa4-a97d-d965ccfc6d4b" outcome="Passed" testListId="8c84fa94-04c1-424b-9868-57a2d4851a1d" relativeResultsDirectory="38bed616-4f7b-48bd-a5ff-cf43bb407034">
      <Output>
        <StdOut>SlackerRunner.SlackerResults</StdOut>
      </Output>
    </UnitTestResult>
    <UnitTestResult executionId="2930bb36-af79-42a0-a713-280d568212f1" testId="a265b0cf-4e94-0699-17ef-1e3ec4ee450c" testName="ValidateReturnsTrueWhenOutputResultsPassedAndErrorIsEmpty" computerName="USDENOKRISTJAN3" duration="00:00:00.0046498" startTime="2015-05-20T19:41:13.5857012-06:00" endTime="2015-05-20T19:41:13.5927067-06:00" testType="13cdc9d9-ddb5-4fa4-a97d-d965ccfc6d4b" outcome="Passed" testListId="8c84fa94-04c1-424b-9868-57a2d4851a1d" relativeResultsDirectory="2930bb36-af79-42a0-a713-280d568212f1">
      <Output>
        <StdOut>SlackerRunner.SlackerResults</StdOut>
      </Output>
    </UnitTestResult>
    <UnitTestResult executionId="d6b60385-454d-4990-b52b-2b2ffd2127d7" testId="cb5deacb-08b0-0b7c-6dc1-12a9db130e1f" testName="ValidateReturnsTrueWhenOutputResultsPassedAndErrorIsNull" computerName="USDENOKRISTJAN3" duration="00:00:00.0067326" startTime="2015-05-20T19:41:13.5977113-06:00" endTime="2015-05-20T19:41:13.6147250-06:00" testType="13cdc9d9-ddb5-4fa4-a97d-d965ccfc6d4b" outcome="Passed" testListId="8c84fa94-04c1-424b-9868-57a2d4851a1d" relativeResultsDirectory="d6b60385-454d-4990-b52b-2b2ffd2127d7">
      <Output>
        <StdOut>SlackerRunner.SlackerResults</StdOut>
      </Output>
    </UnitTestResult>
    <UnitTestResult executionId="216342c2-027a-4bbe-b896-37728d9c4a15" testId="dbf56de4-9d5a-7729-5082-b5b9e45a1d75" testName="RunCallsProfileRunner" computerName="USDENOKRISTJAN3" duration="00:00:00.0361293" startTime="2015-05-20T19:41:13.6177272-06:00" endTime="2015-05-20T19:41:13.6567598-06:00" testType="13cdc9d9-ddb5-4fa4-a97d-d965ccfc6d4b" outcome="Passed" testListId="8c84fa94-04c1-424b-9868-57a2d4851a1d" relativeResultsDirectory="216342c2-027a-4bbe-b896-37728d9c4a15">
    </UnitTestResult>
    <UnitTestResult executionId="42f40dc5-78cb-4ac0-9e1f-92cc97b49356" testId="4fba17f7-bb74-6bed-3723-efc19948cf83" testName="RunCallsProfileRunnerAndUsesImpersonationWithUserDetails" computerName="USDENOKRISTJAN3" duration="00:00:00.0451971" startTime="2015-05-20T19:41:13.6607623-06:00" endTime="2015-05-20T19:41:13.7088021-06:00" testType="13cdc9d9-ddb5-4fa4-a97d-d965ccfc6d4b" outcome="Passed" testListId="8c84fa94-04c1-424b-9868-57a2d4851a1d" relativeResultsDirectory="42f40dc5-78cb-4ac0-9e1f-92cc97b49356">
    </UnitTestResult>
  </Results>
</TestRun>