<?xml version="1.0" encoding="utf-8" standalone="no"?>
<!--This file represents the results of running a test suite-->
<test-results name="C:\work\_solvas\zzTFS_2015\xTest\TestWebSite\packages\OpenCover.4.6.166\SampleSln\BomTest\bin\Debug\BomTest.dll" total="5" errors="0" failures="0" not-run="0" inconclusive="0" ignored="0" skipped="0" invalid="0" date="2015-11-19" time="15:56:53">
  <environment nunit-version="2.6.4.14350" clr-version="2.0.50727.8009" os-version="Microsoft Windows NT 6.2.9200.0" platform="Win32NT" cwd="C:\work\_solvas\zzTFS_2015\xTest\TestWebSite\packages\OpenCover.4.6.166\SampleSln" machine-name="USDENOKRISTJAN3" user="okristjansson" user-domain="US" />
  <culture-info current-culture="en-US" current-uiculture="en-US" />
  <test-suite type="Assembly" name="C:\work\_solvas\zzTFS_2015\xTest\TestWebSite\packages\OpenCover.4.6.166\SampleSln\BomTest\bin\Debug\BomTest.dll" executed="True" result="Success" success="True" time="0.305" asserts="0">
    <results>
      <test-suite type="Namespace" name="BomTest" executed="True" result="Success" success="True" time="0.296" asserts="0">
        <results>
          <test-suite type="TestFixture" name="BomManagerTests" executed="True" result="Success" success="True" time="0.295" asserts="0">
            <results>
              <test-suite type="ParameterizedTest" name="Sum_Is_Calculated_Correctly_When_Entries_Supplied" executed="True" result="Success" success="True" time="0.287" asserts="0">
                <results>
                  <test-case name="BomTest.BomManagerTests.Sum_Is_Calculated_Correctly_When_Entries_Supplied(System.Int32[],0)" executed="True" result="Success" success="True" time="0.278" asserts="1" />
                  <test-case name="BomTest.BomManagerTests.Sum_Is_Calculated_Correctly_When_Entries_Supplied(System.Int32[],1)" executed="True" result="Success" success="True" time="0.000" asserts="1" />
                  <test-case name="BomTest.BomManagerTests.Sum_Is_Calculated_Correctly_When_Entries_Supplied(System.Int32[],6)" executed="True" result="Success" success="True" time="0.000" asserts="1" />
                </results>
              </test-suite>
              <test-case name="BomTest.BomManagerTests.Sum_Is_Zero_When_No_Entries" executed="True" result="Success" success="True" time="0.002" asserts="1" />
              <test-case name="BomTest.BomManagerTests.Sum_Is_Zero_When_Null_Collection" executed="True" result="Success" success="True" time="0.000" asserts="1" />
            </results>
          </test-suite>
        </results>
      </test-suite>
    </results>
  </test-suite>
</test-results>