<?xml version="1.0" encoding="utf-8"?>
<TestRun id="00000000-0000-0000-91c4-30db1d215203" runUser="TeamBuildServerTeamBuildUser" name="TeamBuildUser@TeamBuildServer 2016-03-11T18:30:38" xmlns="http://microsoft.com/schemas/VisualStudio/TeamTest/2010">
  <TestSettings name="Local Test Run" id="c136642c-2e64-4f99-9ec3-30db1d215203">
    <Description>This is a default test run configuration for a local test run.</Description>
    <Deployment runDeploymentRoot="">
      <DeploymentItem filename="" />
    </Deployment>
  </TestSettings>
  <ResultSummary outcome="Completed">
    <Counters error="0" timeout="0" aborted="0" passedButRunAborted="0" notRunnable="0" disconnected="0" warning="0" completed="0" inProgress="0" pending="0" total="2" executed="2" notExecuted="0" passed="2" failed="0" inconclusive="0" />
    <RunInfos />
  </ResultSummary>
  <Times creation="2016-03-11T18:30:38" queuing="2016-03-11T18:30:38" start="2016-03-11T18:30:38" finish="2016-03-11T18:30:38" />
  <TestDefinitions>
    <UnitTest name="RunThisSpec" storage="" id="00000000-0000-0000-91c4-000000000001">
      <Css projectStructure="" iteration="" />
      <Owners>
        <Owner name="" />
      </Owners>
      <Execution id="00000000-0000-0000-91c4-000000000001" />
      <TestMethod adapterTypeName="Microsoft.VisualStudio.TestTools.TestTypes.Unit.UnitTestAdapter, Microsoft.VisualStudio.QualityTools.Tips.UnitTest.Adapter, Version=10.0.0.0, Culture=neutral, PublicKeyToken=b03f5f7f11d50a3a" name="RunThisSpec" codeBase="" className="App.Db.Slacker.SlackerRunner.SpecificSpecTester, App" />
    </UnitTest>
    <UnitTest name="RunSpecs" storage="" id="00000000-0000-0000-91c4-000000000002">
      <Css projectStructure="" iteration="" />
      <Owners>
        <Owner name="" />
      </Owners>
      <Execution id="00000000-0000-0000-91c4-000000000002" />
      <TestMethod adapterTypeName="Microsoft.VisualStudio.TestTools.TestTypes.Unit.UnitTestAdapter, Microsoft.VisualStudio.QualityTools.Tips.UnitTest.Adapter, Version=10.0.0.0, Culture=neutral, PublicKeyToken=b03f5f7f11d50a3a" name="RunSpecs" codeBase="" className="App.Db.Slacker.SlackerRunner.SpecsTester, App" />
    </UnitTest>
    <UnitTest name="RunThisSpec" storage="" id="00000000-0000-0000-91c4-000000000003">
      <Css projectStructure="" iteration="" />
      <Owners>
        <Owner name="" />
      </Owners>
      <Execution id="00000000-0000-0000-91c4-000000000003" />
      <TestMethod adapterTypeName="Microsoft.VisualStudio.TestTools.TestTypes.Unit.UnitTestAdapter, Microsoft.VisualStudio.QualityTools.Tips.UnitTest.Adapter, Version=10.0.0.0, Culture=neutral, PublicKeyToken=b03f5f7f11d50a3a" name="RunThisSpec" codeBase="" className="Beachcomber.Db.Slacker.SlackerRunner.SpecificSpecTester, Beachcomber" />
    </UnitTest>
    <UnitTest name="RunSpecs" storage="" id="00000000-0000-0000-91c4-000000000004">
      <Css projectStructure="" iteration="" />
      <Owners>
        <Owner name="" />
      </Owners>
      <Execution id="00000000-0000-0000-91c4-000000000004" />
      <TestMethod adapterTypeName="Microsoft.VisualStudio.TestTools.TestTypes.Unit.UnitTestAdapter, Microsoft.VisualStudio.QualityTools.Tips.UnitTest.Adapter, Version=10.0.0.0, Culture=neutral, PublicKeyToken=b03f5f7f11d50a3a" name="RunSpecs" codeBase="" className="Beachcomber.Db.Slacker.SlackerRunner.SpecsTester, Beachcomber" />
    </UnitTest>
    <UnitTest name="RunSpecs" storage="" id="00000000-0000-0000-91c4-000000000005">
      <Css projectStructure="" iteration="" />
      <Owners>
        <Owner name="" />
      </Owners>
      <Execution id="00000000-0000-0000-91c4-000000000005" />
      <TestMethod adapterTypeName="Microsoft.VisualStudio.TestTools.TestTypes.Unit.UnitTestAdapter, Microsoft.VisualStudio.QualityTools.Tips.UnitTest.Adapter, Version=10.0.0.0, Culture=neutral, PublicKeyToken=b03f5f7f11d50a3a" name="RunSpecs" codeBase="" className="Beachcomber.Db.Slacker.SlackerRunner.SpecsTester, Beachcomber" />
    </UnitTest>
    <UnitTest name="RunSpecs" storage="" id="00000000-0000-0000-91c4-000000000006">
      <Css projectStructure="" iteration="" />
      <Owners>
        <Owner name="" />
      </Owners>
      <Execution id="00000000-0000-0000-91c4-000000000006" />
      <TestMethod adapterTypeName="Microsoft.VisualStudio.TestTools.TestTypes.Unit.UnitTestAdapter, Microsoft.VisualStudio.QualityTools.Tips.UnitTest.Adapter, Version=10.0.0.0, Culture=neutral, PublicKeyToken=b03f5f7f11d50a3a" name="RunSpecs" codeBase="" className="Beachcomber.Db.Slacker.SlackerRunner.SpecsTester, Beachcomber" />
    </UnitTest>
    <UnitTest name="RunSpecs" storage="" id="00000000-0000-0000-91c4-000000000007">
      <Css projectStructure="" iteration="" />
      <Owners>
        <Owner name="" />
      </Owners>
      <Execution id="00000000-0000-0000-91c4-000000000007" />
      <TestMethod adapterTypeName="Microsoft.VisualStudio.TestTools.TestTypes.Unit.UnitTestAdapter, Microsoft.VisualStudio.QualityTools.Tips.UnitTest.Adapter, Version=10.0.0.0, Culture=neutral, PublicKeyToken=b03f5f7f11d50a3a" name="RunSpecs" codeBase="" className="Beachcomber.Db.Slacker.SlackerRunner.SpecsTester, Beachcomber" />
    </UnitTest>
    <UnitTest name="RunSpecs" storage="" id="00000000-0000-0000-91c4-000000000008">
      <Css projectStructure="" iteration="" />
      <Owners>
        <Owner name="" />
      </Owners>
      <Execution id="00000000-0000-0000-91c4-000000000008" />
      <TestMethod adapterTypeName="Microsoft.VisualStudio.TestTools.TestTypes.Unit.UnitTestAdapter, Microsoft.VisualStudio.QualityTools.Tips.UnitTest.Adapter, Version=10.0.0.0, Culture=neutral, PublicKeyToken=b03f5f7f11d50a3a" name="RunSpecs" codeBase="" className="Beachcomber.Db.Slacker.SlackerRunner.SpecsTester, Beachcomber" />
    </UnitTest>
    <UnitTest name="RunSpecs" storage="" id="00000000-0000-0000-91c4-000000000009">
      <Css projectStructure="" iteration="" />
      <Owners>
        <Owner name="" />
      </Owners>
      <Execution id="00000000-0000-0000-91c4-000000000009" />
      <TestMethod adapterTypeName="Microsoft.VisualStudio.TestTools.TestTypes.Unit.UnitTestAdapter, Microsoft.VisualStudio.QualityTools.Tips.UnitTest.Adapter, Version=10.0.0.0, Culture=neutral, PublicKeyToken=b03f5f7f11d50a3a" name="RunSpecs" codeBase="" className="Beachcomber.Db.Slacker.SlackerRunner.SpecsTester, Beachcomber" />
    </UnitTest>
    <UnitTest name="RunSpecs" storage="" id="00000000-0000-0000-91c4-00000000000A">
      <Css projectStructure="" iteration="" />
      <Owners>
        <Owner name="" />
      </Owners>
      <Execution id="00000000-0000-0000-91c4-00000000000A" />
      <TestMethod adapterTypeName="Microsoft.VisualStudio.TestTools.TestTypes.Unit.UnitTestAdapter, Microsoft.VisualStudio.QualityTools.Tips.UnitTest.Adapter, Version=10.0.0.0, Culture=neutral, PublicKeyToken=b03f5f7f11d50a3a" name="RunSpecs" codeBase="" className="Beachcomber.Db.Slacker.SlackerRunner.SpecsTester, Beachcomber" />
    </UnitTest>
    <UnitTest name="RunSpecs" storage="" id="00000000-0000-0000-91c4-00000000000B">
      <Css projectStructure="" iteration="" />
      <Owners>
        <Owner name="" />
      </Owners>
      <Execution id="00000000-0000-0000-91c4-00000000000B" />
      <TestMethod adapterTypeName="Microsoft.VisualStudio.TestTools.TestTypes.Unit.UnitTestAdapter, Microsoft.VisualStudio.QualityTools.Tips.UnitTest.Adapter, Version=10.0.0.0, Culture=neutral, PublicKeyToken=b03f5f7f11d50a3a" name="RunSpecs" codeBase="" className="Beachcomber.Db.Slacker.SlackerRunner.SpecsTester, Beachcomber" />
    </UnitTest>
    <UnitTest name="RunSpecs" storage="" id="00000000-0000-0000-91c4-00000000000C">
      <Css projectStructure="" iteration="" />
      <Owners>
        <Owner name="" />
      </Owners>
      <Execution id="00000000-0000-0000-91c4-00000000000C" />
      <TestMethod adapterTypeName="Microsoft.VisualStudio.TestTools.TestTypes.Unit.UnitTestAdapter, Microsoft.VisualStudio.QualityTools.Tips.UnitTest.Adapter, Version=10.0.0.0, Culture=neutral, PublicKeyToken=b03f5f7f11d50a3a" name="RunSpecs" codeBase="" className="Beachcomber.Db.Slacker.SlackerRunner.SpecsTester, Beachcomber" />
    </UnitTest>
    <UnitTest name="RunSpecs" storage="" id="00000000-0000-0000-91c4-00000000000D">
      <Css projectStructure="" iteration="" />
      <Owners>
        <Owner name="" />
      </Owners>
      <Execution id="00000000-0000-0000-91c4-00000000000D" />
      <TestMethod adapterTypeName="Microsoft.VisualStudio.TestTools.TestTypes.Unit.UnitTestAdapter, Microsoft.VisualStudio.QualityTools.Tips.UnitTest.Adapter, Version=10.0.0.0, Culture=neutral, PublicKeyToken=b03f5f7f11d50a3a" name="RunSpecs" codeBase="" className="Beachcomber.Db.Slacker.SlackerRunner.SpecsTester, Beachcomber" />
    </UnitTest>
    <UnitTest name="RunSpecs" storage="" id="00000000-0000-0000-91c4-00000000000E">
      <Css projectStructure="" iteration="" />
      <Owners>
        <Owner name="" />
      </Owners>
      <Execution id="00000000-0000-0000-91c4-00000000000E" />
      <TestMethod adapterTypeName="Microsoft.VisualStudio.TestTools.TestTypes.Unit.UnitTestAdapter, Microsoft.VisualStudio.QualityTools.Tips.UnitTest.Adapter, Version=10.0.0.0, Culture=neutral, PublicKeyToken=b03f5f7f11d50a3a" name="RunSpecs" codeBase="" className="Beachcomber.Db.Slacker.SlackerRunner.SpecsTester, Beachcomber" />
    </UnitTest>
    <UnitTest name="RunSpecs" storage="" id="00000000-0000-0000-91c4-00000000000F">
      <Css projectStructure="" iteration="" />
      <Owners>
        <Owner name="" />
      </Owners>
      <Execution id="00000000-0000-0000-91c4-00000000000F" />
      <TestMethod adapterTypeName="Microsoft.VisualStudio.TestTools.TestTypes.Unit.UnitTestAdapter, Microsoft.VisualStudio.QualityTools.Tips.UnitTest.Adapter, Version=10.0.0.0, Culture=neutral, PublicKeyToken=b03f5f7f11d50a3a" name="RunSpecs" codeBase="" className="Beachcomber.Db.Slacker.SlackerRunner.SpecsTester, Beachcomber" />
    </UnitTest>
    <UnitTest name="RunSpecs" storage="" id="00000000-0000-0000-91c4-000000000010">
      <Css projectStructure="" iteration="" />
      <Owners>
        <Owner name="" />
      </Owners>
      <Execution id="00000000-0000-0000-91c4-000000000010" />
      <TestMethod adapterTypeName="Microsoft.VisualStudio.TestTools.TestTypes.Unit.UnitTestAdapter, Microsoft.VisualStudio.QualityTools.Tips.UnitTest.Adapter, Version=10.0.0.0, Culture=neutral, PublicKeyToken=b03f5f7f11d50a3a" name="RunSpecs" codeBase="" className="Beachcomber.Db.Slacker.SlackerRunner.SpecsTester, Beachcomber" />
    </UnitTest>
    <UnitTest name="RunSpecs" storage="" id="00000000-0000-0000-91c4-000000000011">
      <Css projectStructure="" iteration="" />
      <Owners>
        <Owner name="" />
      </Owners>
      <Execution id="00000000-0000-0000-91c4-000000000011" />
      <TestMethod adapterTypeName="Microsoft.VisualStudio.TestTools.TestTypes.Unit.UnitTestAdapter, Microsoft.VisualStudio.QualityTools.Tips.UnitTest.Adapter, Version=10.0.0.0, Culture=neutral, PublicKeyToken=b03f5f7f11d50a3a" name="RunSpecs" codeBase="" className="Beachcomber.Db.Slacker.SlackerRunner.SpecsTester, Beachcomber" />
    </UnitTest>
    <UnitTest name="RunSpecs" storage="" id="00000000-0000-0000-91c4-000000000012">
      <Css projectStructure="" iteration="" />
      <Owners>
        <Owner name="" />
      </Owners>
      <Execution id="00000000-0000-0000-91c4-000000000012" />
      <TestMethod adapterTypeName="Microsoft.VisualStudio.TestTools.TestTypes.Unit.UnitTestAdapter, Microsoft.VisualStudio.QualityTools.Tips.UnitTest.Adapter, Version=10.0.0.0, Culture=neutral, PublicKeyToken=b03f5f7f11d50a3a" name="RunSpecs" codeBase="" className="Beachcomber.Db.Slacker.SlackerRunner.SpecsTester, Beachcomber" />
    </UnitTest>
    <UnitTest name="RunSpecs" storage="" id="00000000-0000-0000-91c4-000000000013">
      <Css projectStructure="" iteration="" />
      <Owners>
        <Owner name="" />
      </Owners>
      <Execution id="00000000-0000-0000-91c4-000000000013" />
      <TestMethod adapterTypeName="Microsoft.VisualStudio.TestTools.TestTypes.Unit.UnitTestAdapter, Microsoft.VisualStudio.QualityTools.Tips.UnitTest.Adapter, Version=10.0.0.0, Culture=neutral, PublicKeyToken=b03f5f7f11d50a3a" name="RunSpecs" codeBase="" className="Beachcomber.Db.Slacker.SlackerRunner.SpecsTester, Beachcomber" />
    </UnitTest>
    <UnitTest name="RunSpecs" storage="" id="00000000-0000-0000-91c4-000000000014">
      <Css projectStructure="" iteration="" />
      <Owners>
        <Owner name="" />
      </Owners>
      <Execution id="00000000-0000-0000-91c4-000000000014" />
      <TestMethod adapterTypeName="Microsoft.VisualStudio.TestTools.TestTypes.Unit.UnitTestAdapter, Microsoft.VisualStudio.QualityTools.Tips.UnitTest.Adapter, Version=10.0.0.0, Culture=neutral, PublicKeyToken=b03f5f7f11d50a3a" name="RunSpecs" codeBase="" className="Beachcomber.Db.Slacker.SlackerRunner.SpecsTester, Beachcomber" />
    </UnitTest>
    <UnitTest name="RunSpecs" storage="" id="00000000-0000-0000-91c4-000000000015">
      <Css projectStructure="" iteration="" />
      <Owners>
        <Owner name="" />
      </Owners>
      <Execution id="00000000-0000-0000-91c4-000000000015" />
      <TestMethod adapterTypeName="Microsoft.VisualStudio.TestTools.TestTypes.Unit.UnitTestAdapter, Microsoft.VisualStudio.QualityTools.Tips.UnitTest.Adapter, Version=10.0.0.0, Culture=neutral, PublicKeyToken=b03f5f7f11d50a3a" name="RunSpecs" codeBase="" className="Beachcomber.Db.Slacker.SlackerRunner.SpecsTester, Beachcomber" />
    </UnitTest>
    <UnitTest name="RunSpecs" storage="" id="00000000-0000-0000-91c4-000000000016">
      <Css projectStructure="" iteration="" />
      <Owners>
        <Owner name="" />
      </Owners>
      <Execution id="00000000-0000-0000-91c4-000000000016" />
      <TestMethod adapterTypeName="Microsoft.VisualStudio.TestTools.TestTypes.Unit.UnitTestAdapter, Microsoft.VisualStudio.QualityTools.Tips.UnitTest.Adapter, Version=10.0.0.0, Culture=neutral, PublicKeyToken=b03f5f7f11d50a3a" name="RunSpecs" codeBase="" className="Beachcomber.Db.Slacker.SlackerRunner.SpecsTester, Beachcomber" />
    </UnitTest>
    <UnitTest name="RunSpecs" storage="" id="00000000-0000-0000-91c4-000000000017">
      <Css projectStructure="" iteration="" />
      <Owners>
        <Owner name="" />
      </Owners>
      <Execution id="00000000-0000-0000-91c4-000000000017" />
      <TestMethod adapterTypeName="Microsoft.VisualStudio.TestTools.TestTypes.Unit.UnitTestAdapter, Microsoft.VisualStudio.QualityTools.Tips.UnitTest.Adapter, Version=10.0.0.0, Culture=neutral, PublicKeyToken=b03f5f7f11d50a3a" name="RunSpecs" codeBase="" className="Beachcomber.Db.Slacker.SlackerRunner.SpecsTester, Beachcomber" />
    </UnitTest>
    <UnitTest name="RunSpecs" storage="" id="00000000-0000-0000-91c4-000000000018">
      <Css projectStructure="" iteration="" />
      <Owners>
        <Owner name="" />
      </Owners>
      <Execution id="00000000-0000-0000-91c4-000000000018" />
      <TestMethod adapterTypeName="Microsoft.VisualStudio.TestTools.TestTypes.Unit.UnitTestAdapter, Microsoft.VisualStudio.QualityTools.Tips.UnitTest.Adapter, Version=10.0.0.0, Culture=neutral, PublicKeyToken=b03f5f7f11d50a3a" name="RunSpecs" codeBase="" className="Beachcomber.Db.Slacker.SlackerRunner.SpecsTester, Beachcomber" />
    </UnitTest>
    <UnitTest name="RunSpecs" storage="" id="00000000-0000-0000-91c4-000000000019">
      <Css projectStructure="" iteration="" />
      <Owners>
        <Owner name="" />
      </Owners>
      <Execution id="00000000-0000-0000-91c4-000000000019" />
      <TestMethod adapterTypeName="Microsoft.VisualStudio.TestTools.TestTypes.Unit.UnitTestAdapter, Microsoft.VisualStudio.QualityTools.Tips.UnitTest.Adapter, Version=10.0.0.0, Culture=neutral, PublicKeyToken=b03f5f7f11d50a3a" name="RunSpecs" codeBase="" className="Beachcomber.Db.Slacker.SlackerRunner.SpecsTester, Beachcomber" />
    </UnitTest>
    <UnitTest name="RunSpecs" storage="" id="00000000-0000-0000-91c4-00000000001A">
      <Css projectStructure="" iteration="" />
      <Owners>
        <Owner name="" />
      </Owners>
      <Execution id="00000000-0000-0000-91c4-00000000001A" />
      <TestMethod adapterTypeName="Microsoft.VisualStudio.TestTools.TestTypes.Unit.UnitTestAdapter, Microsoft.VisualStudio.QualityTools.Tips.UnitTest.Adapter, Version=10.0.0.0, Culture=neutral, PublicKeyToken=b03f5f7f11d50a3a" name="RunSpecs" codeBase="" className="Beachcomber.Db.Slacker.SlackerRunner.SpecsTester, Beachcomber" />
    </UnitTest>
    <UnitTest name="RunSpecs" storage="" id="00000000-0000-0000-91c4-00000000001B">
      <Css projectStructure="" iteration="" />
      <Owners>
        <Owner name="" />
      </Owners>
      <Execution id="00000000-0000-0000-91c4-00000000001B" />
      <TestMethod adapterTypeName="Microsoft.VisualStudio.TestTools.TestTypes.Unit.UnitTestAdapter, Microsoft.VisualStudio.QualityTools.Tips.UnitTest.Adapter, Version=10.0.0.0, Culture=neutral, PublicKeyToken=b03f5f7f11d50a3a" name="RunSpecs" codeBase="" className="Beachcomber.Db.Slacker.SlackerRunner.SpecsTester, Beachcomber" />
    </UnitTest>
    <UnitTest name="RunSpecs" storage="" id="00000000-0000-0000-91c4-00000000001C">
      <Css projectStructure="" iteration="" />
      <Owners>
        <Owner name="" />
      </Owners>
      <Execution id="00000000-0000-0000-91c4-00000000001C" />
      <TestMethod adapterTypeName="Microsoft.VisualStudio.TestTools.TestTypes.Unit.UnitTestAdapter, Microsoft.VisualStudio.QualityTools.Tips.UnitTest.Adapter, Version=10.0.0.0, Culture=neutral, PublicKeyToken=b03f5f7f11d50a3a" name="RunSpecs" codeBase="" className="Beachcomber.Db.Slacker.SlackerRunner.SpecsTester, Beachcomber" />
    </UnitTest>
    <UnitTest name="RunSpecs" storage="" id="00000000-0000-0000-91c4-00000000001D">
      <Css projectStructure="" iteration="" />
      <Owners>
        <Owner name="" />
      </Owners>
      <Execution id="00000000-0000-0000-91c4-00000000001D" />
      <TestMethod adapterTypeName="Microsoft.VisualStudio.TestTools.TestTypes.Unit.UnitTestAdapter, Microsoft.VisualStudio.QualityTools.Tips.UnitTest.Adapter, Version=10.0.0.0, Culture=neutral, PublicKeyToken=b03f5f7f11d50a3a" name="RunSpecs" codeBase="" className="Beachcomber.Db.Slacker.SlackerRunner.SpecsTester, Beachcomber" />
    </UnitTest>
    <UnitTest name="RunSpecs" storage="" id="00000000-0000-0000-91c4-00000000001E">
      <Css projectStructure="" iteration="" />
      <Owners>
        <Owner name="" />
      </Owners>
      <Execution id="00000000-0000-0000-91c4-00000000001E" />
      <TestMethod adapterTypeName="Microsoft.VisualStudio.TestTools.TestTypes.Unit.UnitTestAdapter, Microsoft.VisualStudio.QualityTools.Tips.UnitTest.Adapter, Version=10.0.0.0, Culture=neutral, PublicKeyToken=b03f5f7f11d50a3a" name="RunSpecs" codeBase="" className="Beachcomber.Db.Slacker.SlackerRunner.SpecsTester, Beachcomber" />
    </UnitTest>
    <UnitTest name="RunSpecs" storage="" id="00000000-0000-0000-91c4-00000000001F">
      <Css projectStructure="" iteration="" />
      <Owners>
        <Owner name="" />
      </Owners>
      <Execution id="00000000-0000-0000-91c4-00000000001F" />
      <TestMethod adapterTypeName="Microsoft.VisualStudio.TestTools.TestTypes.Unit.UnitTestAdapter, Microsoft.VisualStudio.QualityTools.Tips.UnitTest.Adapter, Version=10.0.0.0, Culture=neutral, PublicKeyToken=b03f5f7f11d50a3a" name="RunSpecs" codeBase="" className="Beachcomber.Db.Slacker.SlackerRunner.SpecsTester, Beachcomber" />
    </UnitTest>
    <UnitTest name="RunSpecs" storage="" id="00000000-0000-0000-91c4-000000000020">
      <Css projectStructure="" iteration="" />
      <Owners>
        <Owner name="" />
      </Owners>
      <Execution id="00000000-0000-0000-91c4-000000000020" />
      <TestMethod adapterTypeName="Microsoft.VisualStudio.TestTools.TestTypes.Unit.UnitTestAdapter, Microsoft.VisualStudio.QualityTools.Tips.UnitTest.Adapter, Version=10.0.0.0, Culture=neutral, PublicKeyToken=b03f5f7f11d50a3a" name="RunSpecs" codeBase="" className="Beachcomber.Db.Slacker.SlackerRunner.SpecsTester, Beachcomber" />
    </UnitTest>
    <UnitTest name="RunSpecs" storage="" id="00000000-0000-0000-91c4-000000000021">
      <Css projectStructure="" iteration="" />
      <Owners>
        <Owner name="" />
      </Owners>
      <Execution id="00000000-0000-0000-91c4-000000000021" />
      <TestMethod adapterTypeName="Microsoft.VisualStudio.TestTools.TestTypes.Unit.UnitTestAdapter, Microsoft.VisualStudio.QualityTools.Tips.UnitTest.Adapter, Version=10.0.0.0, Culture=neutral, PublicKeyToken=b03f5f7f11d50a3a" name="RunSpecs" codeBase="" className="Beachcomber.Db.Slacker.SlackerRunner.SpecsTester, Beachcomber" />
    </UnitTest>
    <UnitTest name="RunSpecs" storage="" id="00000000-0000-0000-91c4-000000000022">
      <Css projectStructure="" iteration="" />
      <Owners>
        <Owner name="" />
      </Owners>
      <Execution id="00000000-0000-0000-91c4-000000000022" />
      <TestMethod adapterTypeName="Microsoft.VisualStudio.TestTools.TestTypes.Unit.UnitTestAdapter, Microsoft.VisualStudio.QualityTools.Tips.UnitTest.Adapter, Version=10.0.0.0, Culture=neutral, PublicKeyToken=b03f5f7f11d50a3a" name="RunSpecs" codeBase="" className="Beachcomber.Db.Slacker.SlackerRunner.SpecsTester, Beachcomber" />
    </UnitTest>
    <UnitTest name="DateIsInvalidClientFormatTest" storage="" id="00000000-0000-0000-91c4-000000000023">
      <Css projectStructure="" iteration="" />
      <Owners>
        <Owner name="" />
      </Owners>
      <Execution id="00000000-0000-0000-91c4-000000000023" />
      <TestMethod adapterTypeName="Microsoft.VisualStudio.TestTools.TestTypes.Unit.UnitTestAdapter, Microsoft.VisualStudio.QualityTools.Tips.UnitTest.Adapter, Version=10.0.0.0, Culture=neutral, PublicKeyToken=b03f5f7f11d50a3a" name="DateIsInvalidClientFormatTest" codeBase="" className="Beachcomber.Db.SqlClr.Spec.DateIsInvalidFormatSpec, Beachcomber" />
    </UnitTest>
    <UnitTest name="DateIsInvalidClientFormatTest" storage="" id="00000000-0000-0000-91c4-000000000024">
      <Css projectStructure="" iteration="" />
      <Owners>
        <Owner name="" />
      </Owners>
      <Execution id="00000000-0000-0000-91c4-000000000024" />
      <TestMethod adapterTypeName="Microsoft.VisualStudio.TestTools.TestTypes.Unit.UnitTestAdapter, Microsoft.VisualStudio.QualityTools.Tips.UnitTest.Adapter, Version=10.0.0.0, Culture=neutral, PublicKeyToken=b03f5f7f11d50a3a" name="DateIsInvalidClientFormatTest" codeBase="" className="Beachcomber.Db.SqlClr.Spec.DateIsInvalidFormatSpec, Beachcomber" />
    </UnitTest>
    <UnitTest name="DateIsInvalidClientFormatTest" storage="" id="00000000-0000-0000-91c4-000000000025">
      <Css projectStructure="" iteration="" />
      <Owners>
        <Owner name="" />
      </Owners>
      <Execution id="00000000-0000-0000-91c4-000000000025" />
      <TestMethod adapterTypeName="Microsoft.VisualStudio.TestTools.TestTypes.Unit.UnitTestAdapter, Microsoft.VisualStudio.QualityTools.Tips.UnitTest.Adapter, Version=10.0.0.0, Culture=neutral, PublicKeyToken=b03f5f7f11d50a3a" name="DateIsInvalidClientFormatTest" codeBase="" className="Beachcomber.Db.SqlClr.Spec.DateIsInvalidFormatSpec, Beachcomber" />
    </UnitTest>
    <UnitTest name="DateIsInvalidClientFormatTest" storage="" id="00000000-0000-0000-91c4-000000000026">
      <Css projectStructure="" iteration="" />
      <Owners>
        <Owner name="" />
      </Owners>
      <Execution id="00000000-0000-0000-91c4-000000000026" />
      <TestMethod adapterTypeName="Microsoft.VisualStudio.TestTools.TestTypes.Unit.UnitTestAdapter, Microsoft.VisualStudio.QualityTools.Tips.UnitTest.Adapter, Version=10.0.0.0, Culture=neutral, PublicKeyToken=b03f5f7f11d50a3a" name="DateIsInvalidClientFormatTest" codeBase="" className="Beachcomber.Db.SqlClr.Spec.DateIsInvalidFormatSpec, Beachcomber" />
    </UnitTest>
    <UnitTest name="DateIsInvalidClientFormatTest" storage="" id="00000000-0000-0000-91c4-000000000027">
      <Css projectStructure="" iteration="" />
      <Owners>
        <Owner name="" />
      </Owners>
      <Execution id="00000000-0000-0000-91c4-000000000027" />
      <TestMethod adapterTypeName="Microsoft.VisualStudio.TestTools.TestTypes.Unit.UnitTestAdapter, Microsoft.VisualStudio.QualityTools.Tips.UnitTest.Adapter, Version=10.0.0.0, Culture=neutral, PublicKeyToken=b03f5f7f11d50a3a" name="DateIsInvalidClientFormatTest" codeBase="" className="Beachcomber.Db.SqlClr.Spec.DateIsInvalidFormatSpec, Beachcomber" />
    </UnitTest>
    <UnitTest name="DateIsInvalidClientFormatTest" storage="" id="00000000-0000-0000-91c4-000000000028">
      <Css projectStructure="" iteration="" />
      <Owners>
        <Owner name="" />
      </Owners>
      <Execution id="00000000-0000-0000-91c4-000000000028" />
      <TestMethod adapterTypeName="Microsoft.VisualStudio.TestTools.TestTypes.Unit.UnitTestAdapter, Microsoft.VisualStudio.QualityTools.Tips.UnitTest.Adapter, Version=10.0.0.0, Culture=neutral, PublicKeyToken=b03f5f7f11d50a3a" name="DateIsInvalidClientFormatTest" codeBase="" className="Beachcomber.Db.SqlClr.Spec.DateIsInvalidFormatSpec, Beachcomber" />
    </UnitTest>
    <UnitTest name="DateIsInvalidClientFormatTest" storage="" id="00000000-0000-0000-91c4-000000000029">
      <Css projectStructure="" iteration="" />
      <Owners>
        <Owner name="" />
      </Owners>
      <Execution id="00000000-0000-0000-91c4-000000000029" />
      <TestMethod adapterTypeName="Microsoft.VisualStudio.TestTools.TestTypes.Unit.UnitTestAdapter, Microsoft.VisualStudio.QualityTools.Tips.UnitTest.Adapter, Version=10.0.0.0, Culture=neutral, PublicKeyToken=b03f5f7f11d50a3a" name="DateIsInvalidClientFormatTest" codeBase="" className="Beachcomber.Db.SqlClr.Spec.DateIsInvalidFormatSpec, Beachcomber" />
    </UnitTest>
    <UnitTest name="DateIsInvalidClientFormatTest" storage="" id="00000000-0000-0000-91c4-00000000002A">
      <Css projectStructure="" iteration="" />
      <Owners>
        <Owner name="" />
      </Owners>
      <Execution id="00000000-0000-0000-91c4-00000000002A" />
      <TestMethod adapterTypeName="Microsoft.VisualStudio.TestTools.TestTypes.Unit.UnitTestAdapter, Microsoft.VisualStudio.QualityTools.Tips.UnitTest.Adapter, Version=10.0.0.0, Culture=neutral, PublicKeyToken=b03f5f7f11d50a3a" name="DateIsInvalidClientFormatTest" codeBase="" className="Beachcomber.Db.SqlClr.Spec.DateIsInvalidFormatSpec, Beachcomber" />
    </UnitTest>
    <UnitTest name="DateIsInvalidClientFormatTest" storage="" id="00000000-0000-0000-91c4-00000000002B">
      <Css projectStructure="" iteration="" />
      <Owners>
        <Owner name="" />
      </Owners>
      <Execution id="00000000-0000-0000-91c4-00000000002B" />
      <TestMethod adapterTypeName="Microsoft.VisualStudio.TestTools.TestTypes.Unit.UnitTestAdapter, Microsoft.VisualStudio.QualityTools.Tips.UnitTest.Adapter, Version=10.0.0.0, Culture=neutral, PublicKeyToken=b03f5f7f11d50a3a" name="DateIsInvalidClientFormatTest" codeBase="" className="Beachcomber.Db.SqlClr.Spec.DateIsInvalidFormatSpec, Beachcomber" />
    </UnitTest>
    <UnitTest name="DateIsInvalidClientFormatTest" storage="" id="00000000-0000-0000-91c4-00000000002C">
      <Css projectStructure="" iteration="" />
      <Owners>
        <Owner name="" />
      </Owners>
      <Execution id="00000000-0000-0000-91c4-00000000002C" />
      <TestMethod adapterTypeName="Microsoft.VisualStudio.TestTools.TestTypes.Unit.UnitTestAdapter, Microsoft.VisualStudio.QualityTools.Tips.UnitTest.Adapter, Version=10.0.0.0, Culture=neutral, PublicKeyToken=b03f5f7f11d50a3a" name="DateIsInvalidClientFormatTest" codeBase="" className="Beachcomber.Db.SqlClr.Spec.DateIsInvalidFormatSpec, Beachcomber" />
    </UnitTest>
    <UnitTest name="DateTest" storage="" id="00000000-0000-0000-91c4-00000000002D">
      <Css projectStructure="" iteration="" />
      <Owners>
        <Owner name="" />
      </Owners>
      <Execution id="00000000-0000-0000-91c4-00000000002D" />
      <TestMethod adapterTypeName="Microsoft.VisualStudio.TestTools.TestTypes.Unit.UnitTestAdapter, Microsoft.VisualStudio.QualityTools.Tips.UnitTest.Adapter, Version=10.0.0.0, Culture=neutral, PublicKeyToken=b03f5f7f11d50a3a" name="DateTest" codeBase="" className="Beachcomber.Db.SqlClr.Spec.DateToClientFormatSpec, Beachcomber" />
    </UnitTest>
    <UnitTest name="DateTest" storage="" id="00000000-0000-0000-91c4-00000000002E">
      <Css projectStructure="" iteration="" />
      <Owners>
        <Owner name="" />
      </Owners>
      <Execution id="00000000-0000-0000-91c4-00000000002E" />
      <TestMethod adapterTypeName="Microsoft.VisualStudio.TestTools.TestTypes.Unit.UnitTestAdapter, Microsoft.VisualStudio.QualityTools.Tips.UnitTest.Adapter, Version=10.0.0.0, Culture=neutral, PublicKeyToken=b03f5f7f11d50a3a" name="DateTest" codeBase="" className="Beachcomber.Db.SqlClr.Spec.DateToClientFormatSpec, Beachcomber" />
    </UnitTest>
    <UnitTest name="DateTest" storage="" id="00000000-0000-0000-91c4-00000000002F">
      <Css projectStructure="" iteration="" />
      <Owners>
        <Owner name="" />
      </Owners>
      <Execution id="00000000-0000-0000-91c4-00000000002F" />
      <TestMethod adapterTypeName="Microsoft.VisualStudio.TestTools.TestTypes.Unit.UnitTestAdapter, Microsoft.VisualStudio.QualityTools.Tips.UnitTest.Adapter, Version=10.0.0.0, Culture=neutral, PublicKeyToken=b03f5f7f11d50a3a" name="DateTest" codeBase="" className="Beachcomber.Db.SqlClr.Spec.DateToClientFormatSpec, Beachcomber" />
    </UnitTest>
    <UnitTest name="DateTest" storage="" id="00000000-0000-0000-91c4-000000000030">
      <Css projectStructure="" iteration="" />
      <Owners>
        <Owner name="" />
      </Owners>
      <Execution id="00000000-0000-0000-91c4-000000000030" />
      <TestMethod adapterTypeName="Microsoft.VisualStudio.TestTools.TestTypes.Unit.UnitTestAdapter, Microsoft.VisualStudio.QualityTools.Tips.UnitTest.Adapter, Version=10.0.0.0, Culture=neutral, PublicKeyToken=b03f5f7f11d50a3a" name="DateTest" codeBase="" className="Beachcomber.Db.SqlClr.Spec.DateToClientFormatSpec, Beachcomber" />
    </UnitTest>
    <UnitTest name="DateTest" storage="" id="00000000-0000-0000-91c4-000000000031">
      <Css projectStructure="" iteration="" />
      <Owners>
        <Owner name="" />
      </Owners>
      <Execution id="00000000-0000-0000-91c4-000000000031" />
      <TestMethod adapterTypeName="Microsoft.VisualStudio.TestTools.TestTypes.Unit.UnitTestAdapter, Microsoft.VisualStudio.QualityTools.Tips.UnitTest.Adapter, Version=10.0.0.0, Culture=neutral, PublicKeyToken=b03f5f7f11d50a3a" name="DateTest" codeBase="" className="Beachcomber.Db.SqlClr.Spec.DateToClientFormatSpec, Beachcomber" />
    </UnitTest>
    <UnitTest name="DateTest" storage="" id="00000000-0000-0000-91c4-000000000032">
      <Css projectStructure="" iteration="" />
      <Owners>
        <Owner name="" />
      </Owners>
      <Execution id="00000000-0000-0000-91c4-000000000032" />
      <TestMethod adapterTypeName="Microsoft.VisualStudio.TestTools.TestTypes.Unit.UnitTestAdapter, Microsoft.VisualStudio.QualityTools.Tips.UnitTest.Adapter, Version=10.0.0.0, Culture=neutral, PublicKeyToken=b03f5f7f11d50a3a" name="DateTest" codeBase="" className="Beachcomber.Db.SqlClr.Spec.DateToClientFormatSpec, Beachcomber" />
    </UnitTest>
    <UnitTest name="DateTest" storage="" id="00000000-0000-0000-91c4-000000000033">
      <Css projectStructure="" iteration="" />
      <Owners>
        <Owner name="" />
      </Owners>
      <Execution id="00000000-0000-0000-91c4-000000000033" />
      <TestMethod adapterTypeName="Microsoft.VisualStudio.TestTools.TestTypes.Unit.UnitTestAdapter, Microsoft.VisualStudio.QualityTools.Tips.UnitTest.Adapter, Version=10.0.0.0, Culture=neutral, PublicKeyToken=b03f5f7f11d50a3a" name="DateTest" codeBase="" className="Beachcomber.Db.SqlClr.Spec.DateToClientFormatSpec, Beachcomber" />
    </UnitTest>
    <UnitTest name="DateTest" storage="" id="00000000-0000-0000-91c4-000000000034">
      <Css projectStructure="" iteration="" />
      <Owners>
        <Owner name="" />
      </Owners>
      <Execution id="00000000-0000-0000-91c4-000000000034" />
      <TestMethod adapterTypeName="Microsoft.VisualStudio.TestTools.TestTypes.Unit.UnitTestAdapter, Microsoft.VisualStudio.QualityTools.Tips.UnitTest.Adapter, Version=10.0.0.0, Culture=neutral, PublicKeyToken=b03f5f7f11d50a3a" name="DateTest" codeBase="" className="Beachcomber.Db.SqlClr.Spec.DateToClientFormatSpec, Beachcomber" />
    </UnitTest>
    <UnitTest name="NumberIsInvalidClientFormatTest" storage="" id="00000000-0000-0000-91c4-000000000035">
      <Css projectStructure="" iteration="" />
      <Owners>
        <Owner name="" />
      </Owners>
      <Execution id="00000000-0000-0000-91c4-000000000035" />
      <TestMethod adapterTypeName="Microsoft.VisualStudio.TestTools.TestTypes.Unit.UnitTestAdapter, Microsoft.VisualStudio.QualityTools.Tips.UnitTest.Adapter, Version=10.0.0.0, Culture=neutral, PublicKeyToken=b03f5f7f11d50a3a" name="NumberIsInvalidClientFormatTest" codeBase="" className="Beachcomber.Db.SqlClr.Spec.NumberIsInvalidFormatSpec, Beachcomber" />
    </UnitTest>
    <UnitTest name="NumberIsInvalidClientFormatTest" storage="" id="00000000-0000-0000-91c4-000000000036">
      <Css projectStructure="" iteration="" />
      <Owners>
        <Owner name="" />
      </Owners>
      <Execution id="00000000-0000-0000-91c4-000000000036" />
      <TestMethod adapterTypeName="Microsoft.VisualStudio.TestTools.TestTypes.Unit.UnitTestAdapter, Microsoft.VisualStudio.QualityTools.Tips.UnitTest.Adapter, Version=10.0.0.0, Culture=neutral, PublicKeyToken=b03f5f7f11d50a3a" name="NumberIsInvalidClientFormatTest" codeBase="" className="Beachcomber.Db.SqlClr.Spec.NumberIsInvalidFormatSpec, Beachcomber" />
    </UnitTest>
    <UnitTest name="NumberIsInvalidClientFormatTest" storage="" id="00000000-0000-0000-91c4-000000000037">
      <Css projectStructure="" iteration="" />
      <Owners>
        <Owner name="" />
      </Owners>
      <Execution id="00000000-0000-0000-91c4-000000000037" />
      <TestMethod adapterTypeName="Microsoft.VisualStudio.TestTools.TestTypes.Unit.UnitTestAdapter, Microsoft.VisualStudio.QualityTools.Tips.UnitTest.Adapter, Version=10.0.0.0, Culture=neutral, PublicKeyToken=b03f5f7f11d50a3a" name="NumberIsInvalidClientFormatTest" codeBase="" className="Beachcomber.Db.SqlClr.Spec.NumberIsInvalidFormatSpec, Beachcomber" />
    </UnitTest>
    <UnitTest name="NumberIsInvalidClientFormatTest" storage="" id="00000000-0000-0000-91c4-000000000038">
      <Css projectStructure="" iteration="" />
      <Owners>
        <Owner name="" />
      </Owners>
      <Execution id="00000000-0000-0000-91c4-000000000038" />
      <TestMethod adapterTypeName="Microsoft.VisualStudio.TestTools.TestTypes.Unit.UnitTestAdapter, Microsoft.VisualStudio.QualityTools.Tips.UnitTest.Adapter, Version=10.0.0.0, Culture=neutral, PublicKeyToken=b03f5f7f11d50a3a" name="NumberIsInvalidClientFormatTest" codeBase="" className="Beachcomber.Db.SqlClr.Spec.NumberIsInvalidFormatSpec, Beachcomber" />
    </UnitTest>
    <UnitTest name="NumberIsInvalidClientFormatTest" storage="" id="00000000-0000-0000-91c4-000000000039">
      <Css projectStructure="" iteration="" />
      <Owners>
        <Owner name="" />
      </Owners>
      <Execution id="00000000-0000-0000-91c4-000000000039" />
      <TestMethod adapterTypeName="Microsoft.VisualStudio.TestTools.TestTypes.Unit.UnitTestAdapter, Microsoft.VisualStudio.QualityTools.Tips.UnitTest.Adapter, Version=10.0.0.0, Culture=neutral, PublicKeyToken=b03f5f7f11d50a3a" name="NumberIsInvalidClientFormatTest" codeBase="" className="Beachcomber.Db.SqlClr.Spec.NumberIsInvalidFormatSpec, Beachcomber" />
    </UnitTest>
    <UnitTest name="RegexReplaceTest" storage="" id="00000000-0000-0000-91c4-00000000003A">
      <Css projectStructure="" iteration="" />
      <Owners>
        <Owner name="" />
      </Owners>
      <Execution id="00000000-0000-0000-91c4-00000000003A" />
      <TestMethod adapterTypeName="Microsoft.VisualStudio.TestTools.TestTypes.Unit.UnitTestAdapter, Microsoft.VisualStudio.QualityTools.Tips.UnitTest.Adapter, Version=10.0.0.0, Culture=neutral, PublicKeyToken=b03f5f7f11d50a3a" name="RegexReplaceTest" codeBase="" className="Beachcomber.Db.SqlClr.Spec.TextRegexReplaceSpec, Beachcomber" />
    </UnitTest>
    <UnitTest name="PollSpec" storage="" id="00000000-0000-0000-91c4-00000000003B">
      <Css projectStructure="" iteration="" />
      <Owners>
        <Owner name="" />
      </Owners>
      <Execution id="00000000-0000-0000-91c4-00000000003B" />
      <TestMethod adapterTypeName="Microsoft.VisualStudio.TestTools.TestTypes.Unit.UnitTestAdapter, Microsoft.VisualStudio.QualityTools.Tips.UnitTest.Adapter, Version=10.0.0.0, Culture=neutral, PublicKeyToken=b03f5f7f11d50a3a" name="PollSpec" codeBase="" className="Beachcomber.Lib.Spec.ActiveDirectoryGroupMonitorSpec, Beachcomber" />
    </UnitTest>
    <UnitTest name="TemplateSpecAll" storage="" id="00000000-0000-0000-91c4-00000000003C">
      <Css projectStructure="" iteration="" />
      <Owners>
        <Owner name="" />
      </Owners>
      <Execution id="00000000-0000-0000-91c4-00000000003C" />
      <TestMethod adapterTypeName="Microsoft.VisualStudio.TestTools.TestTypes.Unit.UnitTestAdapter, Microsoft.VisualStudio.QualityTools.Tips.UnitTest.Adapter, Version=10.0.0.0, Culture=neutral, PublicKeyToken=b03f5f7f11d50a3a" name="TemplateSpecAll" codeBase="" className="Beachcomber.Lib.Spec.BeachcomberRazorTemplateSpec, Beachcomber" />
    </UnitTest>
    <UnitTest name="BrokerQueueClientTest" storage="" id="00000000-0000-0000-91c4-00000000003D">
      <Css projectStructure="" iteration="" />
      <Owners>
        <Owner name="" />
      </Owners>
      <Execution id="00000000-0000-0000-91c4-00000000003D" />
      <TestMethod adapterTypeName="Microsoft.VisualStudio.TestTools.TestTypes.Unit.UnitTestAdapter, Microsoft.VisualStudio.QualityTools.Tips.UnitTest.Adapter, Version=10.0.0.0, Culture=neutral, PublicKeyToken=b03f5f7f11d50a3a" name="BrokerQueueClientTest" codeBase="" className="Beachcomber.Lib.Spec.BrokerQueueClientSpec, Beachcomber" />
    </UnitTest>
    <UnitTest name="BrokerQueueClientTest" storage="" id="00000000-0000-0000-91c4-00000000003E">
      <Css projectStructure="" iteration="" />
      <Owners>
        <Owner name="" />
      </Owners>
      <Execution id="00000000-0000-0000-91c4-00000000003E" />
      <TestMethod adapterTypeName="Microsoft.VisualStudio.TestTools.TestTypes.Unit.UnitTestAdapter, Microsoft.VisualStudio.QualityTools.Tips.UnitTest.Adapter, Version=10.0.0.0, Culture=neutral, PublicKeyToken=b03f5f7f11d50a3a" name="BrokerQueueClientTest" codeBase="" className="Beachcomber.Lib.Spec.BrokerQueueClientSpec, Beachcomber" />
    </UnitTest>
    <UnitTest name="DetailsTagTest" storage="" id="00000000-0000-0000-91c4-00000000003F">
      <Css projectStructure="" iteration="" />
      <Owners>
        <Owner name="" />
      </Owners>
      <Execution id="00000000-0000-0000-91c4-00000000003F" />
      <TestMethod adapterTypeName="Microsoft.VisualStudio.TestTools.TestTypes.Unit.UnitTestAdapter, Microsoft.VisualStudio.QualityTools.Tips.UnitTest.Adapter, Version=10.0.0.0, Culture=neutral, PublicKeyToken=b03f5f7f11d50a3a" name="DetailsTagTest" codeBase="" className="Beachcomber.Lib.Spec.CommonMarkHelperSpec, Beachcomber" />
    </UnitTest>
    <UnitTest name="DetailsTagTest" storage="" id="00000000-0000-0000-91c4-000000000040">
      <Css projectStructure="" iteration="" />
      <Owners>
        <Owner name="" />
      </Owners>
      <Execution id="00000000-0000-0000-91c4-000000000040" />
      <TestMethod adapterTypeName="Microsoft.VisualStudio.TestTools.TestTypes.Unit.UnitTestAdapter, Microsoft.VisualStudio.QualityTools.Tips.UnitTest.Adapter, Version=10.0.0.0, Culture=neutral, PublicKeyToken=b03f5f7f11d50a3a" name="DetailsTagTest" codeBase="" className="Beachcomber.Lib.Spec.CommonMarkHelperSpec, Beachcomber" />
    </UnitTest>
    <UnitTest name="DbModelProcessing" storage="" id="00000000-0000-0000-91c4-000000000041">
      <Css projectStructure="" iteration="" />
      <Owners>
        <Owner name="" />
      </Owners>
      <Execution id="00000000-0000-0000-91c4-000000000041" />
      <TestMethod adapterTypeName="Microsoft.VisualStudio.TestTools.TestTypes.Unit.UnitTestAdapter, Microsoft.VisualStudio.QualityTools.Tips.UnitTest.Adapter, Version=10.0.0.0, Culture=neutral, PublicKeyToken=b03f5f7f11d50a3a" name="DbModelProcessing" codeBase="" className="Beachcomber.Lib.Spec.DbModelProcessorSpec, Beachcomber" />
    </UnitTest>
    <UnitTest name="DbModelProcessing" storage="" id="00000000-0000-0000-91c4-000000000042">
      <Css projectStructure="" iteration="" />
      <Owners>
        <Owner name="" />
      </Owners>
      <Execution id="00000000-0000-0000-91c4-000000000042" />
      <TestMethod adapterTypeName="Microsoft.VisualStudio.TestTools.TestTypes.Unit.UnitTestAdapter, Microsoft.VisualStudio.QualityTools.Tips.UnitTest.Adapter, Version=10.0.0.0, Culture=neutral, PublicKeyToken=b03f5f7f11d50a3a" name="DbModelProcessing" codeBase="" className="Beachcomber.Lib.Spec.DbModelProcessorSpec, Beachcomber" />
    </UnitTest>
    <UnitTest name="DbModelProcessing" storage="" id="00000000-0000-0000-91c4-000000000043">
      <Css projectStructure="" iteration="" />
      <Owners>
        <Owner name="" />
      </Owners>
      <Execution id="00000000-0000-0000-91c4-000000000043" />
      <TestMethod adapterTypeName="Microsoft.VisualStudio.TestTools.TestTypes.Unit.UnitTestAdapter, Microsoft.VisualStudio.QualityTools.Tips.UnitTest.Adapter, Version=10.0.0.0, Culture=neutral, PublicKeyToken=b03f5f7f11d50a3a" name="DbModelProcessing" codeBase="" className="Beachcomber.Lib.Spec.DbModelProcessorSpec, Beachcomber" />
    </UnitTest>
    <UnitTest name="DbModelProcessing" storage="" id="00000000-0000-0000-91c4-000000000044">
      <Css projectStructure="" iteration="" />
      <Owners>
        <Owner name="" />
      </Owners>
      <Execution id="00000000-0000-0000-91c4-000000000044" />
      <TestMethod adapterTypeName="Microsoft.VisualStudio.TestTools.TestTypes.Unit.UnitTestAdapter, Microsoft.VisualStudio.QualityTools.Tips.UnitTest.Adapter, Version=10.0.0.0, Culture=neutral, PublicKeyToken=b03f5f7f11d50a3a" name="DbModelProcessing" codeBase="" className="Beachcomber.Lib.Spec.DbModelProcessorSpec, Beachcomber" />
    </UnitTest>
    <UnitTest name="DetailsTagTest" storage="" id="00000000-0000-0000-91c4-000000000045">
      <Css projectStructure="" iteration="" />
      <Owners>
        <Owner name="" />
      </Owners>
      <Execution id="00000000-0000-0000-91c4-000000000045" />
      <TestMethod adapterTypeName="Microsoft.VisualStudio.TestTools.TestTypes.Unit.UnitTestAdapter, Microsoft.VisualStudio.QualityTools.Tips.UnitTest.Adapter, Version=10.0.0.0, Culture=neutral, PublicKeyToken=b03f5f7f11d50a3a" name="DetailsTagTest" codeBase="" className="Beachcomber.Lib.Spec.DotLiquidExtensionsSpec, Beachcomber" />
    </UnitTest>
    <UnitTest name="DetailsTagTest" storage="" id="00000000-0000-0000-91c4-000000000046">
      <Css projectStructure="" iteration="" />
      <Owners>
        <Owner name="" />
      </Owners>
      <Execution id="00000000-0000-0000-91c4-000000000046" />
      <TestMethod adapterTypeName="Microsoft.VisualStudio.TestTools.TestTypes.Unit.UnitTestAdapter, Microsoft.VisualStudio.QualityTools.Tips.UnitTest.Adapter, Version=10.0.0.0, Culture=neutral, PublicKeyToken=b03f5f7f11d50a3a" name="DetailsTagTest" codeBase="" className="Beachcomber.Lib.Spec.DotLiquidExtensionsSpec, Beachcomber" />
    </UnitTest>
    <UnitTest name="DetailsTagTest" storage="" id="00000000-0000-0000-91c4-000000000047">
      <Css projectStructure="" iteration="" />
      <Owners>
        <Owner name="" />
      </Owners>
      <Execution id="00000000-0000-0000-91c4-000000000047" />
      <TestMethod adapterTypeName="Microsoft.VisualStudio.TestTools.TestTypes.Unit.UnitTestAdapter, Microsoft.VisualStudio.QualityTools.Tips.UnitTest.Adapter, Version=10.0.0.0, Culture=neutral, PublicKeyToken=b03f5f7f11d50a3a" name="DetailsTagTest" codeBase="" className="Beachcomber.Lib.Spec.DotLiquidExtensionsSpec, Beachcomber" />
    </UnitTest>
    <UnitTest name="DetailsTagTest" storage="" id="00000000-0000-0000-91c4-000000000048">
      <Css projectStructure="" iteration="" />
      <Owners>
        <Owner name="" />
      </Owners>
      <Execution id="00000000-0000-0000-91c4-000000000048" />
      <TestMethod adapterTypeName="Microsoft.VisualStudio.TestTools.TestTypes.Unit.UnitTestAdapter, Microsoft.VisualStudio.QualityTools.Tips.UnitTest.Adapter, Version=10.0.0.0, Culture=neutral, PublicKeyToken=b03f5f7f11d50a3a" name="DetailsTagTest" codeBase="" className="Beachcomber.Lib.Spec.DotLiquidExtensionsSpec, Beachcomber" />
    </UnitTest>
    <UnitTest name="DetailsTagTest" storage="" id="00000000-0000-0000-91c4-000000000049">
      <Css projectStructure="" iteration="" />
      <Owners>
        <Owner name="" />
      </Owners>
      <Execution id="00000000-0000-0000-91c4-000000000049" />
      <TestMethod adapterTypeName="Microsoft.VisualStudio.TestTools.TestTypes.Unit.UnitTestAdapter, Microsoft.VisualStudio.QualityTools.Tips.UnitTest.Adapter, Version=10.0.0.0, Culture=neutral, PublicKeyToken=b03f5f7f11d50a3a" name="DetailsTagTest" codeBase="" className="Beachcomber.Lib.Spec.DotLiquidExtensionsSpec, Beachcomber" />
    </UnitTest>
    <UnitTest name="ExcelExportSpecAll" storage="" id="00000000-0000-0000-91c4-00000000004A">
      <Css projectStructure="" iteration="" />
      <Owners>
        <Owner name="" />
      </Owners>
      <Execution id="00000000-0000-0000-91c4-00000000004A" />
      <TestMethod adapterTypeName="Microsoft.VisualStudio.TestTools.TestTypes.Unit.UnitTestAdapter, Microsoft.VisualStudio.QualityTools.Tips.UnitTest.Adapter, Version=10.0.0.0, Culture=neutral, PublicKeyToken=b03f5f7f11d50a3a" name="ExcelExportSpecAll" codeBase="" className="Beachcomber.Lib.Spec.ExcelExportSpec, Beachcomber" />
    </UnitTest>
    <UnitTest name="ExcelExportSpecAll" storage="" id="00000000-0000-0000-91c4-00000000004B">
      <Css projectStructure="" iteration="" />
      <Owners>
        <Owner name="" />
      </Owners>
      <Execution id="00000000-0000-0000-91c4-00000000004B" />
      <TestMethod adapterTypeName="Microsoft.VisualStudio.TestTools.TestTypes.Unit.UnitTestAdapter, Microsoft.VisualStudio.QualityTools.Tips.UnitTest.Adapter, Version=10.0.0.0, Culture=neutral, PublicKeyToken=b03f5f7f11d50a3a" name="ExcelExportSpecAll" codeBase="" className="Beachcomber.Lib.Spec.ExcelExportSpec, Beachcomber" />
    </UnitTest>
    <UnitTest name="ExcelExportSpecAll" storage="" id="00000000-0000-0000-91c4-00000000004C">
      <Css projectStructure="" iteration="" />
      <Owners>
        <Owner name="" />
      </Owners>
      <Execution id="00000000-0000-0000-91c4-00000000004C" />
      <TestMethod adapterTypeName="Microsoft.VisualStudio.TestTools.TestTypes.Unit.UnitTestAdapter, Microsoft.VisualStudio.QualityTools.Tips.UnitTest.Adapter, Version=10.0.0.0, Culture=neutral, PublicKeyToken=b03f5f7f11d50a3a" name="ExcelExportSpecAll" codeBase="" className="Beachcomber.Lib.Spec.ExcelExportSpec, Beachcomber" />
    </UnitTest>
    <UnitTest name="ExcelExportSpecAll" storage="" id="00000000-0000-0000-91c4-00000000004D">
      <Css projectStructure="" iteration="" />
      <Owners>
        <Owner name="" />
      </Owners>
      <Execution id="00000000-0000-0000-91c4-00000000004D" />
      <TestMethod adapterTypeName="Microsoft.VisualStudio.TestTools.TestTypes.Unit.UnitTestAdapter, Microsoft.VisualStudio.QualityTools.Tips.UnitTest.Adapter, Version=10.0.0.0, Culture=neutral, PublicKeyToken=b03f5f7f11d50a3a" name="ExcelExportSpecAll" codeBase="" className="Beachcomber.Lib.Spec.ExcelExportSpec, Beachcomber" />
    </UnitTest>
    <UnitTest name="ExcelExportSpecAll" storage="" id="00000000-0000-0000-91c4-00000000004E">
      <Css projectStructure="" iteration="" />
      <Owners>
        <Owner name="" />
      </Owners>
      <Execution id="00000000-0000-0000-91c4-00000000004E" />
      <TestMethod adapterTypeName="Microsoft.VisualStudio.TestTools.TestTypes.Unit.UnitTestAdapter, Microsoft.VisualStudio.QualityTools.Tips.UnitTest.Adapter, Version=10.0.0.0, Culture=neutral, PublicKeyToken=b03f5f7f11d50a3a" name="ExcelExportSpecAll" codeBase="" className="Beachcomber.Lib.Spec.ExcelExportSpec, Beachcomber" />
    </UnitTest>
    <UnitTest name="ExcelExportSpecAll" storage="" id="00000000-0000-0000-91c4-00000000004F">
      <Css projectStructure="" iteration="" />
      <Owners>
        <Owner name="" />
      </Owners>
      <Execution id="00000000-0000-0000-91c4-00000000004F" />
      <TestMethod adapterTypeName="Microsoft.VisualStudio.TestTools.TestTypes.Unit.UnitTestAdapter, Microsoft.VisualStudio.QualityTools.Tips.UnitTest.Adapter, Version=10.0.0.0, Culture=neutral, PublicKeyToken=b03f5f7f11d50a3a" name="ExcelExportSpecAll" codeBase="" className="Beachcomber.Lib.Spec.ExcelExportSpec, Beachcomber" />
    </UnitTest>
    <UnitTest name="ExcelExportSpecAll" storage="" id="00000000-0000-0000-91c4-000000000050">
      <Css projectStructure="" iteration="" />
      <Owners>
        <Owner name="" />
      </Owners>
      <Execution id="00000000-0000-0000-91c4-000000000050" />
      <TestMethod adapterTypeName="Microsoft.VisualStudio.TestTools.TestTypes.Unit.UnitTestAdapter, Microsoft.VisualStudio.QualityTools.Tips.UnitTest.Adapter, Version=10.0.0.0, Culture=neutral, PublicKeyToken=b03f5f7f11d50a3a" name="ExcelExportSpecAll" codeBase="" className="Beachcomber.Lib.Spec.ExcelExportSpec, Beachcomber" />
    </UnitTest>
    <UnitTest name="ExcelExportSpecAll" storage="" id="00000000-0000-0000-91c4-000000000051">
      <Css projectStructure="" iteration="" />
      <Owners>
        <Owner name="" />
      </Owners>
      <Execution id="00000000-0000-0000-91c4-000000000051" />
      <TestMethod adapterTypeName="Microsoft.VisualStudio.TestTools.TestTypes.Unit.UnitTestAdapter, Microsoft.VisualStudio.QualityTools.Tips.UnitTest.Adapter, Version=10.0.0.0, Culture=neutral, PublicKeyToken=b03f5f7f11d50a3a" name="ExcelExportSpecAll" codeBase="" className="Beachcomber.Lib.Spec.ExcelExportSpec, Beachcomber" />
    </UnitTest>
    <UnitTest name="ExcelExportSpecAll" storage="" id="00000000-0000-0000-91c4-000000000052">
      <Css projectStructure="" iteration="" />
      <Owners>
        <Owner name="" />
      </Owners>
      <Execution id="00000000-0000-0000-91c4-000000000052" />
      <TestMethod adapterTypeName="Microsoft.VisualStudio.TestTools.TestTypes.Unit.UnitTestAdapter, Microsoft.VisualStudio.QualityTools.Tips.UnitTest.Adapter, Version=10.0.0.0, Culture=neutral, PublicKeyToken=b03f5f7f11d50a3a" name="ExcelExportSpecAll" codeBase="" className="Beachcomber.Lib.Spec.ExcelExportSpec, Beachcomber" />
    </UnitTest>
    <UnitTest name="ExcelExportSpecAll" storage="" id="00000000-0000-0000-91c4-000000000053">
      <Css projectStructure="" iteration="" />
      <Owners>
        <Owner name="" />
      </Owners>
      <Execution id="00000000-0000-0000-91c4-000000000053" />
      <TestMethod adapterTypeName="Microsoft.VisualStudio.TestTools.TestTypes.Unit.UnitTestAdapter, Microsoft.VisualStudio.QualityTools.Tips.UnitTest.Adapter, Version=10.0.0.0, Culture=neutral, PublicKeyToken=b03f5f7f11d50a3a" name="ExcelExportSpecAll" codeBase="" className="Beachcomber.Lib.Spec.ExcelExportSpec, Beachcomber" />
    </UnitTest>
    <UnitTest name="ExcelExportSpecAll" storage="" id="00000000-0000-0000-91c4-000000000054">
      <Css projectStructure="" iteration="" />
      <Owners>
        <Owner name="" />
      </Owners>
      <Execution id="00000000-0000-0000-91c4-000000000054" />
      <TestMethod adapterTypeName="Microsoft.VisualStudio.TestTools.TestTypes.Unit.UnitTestAdapter, Microsoft.VisualStudio.QualityTools.Tips.UnitTest.Adapter, Version=10.0.0.0, Culture=neutral, PublicKeyToken=b03f5f7f11d50a3a" name="ExcelExportSpecAll" codeBase="" className="Beachcomber.Lib.Spec.ExcelExportSpec, Beachcomber" />
    </UnitTest>
    <UnitTest name="ExcelExportSpecAll" storage="" id="00000000-0000-0000-91c4-000000000055">
      <Css projectStructure="" iteration="" />
      <Owners>
        <Owner name="" />
      </Owners>
      <Execution id="00000000-0000-0000-91c4-000000000055" />
      <TestMethod adapterTypeName="Microsoft.VisualStudio.TestTools.TestTypes.Unit.UnitTestAdapter, Microsoft.VisualStudio.QualityTools.Tips.UnitTest.Adapter, Version=10.0.0.0, Culture=neutral, PublicKeyToken=b03f5f7f11d50a3a" name="ExcelExportSpecAll" codeBase="" className="Beachcomber.Lib.Spec.ExcelExportSpec, Beachcomber" />
    </UnitTest>
    <UnitTest name="ExcelExportSpecAll" storage="" id="00000000-0000-0000-91c4-000000000056">
      <Css projectStructure="" iteration="" />
      <Owners>
        <Owner name="" />
      </Owners>
      <Execution id="00000000-0000-0000-91c4-000000000056" />
      <TestMethod adapterTypeName="Microsoft.VisualStudio.TestTools.TestTypes.Unit.UnitTestAdapter, Microsoft.VisualStudio.QualityTools.Tips.UnitTest.Adapter, Version=10.0.0.0, Culture=neutral, PublicKeyToken=b03f5f7f11d50a3a" name="ExcelExportSpecAll" codeBase="" className="Beachcomber.Lib.Spec.ExcelExportSpec, Beachcomber" />
    </UnitTest>
    <UnitTest name="ExecutionSurfaceSpecAll" storage="" id="00000000-0000-0000-91c4-000000000057">
      <Css projectStructure="" iteration="" />
      <Owners>
        <Owner name="" />
      </Owners>
      <Execution id="00000000-0000-0000-91c4-000000000057" />
      <TestMethod adapterTypeName="Microsoft.VisualStudio.TestTools.TestTypes.Unit.UnitTestAdapter, Microsoft.VisualStudio.QualityTools.Tips.UnitTest.Adapter, Version=10.0.0.0, Culture=neutral, PublicKeyToken=b03f5f7f11d50a3a" name="ExecutionSurfaceSpecAll" codeBase="" className="Beachcomber.Lib.Spec.ExecutionSurfaceSpec, Beachcomber" />
    </UnitTest>
    <UnitTest name="ExecutionSurfaceSpecAll" storage="" id="00000000-0000-0000-91c4-000000000058">
      <Css projectStructure="" iteration="" />
      <Owners>
        <Owner name="" />
      </Owners>
      <Execution id="00000000-0000-0000-91c4-000000000058" />
      <TestMethod adapterTypeName="Microsoft.VisualStudio.TestTools.TestTypes.Unit.UnitTestAdapter, Microsoft.VisualStudio.QualityTools.Tips.UnitTest.Adapter, Version=10.0.0.0, Culture=neutral, PublicKeyToken=b03f5f7f11d50a3a" name="ExecutionSurfaceSpecAll" codeBase="" className="Beachcomber.Lib.Spec.ExecutionSurfaceSpec, Beachcomber" />
    </UnitTest>
    <UnitTest name="ExecutionSurfaceSpecAll" storage="" id="00000000-0000-0000-91c4-000000000059">
      <Css projectStructure="" iteration="" />
      <Owners>
        <Owner name="" />
      </Owners>
      <Execution id="00000000-0000-0000-91c4-000000000059" />
      <TestMethod adapterTypeName="Microsoft.VisualStudio.TestTools.TestTypes.Unit.UnitTestAdapter, Microsoft.VisualStudio.QualityTools.Tips.UnitTest.Adapter, Version=10.0.0.0, Culture=neutral, PublicKeyToken=b03f5f7f11d50a3a" name="ExecutionSurfaceSpecAll" codeBase="" className="Beachcomber.Lib.Spec.ExecutionSurfaceSpec, Beachcomber" />
    </UnitTest>
    <UnitTest name="XmlToFlexSpecArrays" storage="" id="00000000-0000-0000-91c4-00000000005A">
      <Css projectStructure="" iteration="" />
      <Owners>
        <Owner name="" />
      </Owners>
      <Execution id="00000000-0000-0000-91c4-00000000005A" />
      <TestMethod adapterTypeName="Microsoft.VisualStudio.TestTools.TestTypes.Unit.UnitTestAdapter, Microsoft.VisualStudio.QualityTools.Tips.UnitTest.Adapter, Version=10.0.0.0, Culture=neutral, PublicKeyToken=b03f5f7f11d50a3a" name="XmlToFlexSpecArrays" codeBase="" className="Beachcomber.Lib.Spec.ExtensionsSpec, Beachcomber" />
    </UnitTest>
    <UnitTest name="XmlToFlexSpec" storage="" id="00000000-0000-0000-91c4-00000000005B">
      <Css projectStructure="" iteration="" />
      <Owners>
        <Owner name="" />
      </Owners>
      <Execution id="00000000-0000-0000-91c4-00000000005B" />
      <TestMethod adapterTypeName="Microsoft.VisualStudio.TestTools.TestTypes.Unit.UnitTestAdapter, Microsoft.VisualStudio.QualityTools.Tips.UnitTest.Adapter, Version=10.0.0.0, Culture=neutral, PublicKeyToken=b03f5f7f11d50a3a" name="XmlToFlexSpec" codeBase="" className="Beachcomber.Lib.Spec.ExtensionsSpec, Beachcomber" />
    </UnitTest>
    <UnitTest name="ForEachSpec" storage="" id="00000000-0000-0000-91c4-00000000005C">
      <Css projectStructure="" iteration="" />
      <Owners>
        <Owner name="" />
      </Owners>
      <Execution id="00000000-0000-0000-91c4-00000000005C" />
      <TestMethod adapterTypeName="Microsoft.VisualStudio.TestTools.TestTypes.Unit.UnitTestAdapter, Microsoft.VisualStudio.QualityTools.Tips.UnitTest.Adapter, Version=10.0.0.0, Culture=neutral, PublicKeyToken=b03f5f7f11d50a3a" name="ForEachSpec" codeBase="" className="Beachcomber.Lib.Spec.ExtensionsSpec, Beachcomber" />
    </UnitTest>
    <UnitTest name="ToObjectSpec" storage="" id="00000000-0000-0000-91c4-00000000005D">
      <Css projectStructure="" iteration="" />
      <Owners>
        <Owner name="" />
      </Owners>
      <Execution id="00000000-0000-0000-91c4-00000000005D" />
      <TestMethod adapterTypeName="Microsoft.VisualStudio.TestTools.TestTypes.Unit.UnitTestAdapter, Microsoft.VisualStudio.QualityTools.Tips.UnitTest.Adapter, Version=10.0.0.0, Culture=neutral, PublicKeyToken=b03f5f7f11d50a3a" name="ToObjectSpec" codeBase="" className="Beachcomber.Lib.Spec.ExtensionsSpec, Beachcomber" />
    </UnitTest>
    <UnitTest name="ToObjectSpec" storage="" id="00000000-0000-0000-91c4-00000000005E">
      <Css projectStructure="" iteration="" />
      <Owners>
        <Owner name="" />
      </Owners>
      <Execution id="00000000-0000-0000-91c4-00000000005E" />
      <TestMethod adapterTypeName="Microsoft.VisualStudio.TestTools.TestTypes.Unit.UnitTestAdapter, Microsoft.VisualStudio.QualityTools.Tips.UnitTest.Adapter, Version=10.0.0.0, Culture=neutral, PublicKeyToken=b03f5f7f11d50a3a" name="ToObjectSpec" codeBase="" className="Beachcomber.Lib.Spec.ExtensionsSpec, Beachcomber" />
    </UnitTest>
    <UnitTest name="ToObjectSpec" storage="" id="00000000-0000-0000-91c4-00000000005F">
      <Css projectStructure="" iteration="" />
      <Owners>
        <Owner name="" />
      </Owners>
      <Execution id="00000000-0000-0000-91c4-00000000005F" />
      <TestMethod adapterTypeName="Microsoft.VisualStudio.TestTools.TestTypes.Unit.UnitTestAdapter, Microsoft.VisualStudio.QualityTools.Tips.UnitTest.Adapter, Version=10.0.0.0, Culture=neutral, PublicKeyToken=b03f5f7f11d50a3a" name="ToObjectSpec" codeBase="" className="Beachcomber.Lib.Spec.ExtensionsSpec, Beachcomber" />
    </UnitTest>
    <UnitTest name="FlexToXmlSpec" storage="" id="00000000-0000-0000-91c4-000000000060">
      <Css projectStructure="" iteration="" />
      <Owners>
        <Owner name="" />
      </Owners>
      <Execution id="00000000-0000-0000-91c4-000000000060" />
      <TestMethod adapterTypeName="Microsoft.VisualStudio.TestTools.TestTypes.Unit.UnitTestAdapter, Microsoft.VisualStudio.QualityTools.Tips.UnitTest.Adapter, Version=10.0.0.0, Culture=neutral, PublicKeyToken=b03f5f7f11d50a3a" name="FlexToXmlSpec" codeBase="" className="Beachcomber.Lib.Spec.ExtensionsSpec, Beachcomber" />
    </UnitTest>
    <UnitTest name="UnderscoreSpec" storage="" id="00000000-0000-0000-91c4-000000000061">
      <Css projectStructure="" iteration="" />
      <Owners>
        <Owner name="" />
      </Owners>
      <Execution id="00000000-0000-0000-91c4-000000000061" />
      <TestMethod adapterTypeName="Microsoft.VisualStudio.TestTools.TestTypes.Unit.UnitTestAdapter, Microsoft.VisualStudio.QualityTools.Tips.UnitTest.Adapter, Version=10.0.0.0, Culture=neutral, PublicKeyToken=b03f5f7f11d50a3a" name="UnderscoreSpec" codeBase="" className="Beachcomber.Lib.Spec.FlexSpec, Beachcomber" />
    </UnitTest>
    <UnitTest name="UnderscoreSpec" storage="" id="00000000-0000-0000-91c4-000000000062">
      <Css projectStructure="" iteration="" />
      <Owners>
        <Owner name="" />
      </Owners>
      <Execution id="00000000-0000-0000-91c4-000000000062" />
      <TestMethod adapterTypeName="Microsoft.VisualStudio.TestTools.TestTypes.Unit.UnitTestAdapter, Microsoft.VisualStudio.QualityTools.Tips.UnitTest.Adapter, Version=10.0.0.0, Culture=neutral, PublicKeyToken=b03f5f7f11d50a3a" name="UnderscoreSpec" codeBase="" className="Beachcomber.Lib.Spec.FlexSpec, Beachcomber" />
    </UnitTest>
    <UnitTest name="MetaJsonSpec" storage="" id="00000000-0000-0000-91c4-000000000063">
      <Css projectStructure="" iteration="" />
      <Owners>
        <Owner name="" />
      </Owners>
      <Execution id="00000000-0000-0000-91c4-000000000063" />
      <TestMethod adapterTypeName="Microsoft.VisualStudio.TestTools.TestTypes.Unit.UnitTestAdapter, Microsoft.VisualStudio.QualityTools.Tips.UnitTest.Adapter, Version=10.0.0.0, Culture=neutral, PublicKeyToken=b03f5f7f11d50a3a" name="MetaJsonSpec" codeBase="" className="Beachcomber.Lib.Spec.GridMetaSpec, Beachcomber" />
    </UnitTest>
    <UnitTest name="UnderscoreSpec" storage="" id="00000000-0000-0000-91c4-000000000064">
      <Css projectStructure="" iteration="" />
      <Owners>
        <Owner name="" />
      </Owners>
      <Execution id="00000000-0000-0000-91c4-000000000064" />
      <TestMethod adapterTypeName="Microsoft.VisualStudio.TestTools.TestTypes.Unit.UnitTestAdapter, Microsoft.VisualStudio.QualityTools.Tips.UnitTest.Adapter, Version=10.0.0.0, Culture=neutral, PublicKeyToken=b03f5f7f11d50a3a" name="UnderscoreSpec" codeBase="" className="Beachcomber.Lib.Spec.InflectorSpec, Beachcomber" />
    </UnitTest>
    <UnitTest name="JsonToObject" storage="" id="00000000-0000-0000-91c4-000000000065">
      <Css projectStructure="" iteration="" />
      <Owners>
        <Owner name="" />
      </Owners>
      <Execution id="00000000-0000-0000-91c4-000000000065" />
      <TestMethod adapterTypeName="Microsoft.VisualStudio.TestTools.TestTypes.Unit.UnitTestAdapter, Microsoft.VisualStudio.QualityTools.Tips.UnitTest.Adapter, Version=10.0.0.0, Culture=neutral, PublicKeyToken=b03f5f7f11d50a3a" name="JsonToObject" codeBase="" className="Beachcomber.Lib.Spec.JsonHelperSpec, Beachcomber" />
    </UnitTest>
    <UnitTest name="AnonymousObjectToJsonSpec" storage="" id="00000000-0000-0000-91c4-000000000066">
      <Css projectStructure="" iteration="" />
      <Owners>
        <Owner name="" />
      </Owners>
      <Execution id="00000000-0000-0000-91c4-000000000066" />
      <TestMethod adapterTypeName="Microsoft.VisualStudio.TestTools.TestTypes.Unit.UnitTestAdapter, Microsoft.VisualStudio.QualityTools.Tips.UnitTest.Adapter, Version=10.0.0.0, Culture=neutral, PublicKeyToken=b03f5f7f11d50a3a" name="AnonymousObjectToJsonSpec" codeBase="" className="Beachcomber.Lib.Spec.JsonHelperSpec, Beachcomber" />
    </UnitTest>
    <UnitTest name="FlexToJsonSpec" storage="" id="00000000-0000-0000-91c4-000000000067">
      <Css projectStructure="" iteration="" />
      <Owners>
        <Owner name="" />
      </Owners>
      <Execution id="00000000-0000-0000-91c4-000000000067" />
      <TestMethod adapterTypeName="Microsoft.VisualStudio.TestTools.TestTypes.Unit.UnitTestAdapter, Microsoft.VisualStudio.QualityTools.Tips.UnitTest.Adapter, Version=10.0.0.0, Culture=neutral, PublicKeyToken=b03f5f7f11d50a3a" name="FlexToJsonSpec" codeBase="" className="Beachcomber.Lib.Spec.JsonHelperSpec, Beachcomber" />
    </UnitTest>
    <UnitTest name="SprocSpecAll" storage="" id="00000000-0000-0000-91c4-000000000068">
      <Css projectStructure="" iteration="" />
      <Owners>
        <Owner name="" />
      </Owners>
      <Execution id="00000000-0000-0000-91c4-000000000068" />
      <TestMethod adapterTypeName="Microsoft.VisualStudio.TestTools.TestTypes.Unit.UnitTestAdapter, Microsoft.VisualStudio.QualityTools.Tips.UnitTest.Adapter, Version=10.0.0.0, Culture=neutral, PublicKeyToken=b03f5f7f11d50a3a" name="SprocSpecAll" codeBase="" className="Beachcomber.Lib.Spec.SprocSpec, Beachcomber" />
    </UnitTest>
    <UnitTest name="SprocSpecAll" storage="" id="00000000-0000-0000-91c4-000000000069">
      <Css projectStructure="" iteration="" />
      <Owners>
        <Owner name="" />
      </Owners>
      <Execution id="00000000-0000-0000-91c4-000000000069" />
      <TestMethod adapterTypeName="Microsoft.VisualStudio.TestTools.TestTypes.Unit.UnitTestAdapter, Microsoft.VisualStudio.QualityTools.Tips.UnitTest.Adapter, Version=10.0.0.0, Culture=neutral, PublicKeyToken=b03f5f7f11d50a3a" name="SprocSpecAll" codeBase="" className="Beachcomber.Lib.Spec.SprocSpec, Beachcomber" />
    </UnitTest>
    <UnitTest name="SprocSpecAll" storage="" id="00000000-0000-0000-91c4-00000000006A">
      <Css projectStructure="" iteration="" />
      <Owners>
        <Owner name="" />
      </Owners>
      <Execution id="00000000-0000-0000-91c4-00000000006A" />
      <TestMethod adapterTypeName="Microsoft.VisualStudio.TestTools.TestTypes.Unit.UnitTestAdapter, Microsoft.VisualStudio.QualityTools.Tips.UnitTest.Adapter, Version=10.0.0.0, Culture=neutral, PublicKeyToken=b03f5f7f11d50a3a" name="SprocSpecAll" codeBase="" className="Beachcomber.Lib.Spec.SprocSpec, Beachcomber" />
    </UnitTest>
    <UnitTest name="SprocSpecAll" storage="" id="00000000-0000-0000-91c4-00000000006B">
      <Css projectStructure="" iteration="" />
      <Owners>
        <Owner name="" />
      </Owners>
      <Execution id="00000000-0000-0000-91c4-00000000006B" />
      <TestMethod adapterTypeName="Microsoft.VisualStudio.TestTools.TestTypes.Unit.UnitTestAdapter, Microsoft.VisualStudio.QualityTools.Tips.UnitTest.Adapter, Version=10.0.0.0, Culture=neutral, PublicKeyToken=b03f5f7f11d50a3a" name="SprocSpecAll" codeBase="" className="Beachcomber.Lib.Spec.SprocSpec, Beachcomber" />
    </UnitTest>
    <UnitTest name="SprocSpecAll" storage="" id="00000000-0000-0000-91c4-00000000006C">
      <Css projectStructure="" iteration="" />
      <Owners>
        <Owner name="" />
      </Owners>
      <Execution id="00000000-0000-0000-91c4-00000000006C" />
      <TestMethod adapterTypeName="Microsoft.VisualStudio.TestTools.TestTypes.Unit.UnitTestAdapter, Microsoft.VisualStudio.QualityTools.Tips.UnitTest.Adapter, Version=10.0.0.0, Culture=neutral, PublicKeyToken=b03f5f7f11d50a3a" name="SprocSpecAll" codeBase="" className="Beachcomber.Lib.Spec.SprocSpec, Beachcomber" />
    </UnitTest>
    <UnitTest name="SprocSpecAll" storage="" id="00000000-0000-0000-91c4-00000000006D">
      <Css projectStructure="" iteration="" />
      <Owners>
        <Owner name="" />
      </Owners>
      <Execution id="00000000-0000-0000-91c4-00000000006D" />
      <TestMethod adapterTypeName="Microsoft.VisualStudio.TestTools.TestTypes.Unit.UnitTestAdapter, Microsoft.VisualStudio.QualityTools.Tips.UnitTest.Adapter, Version=10.0.0.0, Culture=neutral, PublicKeyToken=b03f5f7f11d50a3a" name="SprocSpecAll" codeBase="" className="Beachcomber.Lib.Spec.SprocSpec, Beachcomber" />
    </UnitTest>
    <UnitTest name="SprocSpecAll" storage="" id="00000000-0000-0000-91c4-00000000006E">
      <Css projectStructure="" iteration="" />
      <Owners>
        <Owner name="" />
      </Owners>
      <Execution id="00000000-0000-0000-91c4-00000000006E" />
      <TestMethod adapterTypeName="Microsoft.VisualStudio.TestTools.TestTypes.Unit.UnitTestAdapter, Microsoft.VisualStudio.QualityTools.Tips.UnitTest.Adapter, Version=10.0.0.0, Culture=neutral, PublicKeyToken=b03f5f7f11d50a3a" name="SprocSpecAll" codeBase="" className="Beachcomber.Lib.Spec.SprocSpec, Beachcomber" />
    </UnitTest>
    <UnitTest name="SprocSpecAll" storage="" id="00000000-0000-0000-91c4-00000000006F">
      <Css projectStructure="" iteration="" />
      <Owners>
        <Owner name="" />
      </Owners>
      <Execution id="00000000-0000-0000-91c4-00000000006F" />
      <TestMethod adapterTypeName="Microsoft.VisualStudio.TestTools.TestTypes.Unit.UnitTestAdapter, Microsoft.VisualStudio.QualityTools.Tips.UnitTest.Adapter, Version=10.0.0.0, Culture=neutral, PublicKeyToken=b03f5f7f11d50a3a" name="SprocSpecAll" codeBase="" className="Beachcomber.Lib.Spec.SprocSpec, Beachcomber" />
    </UnitTest>
    <UnitTest name="SprocSpecAll" storage="" id="00000000-0000-0000-91c4-000000000070">
      <Css projectStructure="" iteration="" />
      <Owners>
        <Owner name="" />
      </Owners>
      <Execution id="00000000-0000-0000-91c4-000000000070" />
      <TestMethod adapterTypeName="Microsoft.VisualStudio.TestTools.TestTypes.Unit.UnitTestAdapter, Microsoft.VisualStudio.QualityTools.Tips.UnitTest.Adapter, Version=10.0.0.0, Culture=neutral, PublicKeyToken=b03f5f7f11d50a3a" name="SprocSpecAll" codeBase="" className="Beachcomber.Lib.Spec.SprocSpec, Beachcomber" />
    </UnitTest>
    <UnitTest name="SprocSpecAll" storage="" id="00000000-0000-0000-91c4-000000000071">
      <Css projectStructure="" iteration="" />
      <Owners>
        <Owner name="" />
      </Owners>
      <Execution id="00000000-0000-0000-91c4-000000000071" />
      <TestMethod adapterTypeName="Microsoft.VisualStudio.TestTools.TestTypes.Unit.UnitTestAdapter, Microsoft.VisualStudio.QualityTools.Tips.UnitTest.Adapter, Version=10.0.0.0, Culture=neutral, PublicKeyToken=b03f5f7f11d50a3a" name="SprocSpecAll" codeBase="" className="Beachcomber.Lib.Spec.SprocSpec, Beachcomber" />
    </UnitTest>
    <UnitTest name="SprocSpecAll" storage="" id="00000000-0000-0000-91c4-000000000072">
      <Css projectStructure="" iteration="" />
      <Owners>
        <Owner name="" />
      </Owners>
      <Execution id="00000000-0000-0000-91c4-000000000072" />
      <TestMethod adapterTypeName="Microsoft.VisualStudio.TestTools.TestTypes.Unit.UnitTestAdapter, Microsoft.VisualStudio.QualityTools.Tips.UnitTest.Adapter, Version=10.0.0.0, Culture=neutral, PublicKeyToken=b03f5f7f11d50a3a" name="SprocSpecAll" codeBase="" className="Beachcomber.Lib.Spec.SprocSpec, Beachcomber" />
    </UnitTest>
    <UnitTest name="SprocSpecAll" storage="" id="00000000-0000-0000-91c4-000000000073">
      <Css projectStructure="" iteration="" />
      <Owners>
        <Owner name="" />
      </Owners>
      <Execution id="00000000-0000-0000-91c4-000000000073" />
      <TestMethod adapterTypeName="Microsoft.VisualStudio.TestTools.TestTypes.Unit.UnitTestAdapter, Microsoft.VisualStudio.QualityTools.Tips.UnitTest.Adapter, Version=10.0.0.0, Culture=neutral, PublicKeyToken=b03f5f7f11d50a3a" name="SprocSpecAll" codeBase="" className="Beachcomber.Lib.Spec.SprocSpec, Beachcomber" />
    </UnitTest>
    <UnitTest name="SprocSpecAll" storage="" id="00000000-0000-0000-91c4-000000000074">
      <Css projectStructure="" iteration="" />
      <Owners>
        <Owner name="" />
      </Owners>
      <Execution id="00000000-0000-0000-91c4-000000000074" />
      <TestMethod adapterTypeName="Microsoft.VisualStudio.TestTools.TestTypes.Unit.UnitTestAdapter, Microsoft.VisualStudio.QualityTools.Tips.UnitTest.Adapter, Version=10.0.0.0, Culture=neutral, PublicKeyToken=b03f5f7f11d50a3a" name="SprocSpecAll" codeBase="" className="Beachcomber.Lib.Spec.SprocSpec, Beachcomber" />
    </UnitTest>
    <UnitTest name="SprocSpecAll" storage="" id="00000000-0000-0000-91c4-000000000075">
      <Css projectStructure="" iteration="" />
      <Owners>
        <Owner name="" />
      </Owners>
      <Execution id="00000000-0000-0000-91c4-000000000075" />
      <TestMethod adapterTypeName="Microsoft.VisualStudio.TestTools.TestTypes.Unit.UnitTestAdapter, Microsoft.VisualStudio.QualityTools.Tips.UnitTest.Adapter, Version=10.0.0.0, Culture=neutral, PublicKeyToken=b03f5f7f11d50a3a" name="SprocSpecAll" codeBase="" className="Beachcomber.Lib.Spec.SprocSpec, Beachcomber" />
    </UnitTest>
    <UnitTest name="SprocSpecAll" storage="" id="00000000-0000-0000-91c4-000000000076">
      <Css projectStructure="" iteration="" />
      <Owners>
        <Owner name="" />
      </Owners>
      <Execution id="00000000-0000-0000-91c4-000000000076" />
      <TestMethod adapterTypeName="Microsoft.VisualStudio.TestTools.TestTypes.Unit.UnitTestAdapter, Microsoft.VisualStudio.QualityTools.Tips.UnitTest.Adapter, Version=10.0.0.0, Culture=neutral, PublicKeyToken=b03f5f7f11d50a3a" name="SprocSpecAll" codeBase="" className="Beachcomber.Lib.Spec.SprocSpec, Beachcomber" />
    </UnitTest>
    <UnitTest name="SprocSpecAll" storage="" id="00000000-0000-0000-91c4-000000000077">
      <Css projectStructure="" iteration="" />
      <Owners>
        <Owner name="" />
      </Owners>
      <Execution id="00000000-0000-0000-91c4-000000000077" />
      <TestMethod adapterTypeName="Microsoft.VisualStudio.TestTools.TestTypes.Unit.UnitTestAdapter, Microsoft.VisualStudio.QualityTools.Tips.UnitTest.Adapter, Version=10.0.0.0, Culture=neutral, PublicKeyToken=b03f5f7f11d50a3a" name="SprocSpecAll" codeBase="" className="Beachcomber.Lib.Spec.SprocSpec, Beachcomber" />
    </UnitTest>
    <UnitTest name="SprocSpecAll" storage="" id="00000000-0000-0000-91c4-000000000078">
      <Css projectStructure="" iteration="" />
      <Owners>
        <Owner name="" />
      </Owners>
      <Execution id="00000000-0000-0000-91c4-000000000078" />
      <TestMethod adapterTypeName="Microsoft.VisualStudio.TestTools.TestTypes.Unit.UnitTestAdapter, Microsoft.VisualStudio.QualityTools.Tips.UnitTest.Adapter, Version=10.0.0.0, Culture=neutral, PublicKeyToken=b03f5f7f11d50a3a" name="SprocSpecAll" codeBase="" className="Beachcomber.Lib.Spec.SprocSpec, Beachcomber" />
    </UnitTest>
    <UnitTest name="SprocSpecAll" storage="" id="00000000-0000-0000-91c4-000000000079">
      <Css projectStructure="" iteration="" />
      <Owners>
        <Owner name="" />
      </Owners>
      <Execution id="00000000-0000-0000-91c4-000000000079" />
      <TestMethod adapterTypeName="Microsoft.VisualStudio.TestTools.TestTypes.Unit.UnitTestAdapter, Microsoft.VisualStudio.QualityTools.Tips.UnitTest.Adapter, Version=10.0.0.0, Culture=neutral, PublicKeyToken=b03f5f7f11d50a3a" name="SprocSpecAll" codeBase="" className="Beachcomber.Lib.Spec.SprocSpec, Beachcomber" />
    </UnitTest>
    <UnitTest name="SprocSpecAll" storage="" id="00000000-0000-0000-91c4-00000000007A">
      <Css projectStructure="" iteration="" />
      <Owners>
        <Owner name="" />
      </Owners>
      <Execution id="00000000-0000-0000-91c4-00000000007A" />
      <TestMethod adapterTypeName="Microsoft.VisualStudio.TestTools.TestTypes.Unit.UnitTestAdapter, Microsoft.VisualStudio.QualityTools.Tips.UnitTest.Adapter, Version=10.0.0.0, Culture=neutral, PublicKeyToken=b03f5f7f11d50a3a" name="SprocSpecAll" codeBase="" className="Beachcomber.Lib.Spec.SprocSpec, Beachcomber" />
    </UnitTest>
    <UnitTest name="SprocSpecAll" storage="" id="00000000-0000-0000-91c4-00000000007B">
      <Css projectStructure="" iteration="" />
      <Owners>
        <Owner name="" />
      </Owners>
      <Execution id="00000000-0000-0000-91c4-00000000007B" />
      <TestMethod adapterTypeName="Microsoft.VisualStudio.TestTools.TestTypes.Unit.UnitTestAdapter, Microsoft.VisualStudio.QualityTools.Tips.UnitTest.Adapter, Version=10.0.0.0, Culture=neutral, PublicKeyToken=b03f5f7f11d50a3a" name="SprocSpecAll" codeBase="" className="Beachcomber.Lib.Spec.SprocSpec, Beachcomber" />
    </UnitTest>
    <UnitTest name="SprocSpecAll" storage="" id="00000000-0000-0000-91c4-00000000007C">
      <Css projectStructure="" iteration="" />
      <Owners>
        <Owner name="" />
      </Owners>
      <Execution id="00000000-0000-0000-91c4-00000000007C" />
      <TestMethod adapterTypeName="Microsoft.VisualStudio.TestTools.TestTypes.Unit.UnitTestAdapter, Microsoft.VisualStudio.QualityTools.Tips.UnitTest.Adapter, Version=10.0.0.0, Culture=neutral, PublicKeyToken=b03f5f7f11d50a3a" name="SprocSpecAll" codeBase="" className="Beachcomber.Lib.Spec.SprocSpec, Beachcomber" />
    </UnitTest>
    <UnitTest name="SprocSpecAll" storage="" id="00000000-0000-0000-91c4-00000000007D">
      <Css projectStructure="" iteration="" />
      <Owners>
        <Owner name="" />
      </Owners>
      <Execution id="00000000-0000-0000-91c4-00000000007D" />
      <TestMethod adapterTypeName="Microsoft.VisualStudio.TestTools.TestTypes.Unit.UnitTestAdapter, Microsoft.VisualStudio.QualityTools.Tips.UnitTest.Adapter, Version=10.0.0.0, Culture=neutral, PublicKeyToken=b03f5f7f11d50a3a" name="SprocSpecAll" codeBase="" className="Beachcomber.Lib.Spec.SprocSpec, Beachcomber" />
    </UnitTest>
    <UnitTest name="SprocSpecAll" storage="" id="00000000-0000-0000-91c4-00000000007E">
      <Css projectStructure="" iteration="" />
      <Owners>
        <Owner name="" />
      </Owners>
      <Execution id="00000000-0000-0000-91c4-00000000007E" />
      <TestMethod adapterTypeName="Microsoft.VisualStudio.TestTools.TestTypes.Unit.UnitTestAdapter, Microsoft.VisualStudio.QualityTools.Tips.UnitTest.Adapter, Version=10.0.0.0, Culture=neutral, PublicKeyToken=b03f5f7f11d50a3a" name="SprocSpecAll" codeBase="" className="Beachcomber.Lib.Spec.SprocSpec, Beachcomber" />
    </UnitTest>
    <UnitTest name="SprocSpecAll" storage="" id="00000000-0000-0000-91c4-00000000007F">
      <Css projectStructure="" iteration="" />
      <Owners>
        <Owner name="" />
      </Owners>
      <Execution id="00000000-0000-0000-91c4-00000000007F" />
      <TestMethod adapterTypeName="Microsoft.VisualStudio.TestTools.TestTypes.Unit.UnitTestAdapter, Microsoft.VisualStudio.QualityTools.Tips.UnitTest.Adapter, Version=10.0.0.0, Culture=neutral, PublicKeyToken=b03f5f7f11d50a3a" name="SprocSpecAll" codeBase="" className="Beachcomber.Lib.Spec.SprocSpec, Beachcomber" />
    </UnitTest>
    <UnitTest name="SprocSpecAll" storage="" id="00000000-0000-0000-91c4-000000000080">
      <Css projectStructure="" iteration="" />
      <Owners>
        <Owner name="" />
      </Owners>
      <Execution id="00000000-0000-0000-91c4-000000000080" />
      <TestMethod adapterTypeName="Microsoft.VisualStudio.TestTools.TestTypes.Unit.UnitTestAdapter, Microsoft.VisualStudio.QualityTools.Tips.UnitTest.Adapter, Version=10.0.0.0, Culture=neutral, PublicKeyToken=b03f5f7f11d50a3a" name="SprocSpecAll" codeBase="" className="Beachcomber.Lib.Spec.SprocSpec, Beachcomber" />
    </UnitTest>
    <UnitTest name="SprocSpecAll" storage="" id="00000000-0000-0000-91c4-000000000081">
      <Css projectStructure="" iteration="" />
      <Owners>
        <Owner name="" />
      </Owners>
      <Execution id="00000000-0000-0000-91c4-000000000081" />
      <TestMethod adapterTypeName="Microsoft.VisualStudio.TestTools.TestTypes.Unit.UnitTestAdapter, Microsoft.VisualStudio.QualityTools.Tips.UnitTest.Adapter, Version=10.0.0.0, Culture=neutral, PublicKeyToken=b03f5f7f11d50a3a" name="SprocSpecAll" codeBase="" className="Beachcomber.Lib.Spec.SprocSpec, Beachcomber" />
    </UnitTest>
    <UnitTest name="SprocSpecAll" storage="" id="00000000-0000-0000-91c4-000000000082">
      <Css projectStructure="" iteration="" />
      <Owners>
        <Owner name="" />
      </Owners>
      <Execution id="00000000-0000-0000-91c4-000000000082" />
      <TestMethod adapterTypeName="Microsoft.VisualStudio.TestTools.TestTypes.Unit.UnitTestAdapter, Microsoft.VisualStudio.QualityTools.Tips.UnitTest.Adapter, Version=10.0.0.0, Culture=neutral, PublicKeyToken=b03f5f7f11d50a3a" name="SprocSpecAll" codeBase="" className="Beachcomber.Lib.Spec.SprocSpec, Beachcomber" />
    </UnitTest>
    <UnitTest name="SprocSpecAll" storage="" id="00000000-0000-0000-91c4-000000000083">
      <Css projectStructure="" iteration="" />
      <Owners>
        <Owner name="" />
      </Owners>
      <Execution id="00000000-0000-0000-91c4-000000000083" />
      <TestMethod adapterTypeName="Microsoft.VisualStudio.TestTools.TestTypes.Unit.UnitTestAdapter, Microsoft.VisualStudio.QualityTools.Tips.UnitTest.Adapter, Version=10.0.0.0, Culture=neutral, PublicKeyToken=b03f5f7f11d50a3a" name="SprocSpecAll" codeBase="" className="Beachcomber.Lib.Spec.SprocSpec, Beachcomber" />
    </UnitTest>
    <UnitTest name="SprocSpecAll" storage="" id="00000000-0000-0000-91c4-000000000084">
      <Css projectStructure="" iteration="" />
      <Owners>
        <Owner name="" />
      </Owners>
      <Execution id="00000000-0000-0000-91c4-000000000084" />
      <TestMethod adapterTypeName="Microsoft.VisualStudio.TestTools.TestTypes.Unit.UnitTestAdapter, Microsoft.VisualStudio.QualityTools.Tips.UnitTest.Adapter, Version=10.0.0.0, Culture=neutral, PublicKeyToken=b03f5f7f11d50a3a" name="SprocSpecAll" codeBase="" className="Beachcomber.Lib.Spec.SprocSpec, Beachcomber" />
    </UnitTest>
    <UnitTest name="ImportSpec" storage="" id="00000000-0000-0000-91c4-000000000085">
      <Css projectStructure="" iteration="" />
      <Owners>
        <Owner name="" />
      </Owners>
      <Execution id="00000000-0000-0000-91c4-000000000085" />
      <TestMethod adapterTypeName="Microsoft.VisualStudio.TestTools.TestTypes.Unit.UnitTestAdapter, Microsoft.VisualStudio.QualityTools.Tips.UnitTest.Adapter, Version=10.0.0.0, Culture=neutral, PublicKeyToken=b03f5f7f11d50a3a" name="ImportSpec" codeBase="" className="Beachcomber.Web.Spec.DirectFileControllerSpec, Beachcomber" />
    </UnitTest>
    <UnitTest name="ImportSpec" storage="" id="00000000-0000-0000-91c4-000000000086">
      <Css projectStructure="" iteration="" />
      <Owners>
        <Owner name="" />
      </Owners>
      <Execution id="00000000-0000-0000-91c4-000000000086" />
      <TestMethod adapterTypeName="Microsoft.VisualStudio.TestTools.TestTypes.Unit.UnitTestAdapter, Microsoft.VisualStudio.QualityTools.Tips.UnitTest.Adapter, Version=10.0.0.0, Culture=neutral, PublicKeyToken=b03f5f7f11d50a3a" name="ImportSpec" codeBase="" className="Beachcomber.Web.Spec.DirectFileControllerSpec, Beachcomber" />
    </UnitTest>
    <UnitTest name="ImportSpec" storage="" id="00000000-0000-0000-91c4-000000000087">
      <Css projectStructure="" iteration="" />
      <Owners>
        <Owner name="" />
      </Owners>
      <Execution id="00000000-0000-0000-91c4-000000000087" />
      <TestMethod adapterTypeName="Microsoft.VisualStudio.TestTools.TestTypes.Unit.UnitTestAdapter, Microsoft.VisualStudio.QualityTools.Tips.UnitTest.Adapter, Version=10.0.0.0, Culture=neutral, PublicKeyToken=b03f5f7f11d50a3a" name="ImportSpec" codeBase="" className="Beachcomber.Web.Spec.DirectFileControllerSpec, Beachcomber" />
    </UnitTest>
    <UnitTest name="ImportSpec" storage="" id="00000000-0000-0000-91c4-000000000088">
      <Css projectStructure="" iteration="" />
      <Owners>
        <Owner name="" />
      </Owners>
      <Execution id="00000000-0000-0000-91c4-000000000088" />
      <TestMethod adapterTypeName="Microsoft.VisualStudio.TestTools.TestTypes.Unit.UnitTestAdapter, Microsoft.VisualStudio.QualityTools.Tips.UnitTest.Adapter, Version=10.0.0.0, Culture=neutral, PublicKeyToken=b03f5f7f11d50a3a" name="ImportSpec" codeBase="" className="Beachcomber.Web.Spec.DirectFileControllerSpec, Beachcomber" />
    </UnitTest>
    <UnitTest name="ImportSpec" storage="" id="00000000-0000-0000-91c4-000000000089">
      <Css projectStructure="" iteration="" />
      <Owners>
        <Owner name="" />
      </Owners>
      <Execution id="00000000-0000-0000-91c4-000000000089" />
      <TestMethod adapterTypeName="Microsoft.VisualStudio.TestTools.TestTypes.Unit.UnitTestAdapter, Microsoft.VisualStudio.QualityTools.Tips.UnitTest.Adapter, Version=10.0.0.0, Culture=neutral, PublicKeyToken=b03f5f7f11d50a3a" name="ImportSpec" codeBase="" className="Beachcomber.Web.Spec.DirectFileControllerSpec, Beachcomber" />
    </UnitTest>
    <UnitTest name="ImportSpec" storage="" id="00000000-0000-0000-91c4-00000000008A">
      <Css projectStructure="" iteration="" />
      <Owners>
        <Owner name="" />
      </Owners>
      <Execution id="00000000-0000-0000-91c4-00000000008A" />
      <TestMethod adapterTypeName="Microsoft.VisualStudio.TestTools.TestTypes.Unit.UnitTestAdapter, Microsoft.VisualStudio.QualityTools.Tips.UnitTest.Adapter, Version=10.0.0.0, Culture=neutral, PublicKeyToken=b03f5f7f11d50a3a" name="ImportSpec" codeBase="" className="Beachcomber.Web.Spec.DirectFileControllerSpec, Beachcomber" />
    </UnitTest>
    <UnitTest name="DbCallSpec" storage="" id="00000000-0000-0000-91c4-00000000008B">
      <Css projectStructure="" iteration="" />
      <Owners>
        <Owner name="" />
      </Owners>
      <Execution id="00000000-0000-0000-91c4-00000000008B" />
      <TestMethod adapterTypeName="Microsoft.VisualStudio.TestTools.TestTypes.Unit.UnitTestAdapter, Microsoft.VisualStudio.QualityTools.Tips.UnitTest.Adapter, Version=10.0.0.0, Culture=neutral, PublicKeyToken=b03f5f7f11d50a3a" name="DbCallSpec" codeBase="" className="Beachcomber.Web.Spec.ModelControllerSpec, Beachcomber" />
    </UnitTest>
    <UnitTest name="SprocFilteredGetSpec" storage="" id="00000000-0000-0000-91c4-00000000008C">
      <Css projectStructure="" iteration="" />
      <Owners>
        <Owner name="" />
      </Owners>
      <Execution id="00000000-0000-0000-91c4-00000000008C" />
      <TestMethod adapterTypeName="Microsoft.VisualStudio.TestTools.TestTypes.Unit.UnitTestAdapter, Microsoft.VisualStudio.QualityTools.Tips.UnitTest.Adapter, Version=10.0.0.0, Culture=neutral, PublicKeyToken=b03f5f7f11d50a3a" name="SprocFilteredGetSpec" codeBase="" className="Beachcomber.Web.Spec.SprocControllerSpec, Beachcomber" />
    </UnitTest>
    <UnitTest name="SprocFilteredGetSpec" storage="" id="00000000-0000-0000-91c4-00000000008D">
      <Css projectStructure="" iteration="" />
      <Owners>
        <Owner name="" />
      </Owners>
      <Execution id="00000000-0000-0000-91c4-00000000008D" />
      <TestMethod adapterTypeName="Microsoft.VisualStudio.TestTools.TestTypes.Unit.UnitTestAdapter, Microsoft.VisualStudio.QualityTools.Tips.UnitTest.Adapter, Version=10.0.0.0, Culture=neutral, PublicKeyToken=b03f5f7f11d50a3a" name="SprocFilteredGetSpec" codeBase="" className="Beachcomber.Web.Spec.SprocControllerSpec, Beachcomber" />
    </UnitTest>
    <UnitTest name="SprocFilteredGetSpec" storage="" id="00000000-0000-0000-91c4-00000000008E">
      <Css projectStructure="" iteration="" />
      <Owners>
        <Owner name="" />
      </Owners>
      <Execution id="00000000-0000-0000-91c4-00000000008E" />
      <TestMethod adapterTypeName="Microsoft.VisualStudio.TestTools.TestTypes.Unit.UnitTestAdapter, Microsoft.VisualStudio.QualityTools.Tips.UnitTest.Adapter, Version=10.0.0.0, Culture=neutral, PublicKeyToken=b03f5f7f11d50a3a" name="SprocFilteredGetSpec" codeBase="" className="Beachcomber.Web.Spec.SprocControllerSpec, Beachcomber" />
    </UnitTest>
    <UnitTest name="SprocFilteredGetSpec" storage="" id="00000000-0000-0000-91c4-00000000008F">
      <Css projectStructure="" iteration="" />
      <Owners>
        <Owner name="" />
      </Owners>
      <Execution id="00000000-0000-0000-91c4-00000000008F" />
      <TestMethod adapterTypeName="Microsoft.VisualStudio.TestTools.TestTypes.Unit.UnitTestAdapter, Microsoft.VisualStudio.QualityTools.Tips.UnitTest.Adapter, Version=10.0.0.0, Culture=neutral, PublicKeyToken=b03f5f7f11d50a3a" name="SprocFilteredGetSpec" codeBase="" className="Beachcomber.Web.Spec.SprocControllerSpec, Beachcomber" />
    </UnitTest>
    <UnitTest name="SprocFilteredGetSpec" storage="" id="00000000-0000-0000-91c4-000000000090">
      <Css projectStructure="" iteration="" />
      <Owners>
        <Owner name="" />
      </Owners>
      <Execution id="00000000-0000-0000-91c4-000000000090" />
      <TestMethod adapterTypeName="Microsoft.VisualStudio.TestTools.TestTypes.Unit.UnitTestAdapter, Microsoft.VisualStudio.QualityTools.Tips.UnitTest.Adapter, Version=10.0.0.0, Culture=neutral, PublicKeyToken=b03f5f7f11d50a3a" name="SprocFilteredGetSpec" codeBase="" className="Beachcomber.Web.Spec.SprocControllerSpec, Beachcomber" />
    </UnitTest>
    <UnitTest name="SprocFilteredGetSpec" storage="" id="00000000-0000-0000-91c4-000000000091">
      <Css projectStructure="" iteration="" />
      <Owners>
        <Owner name="" />
      </Owners>
      <Execution id="00000000-0000-0000-91c4-000000000091" />
      <TestMethod adapterTypeName="Microsoft.VisualStudio.TestTools.TestTypes.Unit.UnitTestAdapter, Microsoft.VisualStudio.QualityTools.Tips.UnitTest.Adapter, Version=10.0.0.0, Culture=neutral, PublicKeyToken=b03f5f7f11d50a3a" name="SprocFilteredGetSpec" codeBase="" className="Beachcomber.Web.Spec.SprocControllerSpec, Beachcomber" />
    </UnitTest>
    <UnitTest name="SprocFilteredGetSpec" storage="" id="00000000-0000-0000-91c4-000000000092">
      <Css projectStructure="" iteration="" />
      <Owners>
        <Owner name="" />
      </Owners>
      <Execution id="00000000-0000-0000-91c4-000000000092" />
      <TestMethod adapterTypeName="Microsoft.VisualStudio.TestTools.TestTypes.Unit.UnitTestAdapter, Microsoft.VisualStudio.QualityTools.Tips.UnitTest.Adapter, Version=10.0.0.0, Culture=neutral, PublicKeyToken=b03f5f7f11d50a3a" name="SprocFilteredGetSpec" codeBase="" className="Beachcomber.Web.Spec.SprocControllerSpec, Beachcomber" />
    </UnitTest>
    <UnitTest name="SprocFilteredGetSpec" storage="" id="00000000-0000-0000-91c4-000000000093">
      <Css projectStructure="" iteration="" />
      <Owners>
        <Owner name="" />
      </Owners>
      <Execution id="00000000-0000-0000-91c4-000000000093" />
      <TestMethod adapterTypeName="Microsoft.VisualStudio.TestTools.TestTypes.Unit.UnitTestAdapter, Microsoft.VisualStudio.QualityTools.Tips.UnitTest.Adapter, Version=10.0.0.0, Culture=neutral, PublicKeyToken=b03f5f7f11d50a3a" name="SprocFilteredGetSpec" codeBase="" className="Beachcomber.Web.Spec.SprocControllerSpec, Beachcomber" />
    </UnitTest>
    <UnitTest name="SprocFilteredGetSpec" storage="" id="00000000-0000-0000-91c4-000000000094">
      <Css projectStructure="" iteration="" />
      <Owners>
        <Owner name="" />
      </Owners>
      <Execution id="00000000-0000-0000-91c4-000000000094" />
      <TestMethod adapterTypeName="Microsoft.VisualStudio.TestTools.TestTypes.Unit.UnitTestAdapter, Microsoft.VisualStudio.QualityTools.Tips.UnitTest.Adapter, Version=10.0.0.0, Culture=neutral, PublicKeyToken=b03f5f7f11d50a3a" name="SprocFilteredGetSpec" codeBase="" className="Beachcomber.Web.Spec.SprocControllerSpec, Beachcomber" />
    </UnitTest>
    <UnitTest name="SprocFilteredGetSpec" storage="" id="00000000-0000-0000-91c4-000000000095">
      <Css projectStructure="" iteration="" />
      <Owners>
        <Owner name="" />
      </Owners>
      <Execution id="00000000-0000-0000-91c4-000000000095" />
      <TestMethod adapterTypeName="Microsoft.VisualStudio.TestTools.TestTypes.Unit.UnitTestAdapter, Microsoft.VisualStudio.QualityTools.Tips.UnitTest.Adapter, Version=10.0.0.0, Culture=neutral, PublicKeyToken=b03f5f7f11d50a3a" name="SprocFilteredGetSpec" codeBase="" className="Beachcomber.Web.Spec.SprocControllerSpec, Beachcomber" />
    </UnitTest>
    <UnitTest name="SprocFilteredGetSpec" storage="" id="00000000-0000-0000-91c4-000000000096">
      <Css projectStructure="" iteration="" />
      <Owners>
        <Owner name="" />
      </Owners>
      <Execution id="00000000-0000-0000-91c4-000000000096" />
      <TestMethod adapterTypeName="Microsoft.VisualStudio.TestTools.TestTypes.Unit.UnitTestAdapter, Microsoft.VisualStudio.QualityTools.Tips.UnitTest.Adapter, Version=10.0.0.0, Culture=neutral, PublicKeyToken=b03f5f7f11d50a3a" name="SprocFilteredGetSpec" codeBase="" className="Beachcomber.Web.Spec.SprocControllerSpec, Beachcomber" />
    </UnitTest>
    <UnitTest name="SprocFilteredGetSpec" storage="" id="00000000-0000-0000-91c4-000000000097">
      <Css projectStructure="" iteration="" />
      <Owners>
        <Owner name="" />
      </Owners>
      <Execution id="00000000-0000-0000-91c4-000000000097" />
      <TestMethod adapterTypeName="Microsoft.VisualStudio.TestTools.TestTypes.Unit.UnitTestAdapter, Microsoft.VisualStudio.QualityTools.Tips.UnitTest.Adapter, Version=10.0.0.0, Culture=neutral, PublicKeyToken=b03f5f7f11d50a3a" name="SprocFilteredGetSpec" codeBase="" className="Beachcomber.Web.Spec.SprocControllerSpec, Beachcomber" />
    </UnitTest>
    <UnitTest name="SprocFilteredGetSpec" storage="" id="00000000-0000-0000-91c4-000000000098">
      <Css projectStructure="" iteration="" />
      <Owners>
        <Owner name="" />
      </Owners>
      <Execution id="00000000-0000-0000-91c4-000000000098" />
      <TestMethod adapterTypeName="Microsoft.VisualStudio.TestTools.TestTypes.Unit.UnitTestAdapter, Microsoft.VisualStudio.QualityTools.Tips.UnitTest.Adapter, Version=10.0.0.0, Culture=neutral, PublicKeyToken=b03f5f7f11d50a3a" name="SprocFilteredGetSpec" codeBase="" className="Beachcomber.Web.Spec.SprocControllerSpec, Beachcomber" />
    </UnitTest>
    <UnitTest name="SprocFilteredGetSpec" storage="" id="00000000-0000-0000-91c4-000000000099">
      <Css projectStructure="" iteration="" />
      <Owners>
        <Owner name="" />
      </Owners>
      <Execution id="00000000-0000-0000-91c4-000000000099" />
      <TestMethod adapterTypeName="Microsoft.VisualStudio.TestTools.TestTypes.Unit.UnitTestAdapter, Microsoft.VisualStudio.QualityTools.Tips.UnitTest.Adapter, Version=10.0.0.0, Culture=neutral, PublicKeyToken=b03f5f7f11d50a3a" name="SprocFilteredGetSpec" codeBase="" className="Beachcomber.Web.Spec.SprocControllerSpec, Beachcomber" />
    </UnitTest>
    <UnitTest name="SprocFilteredGetSpec" storage="" id="00000000-0000-0000-91c4-00000000009A">
      <Css projectStructure="" iteration="" />
      <Owners>
        <Owner name="" />
      </Owners>
      <Execution id="00000000-0000-0000-91c4-00000000009A" />
      <TestMethod adapterTypeName="Microsoft.VisualStudio.TestTools.TestTypes.Unit.UnitTestAdapter, Microsoft.VisualStudio.QualityTools.Tips.UnitTest.Adapter, Version=10.0.0.0, Culture=neutral, PublicKeyToken=b03f5f7f11d50a3a" name="SprocFilteredGetSpec" codeBase="" className="Beachcomber.Web.Spec.SprocControllerSpec, Beachcomber" />
    </UnitTest>
    <UnitTest name="SprocFilteredGetSpec" storage="" id="00000000-0000-0000-91c4-00000000009B">
      <Css projectStructure="" iteration="" />
      <Owners>
        <Owner name="" />
      </Owners>
      <Execution id="00000000-0000-0000-91c4-00000000009B" />
      <TestMethod adapterTypeName="Microsoft.VisualStudio.TestTools.TestTypes.Unit.UnitTestAdapter, Microsoft.VisualStudio.QualityTools.Tips.UnitTest.Adapter, Version=10.0.0.0, Culture=neutral, PublicKeyToken=b03f5f7f11d50a3a" name="SprocFilteredGetSpec" codeBase="" className="Beachcomber.Web.Spec.SprocControllerSpec, Beachcomber" />
    </UnitTest>
    <UnitTest name="SprocFilteredGetSpec" storage="" id="00000000-0000-0000-91c4-00000000009C">
      <Css projectStructure="" iteration="" />
      <Owners>
        <Owner name="" />
      </Owners>
      <Execution id="00000000-0000-0000-91c4-00000000009C" />
      <TestMethod adapterTypeName="Microsoft.VisualStudio.TestTools.TestTypes.Unit.UnitTestAdapter, Microsoft.VisualStudio.QualityTools.Tips.UnitTest.Adapter, Version=10.0.0.0, Culture=neutral, PublicKeyToken=b03f5f7f11d50a3a" name="SprocFilteredGetSpec" codeBase="" className="Beachcomber.Web.Spec.SprocControllerSpec, Beachcomber" />
    </UnitTest>
    <UnitTest name="SprocFilteredGetSpec" storage="" id="00000000-0000-0000-91c4-00000000009D">
      <Css projectStructure="" iteration="" />
      <Owners>
        <Owner name="" />
      </Owners>
      <Execution id="00000000-0000-0000-91c4-00000000009D" />
      <TestMethod adapterTypeName="Microsoft.VisualStudio.TestTools.TestTypes.Unit.UnitTestAdapter, Microsoft.VisualStudio.QualityTools.Tips.UnitTest.Adapter, Version=10.0.0.0, Culture=neutral, PublicKeyToken=b03f5f7f11d50a3a" name="SprocFilteredGetSpec" codeBase="" className="Beachcomber.Web.Spec.SprocControllerSpec, Beachcomber" />
    </UnitTest>
    <UnitTest name="SprocFilteredGetSpec" storage="" id="00000000-0000-0000-91c4-00000000009E">
      <Css projectStructure="" iteration="" />
      <Owners>
        <Owner name="" />
      </Owners>
      <Execution id="00000000-0000-0000-91c4-00000000009E" />
      <TestMethod adapterTypeName="Microsoft.VisualStudio.TestTools.TestTypes.Unit.UnitTestAdapter, Microsoft.VisualStudio.QualityTools.Tips.UnitTest.Adapter, Version=10.0.0.0, Culture=neutral, PublicKeyToken=b03f5f7f11d50a3a" name="SprocFilteredGetSpec" codeBase="" className="Beachcomber.Web.Spec.SprocControllerSpec, Beachcomber" />
    </UnitTest>
    <UnitTest name="SprocFilteredGetSpec" storage="" id="00000000-0000-0000-91c4-00000000009F">
      <Css projectStructure="" iteration="" />
      <Owners>
        <Owner name="" />
      </Owners>
      <Execution id="00000000-0000-0000-91c4-00000000009F" />
      <TestMethod adapterTypeName="Microsoft.VisualStudio.TestTools.TestTypes.Unit.UnitTestAdapter, Microsoft.VisualStudio.QualityTools.Tips.UnitTest.Adapter, Version=10.0.0.0, Culture=neutral, PublicKeyToken=b03f5f7f11d50a3a" name="SprocFilteredGetSpec" codeBase="" className="Beachcomber.Web.Spec.SprocControllerSpec, Beachcomber" />
    </UnitTest>
    <UnitTest name="SprocFilteredGetSpec" storage="" id="00000000-0000-0000-91c4-0000000000A0">
      <Css projectStructure="" iteration="" />
      <Owners>
        <Owner name="" />
      </Owners>
      <Execution id="00000000-0000-0000-91c4-0000000000A0" />
      <TestMethod adapterTypeName="Microsoft.VisualStudio.TestTools.TestTypes.Unit.UnitTestAdapter, Microsoft.VisualStudio.QualityTools.Tips.UnitTest.Adapter, Version=10.0.0.0, Culture=neutral, PublicKeyToken=b03f5f7f11d50a3a" name="SprocFilteredGetSpec" codeBase="" className="Beachcomber.Web.Spec.SprocControllerSpec, Beachcomber" />
    </UnitTest>
    <UnitTest name="SprocFilteredGetSpec" storage="" id="00000000-0000-0000-91c4-0000000000A1">
      <Css projectStructure="" iteration="" />
      <Owners>
        <Owner name="" />
      </Owners>
      <Execution id="00000000-0000-0000-91c4-0000000000A1" />
      <TestMethod adapterTypeName="Microsoft.VisualStudio.TestTools.TestTypes.Unit.UnitTestAdapter, Microsoft.VisualStudio.QualityTools.Tips.UnitTest.Adapter, Version=10.0.0.0, Culture=neutral, PublicKeyToken=b03f5f7f11d50a3a" name="SprocFilteredGetSpec" codeBase="" className="Beachcomber.Web.Spec.SprocControllerSpec, Beachcomber" />
    </UnitTest>
    <UnitTest name="SprocCallSpec" storage="" id="00000000-0000-0000-91c4-0000000000A2">
      <Css projectStructure="" iteration="" />
      <Owners>
        <Owner name="" />
      </Owners>
      <Execution id="00000000-0000-0000-91c4-0000000000A2" />
      <TestMethod adapterTypeName="Microsoft.VisualStudio.TestTools.TestTypes.Unit.UnitTestAdapter, Microsoft.VisualStudio.QualityTools.Tips.UnitTest.Adapter, Version=10.0.0.0, Culture=neutral, PublicKeyToken=b03f5f7f11d50a3a" name="SprocCallSpec" codeBase="" className="Beachcomber.Web.Spec.SprocControllerSpec, Beachcomber" />
    </UnitTest>
    <UnitTest name="SprocCallSpec" storage="" id="00000000-0000-0000-91c4-0000000000A3">
      <Css projectStructure="" iteration="" />
      <Owners>
        <Owner name="" />
      </Owners>
      <Execution id="00000000-0000-0000-91c4-0000000000A3" />
      <TestMethod adapterTypeName="Microsoft.VisualStudio.TestTools.TestTypes.Unit.UnitTestAdapter, Microsoft.VisualStudio.QualityTools.Tips.UnitTest.Adapter, Version=10.0.0.0, Culture=neutral, PublicKeyToken=b03f5f7f11d50a3a" name="SprocCallSpec" codeBase="" className="Beachcomber.Web.Spec.SprocControllerSpec, Beachcomber" />
    </UnitTest>
    <UnitTest name="SprocCallSpec" storage="" id="00000000-0000-0000-91c4-0000000000A4">
      <Css projectStructure="" iteration="" />
      <Owners>
        <Owner name="" />
      </Owners>
      <Execution id="00000000-0000-0000-91c4-0000000000A4" />
      <TestMethod adapterTypeName="Microsoft.VisualStudio.TestTools.TestTypes.Unit.UnitTestAdapter, Microsoft.VisualStudio.QualityTools.Tips.UnitTest.Adapter, Version=10.0.0.0, Culture=neutral, PublicKeyToken=b03f5f7f11d50a3a" name="SprocCallSpec" codeBase="" className="Beachcomber.Web.Spec.SprocControllerSpec, Beachcomber" />
    </UnitTest>
    <UnitTest name="SprocCallSpec" storage="" id="00000000-0000-0000-91c4-0000000000A5">
      <Css projectStructure="" iteration="" />
      <Owners>
        <Owner name="" />
      </Owners>
      <Execution id="00000000-0000-0000-91c4-0000000000A5" />
      <TestMethod adapterTypeName="Microsoft.VisualStudio.TestTools.TestTypes.Unit.UnitTestAdapter, Microsoft.VisualStudio.QualityTools.Tips.UnitTest.Adapter, Version=10.0.0.0, Culture=neutral, PublicKeyToken=b03f5f7f11d50a3a" name="SprocCallSpec" codeBase="" className="Beachcomber.Web.Spec.SprocControllerSpec, Beachcomber" />
    </UnitTest>
    <UnitTest name="SprocCallSpec" storage="" id="00000000-0000-0000-91c4-0000000000A6">
      <Css projectStructure="" iteration="" />
      <Owners>
        <Owner name="" />
      </Owners>
      <Execution id="00000000-0000-0000-91c4-0000000000A6" />
      <TestMethod adapterTypeName="Microsoft.VisualStudio.TestTools.TestTypes.Unit.UnitTestAdapter, Microsoft.VisualStudio.QualityTools.Tips.UnitTest.Adapter, Version=10.0.0.0, Culture=neutral, PublicKeyToken=b03f5f7f11d50a3a" name="SprocCallSpec" codeBase="" className="Beachcomber.Web.Spec.SprocControllerSpec, Beachcomber" />
    </UnitTest>
    <UnitTest name="SprocCallSpec" storage="" id="00000000-0000-0000-91c4-0000000000A7">
      <Css projectStructure="" iteration="" />
      <Owners>
        <Owner name="" />
      </Owners>
      <Execution id="00000000-0000-0000-91c4-0000000000A7" />
      <TestMethod adapterTypeName="Microsoft.VisualStudio.TestTools.TestTypes.Unit.UnitTestAdapter, Microsoft.VisualStudio.QualityTools.Tips.UnitTest.Adapter, Version=10.0.0.0, Culture=neutral, PublicKeyToken=b03f5f7f11d50a3a" name="SprocCallSpec" codeBase="" className="Beachcomber.Web.Spec.SprocControllerSpec, Beachcomber" />
    </UnitTest>
    <UnitTest name="SprocCallSpec" storage="" id="00000000-0000-0000-91c4-0000000000A8">
      <Css projectStructure="" iteration="" />
      <Owners>
        <Owner name="" />
      </Owners>
      <Execution id="00000000-0000-0000-91c4-0000000000A8" />
      <TestMethod adapterTypeName="Microsoft.VisualStudio.TestTools.TestTypes.Unit.UnitTestAdapter, Microsoft.VisualStudio.QualityTools.Tips.UnitTest.Adapter, Version=10.0.0.0, Culture=neutral, PublicKeyToken=b03f5f7f11d50a3a" name="SprocCallSpec" codeBase="" className="Beachcomber.Web.Spec.SprocControllerSpec, Beachcomber" />
    </UnitTest>
    <UnitTest name="SprocCallSpec" storage="" id="00000000-0000-0000-91c4-0000000000A9">
      <Css projectStructure="" iteration="" />
      <Owners>
        <Owner name="" />
      </Owners>
      <Execution id="00000000-0000-0000-91c4-0000000000A9" />
      <TestMethod adapterTypeName="Microsoft.VisualStudio.TestTools.TestTypes.Unit.UnitTestAdapter, Microsoft.VisualStudio.QualityTools.Tips.UnitTest.Adapter, Version=10.0.0.0, Culture=neutral, PublicKeyToken=b03f5f7f11d50a3a" name="SprocCallSpec" codeBase="" className="Beachcomber.Web.Spec.SprocControllerSpec, Beachcomber" />
    </UnitTest>
    <UnitTest name="SprocCallSpec" storage="" id="00000000-0000-0000-91c4-0000000000AA">
      <Css projectStructure="" iteration="" />
      <Owners>
        <Owner name="" />
      </Owners>
      <Execution id="00000000-0000-0000-91c4-0000000000AA" />
      <TestMethod adapterTypeName="Microsoft.VisualStudio.TestTools.TestTypes.Unit.UnitTestAdapter, Microsoft.VisualStudio.QualityTools.Tips.UnitTest.Adapter, Version=10.0.0.0, Culture=neutral, PublicKeyToken=b03f5f7f11d50a3a" name="SprocCallSpec" codeBase="" className="Beachcomber.Web.Spec.SprocControllerSpec, Beachcomber" />
    </UnitTest>
  </TestDefinitions>
  <TestLists>
    <TestList name="Results Not in a List" id="8c84fa94-04c1-424b-9868-57a2d4851a1d" />
    <TestList name="All Loaded Results" id="19431567-8539-422a-85d7-44ee4e166bda" />
  </TestLists>
  <TestEntries>
    <TestEntry testListId="8c84fa94-04c1-424b-9868-57a2d4851a1d" testId="00000000-0000-0000-91c4-000000000001" executionId="00000000-0000-0000-91c4-000000000001" />
    <TestEntry testListId="8c84fa94-04c1-424b-9868-57a2d4851a1d" testId="00000000-0000-0000-91c4-000000000002" executionId="00000000-0000-0000-91c4-000000000002" />
    <TestEntry testListId="8c84fa94-04c1-424b-9868-57a2d4851a1d" testId="00000000-0000-0000-91c4-000000000003" executionId="00000000-0000-0000-91c4-000000000003" />
    <TestEntry testListId="8c84fa94-04c1-424b-9868-57a2d4851a1d" testId="00000000-0000-0000-91c4-000000000004" executionId="00000000-0000-0000-91c4-000000000004" />
    <TestEntry testListId="8c84fa94-04c1-424b-9868-57a2d4851a1d" testId="00000000-0000-0000-91c4-000000000005" executionId="00000000-0000-0000-91c4-000000000005" />
    <TestEntry testListId="8c84fa94-04c1-424b-9868-57a2d4851a1d" testId="00000000-0000-0000-91c4-000000000006" executionId="00000000-0000-0000-91c4-000000000006" />
    <TestEntry testListId="8c84fa94-04c1-424b-9868-57a2d4851a1d" testId="00000000-0000-0000-91c4-000000000007" executionId="00000000-0000-0000-91c4-000000000007" />
    <TestEntry testListId="8c84fa94-04c1-424b-9868-57a2d4851a1d" testId="00000000-0000-0000-91c4-000000000008" executionId="00000000-0000-0000-91c4-000000000008" />
    <TestEntry testListId="8c84fa94-04c1-424b-9868-57a2d4851a1d" testId="00000000-0000-0000-91c4-000000000009" executionId="00000000-0000-0000-91c4-000000000009" />
    <TestEntry testListId="8c84fa94-04c1-424b-9868-57a2d4851a1d" testId="00000000-0000-0000-91c4-00000000000A" executionId="00000000-0000-0000-91c4-00000000000A" />
    <TestEntry testListId="8c84fa94-04c1-424b-9868-57a2d4851a1d" testId="00000000-0000-0000-91c4-00000000000B" executionId="00000000-0000-0000-91c4-00000000000B" />
    <TestEntry testListId="8c84fa94-04c1-424b-9868-57a2d4851a1d" testId="00000000-0000-0000-91c4-00000000000C" executionId="00000000-0000-0000-91c4-00000000000C" />
    <TestEntry testListId="8c84fa94-04c1-424b-9868-57a2d4851a1d" testId="00000000-0000-0000-91c4-00000000000D" executionId="00000000-0000-0000-91c4-00000000000D" />
    <TestEntry testListId="8c84fa94-04c1-424b-9868-57a2d4851a1d" testId="00000000-0000-0000-91c4-00000000000E" executionId="00000000-0000-0000-91c4-00000000000E" />
    <TestEntry testListId="8c84fa94-04c1-424b-9868-57a2d4851a1d" testId="00000000-0000-0000-91c4-00000000000F" executionId="00000000-0000-0000-91c4-00000000000F" />
    <TestEntry testListId="8c84fa94-04c1-424b-9868-57a2d4851a1d" testId="00000000-0000-0000-91c4-000000000010" executionId="00000000-0000-0000-91c4-000000000010" />
    <TestEntry testListId="8c84fa94-04c1-424b-9868-57a2d4851a1d" testId="00000000-0000-0000-91c4-000000000011" executionId="00000000-0000-0000-91c4-000000000011" />
    <TestEntry testListId="8c84fa94-04c1-424b-9868-57a2d4851a1d" testId="00000000-0000-0000-91c4-000000000012" executionId="00000000-0000-0000-91c4-000000000012" />
    <TestEntry testListId="8c84fa94-04c1-424b-9868-57a2d4851a1d" testId="00000000-0000-0000-91c4-000000000013" executionId="00000000-0000-0000-91c4-000000000013" />
    <TestEntry testListId="8c84fa94-04c1-424b-9868-57a2d4851a1d" testId="00000000-0000-0000-91c4-000000000014" executionId="00000000-0000-0000-91c4-000000000014" />
    <TestEntry testListId="8c84fa94-04c1-424b-9868-57a2d4851a1d" testId="00000000-0000-0000-91c4-000000000015" executionId="00000000-0000-0000-91c4-000000000015" />
    <TestEntry testListId="8c84fa94-04c1-424b-9868-57a2d4851a1d" testId="00000000-0000-0000-91c4-000000000016" executionId="00000000-0000-0000-91c4-000000000016" />
    <TestEntry testListId="8c84fa94-04c1-424b-9868-57a2d4851a1d" testId="00000000-0000-0000-91c4-000000000017" executionId="00000000-0000-0000-91c4-000000000017" />
    <TestEntry testListId="8c84fa94-04c1-424b-9868-57a2d4851a1d" testId="00000000-0000-0000-91c4-000000000018" executionId="00000000-0000-0000-91c4-000000000018" />
    <TestEntry testListId="8c84fa94-04c1-424b-9868-57a2d4851a1d" testId="00000000-0000-0000-91c4-000000000019" executionId="00000000-0000-0000-91c4-000000000019" />
    <TestEntry testListId="8c84fa94-04c1-424b-9868-57a2d4851a1d" testId="00000000-0000-0000-91c4-00000000001A" executionId="00000000-0000-0000-91c4-00000000001A" />
    <TestEntry testListId="8c84fa94-04c1-424b-9868-57a2d4851a1d" testId="00000000-0000-0000-91c4-00000000001B" executionId="00000000-0000-0000-91c4-00000000001B" />
    <TestEntry testListId="8c84fa94-04c1-424b-9868-57a2d4851a1d" testId="00000000-0000-0000-91c4-00000000001C" executionId="00000000-0000-0000-91c4-00000000001C" />
    <TestEntry testListId="8c84fa94-04c1-424b-9868-57a2d4851a1d" testId="00000000-0000-0000-91c4-00000000001D" executionId="00000000-0000-0000-91c4-00000000001D" />
    <TestEntry testListId="8c84fa94-04c1-424b-9868-57a2d4851a1d" testId="00000000-0000-0000-91c4-00000000001E" executionId="00000000-0000-0000-91c4-00000000001E" />
    <TestEntry testListId="8c84fa94-04c1-424b-9868-57a2d4851a1d" testId="00000000-0000-0000-91c4-00000000001F" executionId="00000000-0000-0000-91c4-00000000001F" />
    <TestEntry testListId="8c84fa94-04c1-424b-9868-57a2d4851a1d" testId="00000000-0000-0000-91c4-000000000020" executionId="00000000-0000-0000-91c4-000000000020" />
    <TestEntry testListId="8c84fa94-04c1-424b-9868-57a2d4851a1d" testId="00000000-0000-0000-91c4-000000000021" executionId="00000000-0000-0000-91c4-000000000021" />
    <TestEntry testListId="8c84fa94-04c1-424b-9868-57a2d4851a1d" testId="00000000-0000-0000-91c4-000000000022" executionId="00000000-0000-0000-91c4-000000000022" />
    <TestEntry testListId="8c84fa94-04c1-424b-9868-57a2d4851a1d" testId="00000000-0000-0000-91c4-000000000023" executionId="00000000-0000-0000-91c4-000000000023" />
    <TestEntry testListId="8c84fa94-04c1-424b-9868-57a2d4851a1d" testId="00000000-0000-0000-91c4-000000000024" executionId="00000000-0000-0000-91c4-000000000024" />
    <TestEntry testListId="8c84fa94-04c1-424b-9868-57a2d4851a1d" testId="00000000-0000-0000-91c4-000000000025" executionId="00000000-0000-0000-91c4-000000000025" />
    <TestEntry testListId="8c84fa94-04c1-424b-9868-57a2d4851a1d" testId="00000000-0000-0000-91c4-000000000026" executionId="00000000-0000-0000-91c4-000000000026" />
    <TestEntry testListId="8c84fa94-04c1-424b-9868-57a2d4851a1d" testId="00000000-0000-0000-91c4-000000000027" executionId="00000000-0000-0000-91c4-000000000027" />
    <TestEntry testListId="8c84fa94-04c1-424b-9868-57a2d4851a1d" testId="00000000-0000-0000-91c4-000000000028" executionId="00000000-0000-0000-91c4-000000000028" />
    <TestEntry testListId="8c84fa94-04c1-424b-9868-57a2d4851a1d" testId="00000000-0000-0000-91c4-000000000029" executionId="00000000-0000-0000-91c4-000000000029" />
    <TestEntry testListId="8c84fa94-04c1-424b-9868-57a2d4851a1d" testId="00000000-0000-0000-91c4-00000000002A" executionId="00000000-0000-0000-91c4-00000000002A" />
    <TestEntry testListId="8c84fa94-04c1-424b-9868-57a2d4851a1d" testId="00000000-0000-0000-91c4-00000000002B" executionId="00000000-0000-0000-91c4-00000000002B" />
    <TestEntry testListId="8c84fa94-04c1-424b-9868-57a2d4851a1d" testId="00000000-0000-0000-91c4-00000000002C" executionId="00000000-0000-0000-91c4-00000000002C" />
    <TestEntry testListId="8c84fa94-04c1-424b-9868-57a2d4851a1d" testId="00000000-0000-0000-91c4-00000000002D" executionId="00000000-0000-0000-91c4-00000000002D" />
    <TestEntry testListId="8c84fa94-04c1-424b-9868-57a2d4851a1d" testId="00000000-0000-0000-91c4-00000000002E" executionId="00000000-0000-0000-91c4-00000000002E" />
    <TestEntry testListId="8c84fa94-04c1-424b-9868-57a2d4851a1d" testId="00000000-0000-0000-91c4-00000000002F" executionId="00000000-0000-0000-91c4-00000000002F" />
    <TestEntry testListId="8c84fa94-04c1-424b-9868-57a2d4851a1d" testId="00000000-0000-0000-91c4-000000000030" executionId="00000000-0000-0000-91c4-000000000030" />
    <TestEntry testListId="8c84fa94-04c1-424b-9868-57a2d4851a1d" testId="00000000-0000-0000-91c4-000000000031" executionId="00000000-0000-0000-91c4-000000000031" />
    <TestEntry testListId="8c84fa94-04c1-424b-9868-57a2d4851a1d" testId="00000000-0000-0000-91c4-000000000032" executionId="00000000-0000-0000-91c4-000000000032" />
    <TestEntry testListId="8c84fa94-04c1-424b-9868-57a2d4851a1d" testId="00000000-0000-0000-91c4-000000000033" executionId="00000000-0000-0000-91c4-000000000033" />
    <TestEntry testListId="8c84fa94-04c1-424b-9868-57a2d4851a1d" testId="00000000-0000-0000-91c4-000000000034" executionId="00000000-0000-0000-91c4-000000000034" />
    <TestEntry testListId="8c84fa94-04c1-424b-9868-57a2d4851a1d" testId="00000000-0000-0000-91c4-000000000035" executionId="00000000-0000-0000-91c4-000000000035" />
    <TestEntry testListId="8c84fa94-04c1-424b-9868-57a2d4851a1d" testId="00000000-0000-0000-91c4-000000000036" executionId="00000000-0000-0000-91c4-000000000036" />
    <TestEntry testListId="8c84fa94-04c1-424b-9868-57a2d4851a1d" testId="00000000-0000-0000-91c4-000000000037" executionId="00000000-0000-0000-91c4-000000000037" />
    <TestEntry testListId="8c84fa94-04c1-424b-9868-57a2d4851a1d" testId="00000000-0000-0000-91c4-000000000038" executionId="00000000-0000-0000-91c4-000000000038" />
    <TestEntry testListId="8c84fa94-04c1-424b-9868-57a2d4851a1d" testId="00000000-0000-0000-91c4-000000000039" executionId="00000000-0000-0000-91c4-000000000039" />
    <TestEntry testListId="8c84fa94-04c1-424b-9868-57a2d4851a1d" testId="00000000-0000-0000-91c4-00000000003A" executionId="00000000-0000-0000-91c4-00000000003A" />
    <TestEntry testListId="8c84fa94-04c1-424b-9868-57a2d4851a1d" testId="00000000-0000-0000-91c4-00000000003B" executionId="00000000-0000-0000-91c4-00000000003B" />
    <TestEntry testListId="8c84fa94-04c1-424b-9868-57a2d4851a1d" testId="00000000-0000-0000-91c4-00000000003C" executionId="00000000-0000-0000-91c4-00000000003C" />
    <TestEntry testListId="8c84fa94-04c1-424b-9868-57a2d4851a1d" testId="00000000-0000-0000-91c4-00000000003D" executionId="00000000-0000-0000-91c4-00000000003D" />
    <TestEntry testListId="8c84fa94-04c1-424b-9868-57a2d4851a1d" testId="00000000-0000-0000-91c4-00000000003E" executionId="00000000-0000-0000-91c4-00000000003E" />
    <TestEntry testListId="8c84fa94-04c1-424b-9868-57a2d4851a1d" testId="00000000-0000-0000-91c4-00000000003F" executionId="00000000-0000-0000-91c4-00000000003F" />
    <TestEntry testListId="8c84fa94-04c1-424b-9868-57a2d4851a1d" testId="00000000-0000-0000-91c4-000000000040" executionId="00000000-0000-0000-91c4-000000000040" />
    <TestEntry testListId="8c84fa94-04c1-424b-9868-57a2d4851a1d" testId="00000000-0000-0000-91c4-000000000041" executionId="00000000-0000-0000-91c4-000000000041" />
    <TestEntry testListId="8c84fa94-04c1-424b-9868-57a2d4851a1d" testId="00000000-0000-0000-91c4-000000000042" executionId="00000000-0000-0000-91c4-000000000042" />
    <TestEntry testListId="8c84fa94-04c1-424b-9868-57a2d4851a1d" testId="00000000-0000-0000-91c4-000000000043" executionId="00000000-0000-0000-91c4-000000000043" />
    <TestEntry testListId="8c84fa94-04c1-424b-9868-57a2d4851a1d" testId="00000000-0000-0000-91c4-000000000044" executionId="00000000-0000-0000-91c4-000000000044" />
    <TestEntry testListId="8c84fa94-04c1-424b-9868-57a2d4851a1d" testId="00000000-0000-0000-91c4-000000000045" executionId="00000000-0000-0000-91c4-000000000045" />
    <TestEntry testListId="8c84fa94-04c1-424b-9868-57a2d4851a1d" testId="00000000-0000-0000-91c4-000000000046" executionId="00000000-0000-0000-91c4-000000000046" />
    <TestEntry testListId="8c84fa94-04c1-424b-9868-57a2d4851a1d" testId="00000000-0000-0000-91c4-000000000047" executionId="00000000-0000-0000-91c4-000000000047" />
    <TestEntry testListId="8c84fa94-04c1-424b-9868-57a2d4851a1d" testId="00000000-0000-0000-91c4-000000000048" executionId="00000000-0000-0000-91c4-000000000048" />
    <TestEntry testListId="8c84fa94-04c1-424b-9868-57a2d4851a1d" testId="00000000-0000-0000-91c4-000000000049" executionId="00000000-0000-0000-91c4-000000000049" />
    <TestEntry testListId="8c84fa94-04c1-424b-9868-57a2d4851a1d" testId="00000000-0000-0000-91c4-00000000004A" executionId="00000000-0000-0000-91c4-00000000004A" />
    <TestEntry testListId="8c84fa94-04c1-424b-9868-57a2d4851a1d" testId="00000000-0000-0000-91c4-00000000004B" executionId="00000000-0000-0000-91c4-00000000004B" />
    <TestEntry testListId="8c84fa94-04c1-424b-9868-57a2d4851a1d" testId="00000000-0000-0000-91c4-00000000004C" executionId="00000000-0000-0000-91c4-00000000004C" />
    <TestEntry testListId="8c84fa94-04c1-424b-9868-57a2d4851a1d" testId="00000000-0000-0000-91c4-00000000004D" executionId="00000000-0000-0000-91c4-00000000004D" />
    <TestEntry testListId="8c84fa94-04c1-424b-9868-57a2d4851a1d" testId="00000000-0000-0000-91c4-00000000004E" executionId="00000000-0000-0000-91c4-00000000004E" />
    <TestEntry testListId="8c84fa94-04c1-424b-9868-57a2d4851a1d" testId="00000000-0000-0000-91c4-00000000004F" executionId="00000000-0000-0000-91c4-00000000004F" />
    <TestEntry testListId="8c84fa94-04c1-424b-9868-57a2d4851a1d" testId="00000000-0000-0000-91c4-000000000050" executionId="00000000-0000-0000-91c4-000000000050" />
    <TestEntry testListId="8c84fa94-04c1-424b-9868-57a2d4851a1d" testId="00000000-0000-0000-91c4-000000000051" executionId="00000000-0000-0000-91c4-000000000051" />
    <TestEntry testListId="8c84fa94-04c1-424b-9868-57a2d4851a1d" testId="00000000-0000-0000-91c4-000000000052" executionId="00000000-0000-0000-91c4-000000000052" />
    <TestEntry testListId="8c84fa94-04c1-424b-9868-57a2d4851a1d" testId="00000000-0000-0000-91c4-000000000053" executionId="00000000-0000-0000-91c4-000000000053" />
    <TestEntry testListId="8c84fa94-04c1-424b-9868-57a2d4851a1d" testId="00000000-0000-0000-91c4-000000000054" executionId="00000000-0000-0000-91c4-000000000054" />
    <TestEntry testListId="8c84fa94-04c1-424b-9868-57a2d4851a1d" testId="00000000-0000-0000-91c4-000000000055" executionId="00000000-0000-0000-91c4-000000000055" />
    <TestEntry testListId="8c84fa94-04c1-424b-9868-57a2d4851a1d" testId="00000000-0000-0000-91c4-000000000056" executionId="00000000-0000-0000-91c4-000000000056" />
    <TestEntry testListId="8c84fa94-04c1-424b-9868-57a2d4851a1d" testId="00000000-0000-0000-91c4-000000000057" executionId="00000000-0000-0000-91c4-000000000057" />
    <TestEntry testListId="8c84fa94-04c1-424b-9868-57a2d4851a1d" testId="00000000-0000-0000-91c4-000000000058" executionId="00000000-0000-0000-91c4-000000000058" />
    <TestEntry testListId="8c84fa94-04c1-424b-9868-57a2d4851a1d" testId="00000000-0000-0000-91c4-000000000059" executionId="00000000-0000-0000-91c4-000000000059" />
    <TestEntry testListId="8c84fa94-04c1-424b-9868-57a2d4851a1d" testId="00000000-0000-0000-91c4-00000000005A" executionId="00000000-0000-0000-91c4-00000000005A" />
    <TestEntry testListId="8c84fa94-04c1-424b-9868-57a2d4851a1d" testId="00000000-0000-0000-91c4-00000000005B" executionId="00000000-0000-0000-91c4-00000000005B" />
    <TestEntry testListId="8c84fa94-04c1-424b-9868-57a2d4851a1d" testId="00000000-0000-0000-91c4-00000000005C" executionId="00000000-0000-0000-91c4-00000000005C" />
    <TestEntry testListId="8c84fa94-04c1-424b-9868-57a2d4851a1d" testId="00000000-0000-0000-91c4-00000000005D" executionId="00000000-0000-0000-91c4-00000000005D" />
    <TestEntry testListId="8c84fa94-04c1-424b-9868-57a2d4851a1d" testId="00000000-0000-0000-91c4-00000000005E" executionId="00000000-0000-0000-91c4-00000000005E" />
    <TestEntry testListId="8c84fa94-04c1-424b-9868-57a2d4851a1d" testId="00000000-0000-0000-91c4-00000000005F" executionId="00000000-0000-0000-91c4-00000000005F" />
    <TestEntry testListId="8c84fa94-04c1-424b-9868-57a2d4851a1d" testId="00000000-0000-0000-91c4-000000000060" executionId="00000000-0000-0000-91c4-000000000060" />
    <TestEntry testListId="8c84fa94-04c1-424b-9868-57a2d4851a1d" testId="00000000-0000-0000-91c4-000000000061" executionId="00000000-0000-0000-91c4-000000000061" />
    <TestEntry testListId="8c84fa94-04c1-424b-9868-57a2d4851a1d" testId="00000000-0000-0000-91c4-000000000062" executionId="00000000-0000-0000-91c4-000000000062" />
    <TestEntry testListId="8c84fa94-04c1-424b-9868-57a2d4851a1d" testId="00000000-0000-0000-91c4-000000000063" executionId="00000000-0000-0000-91c4-000000000063" />
    <TestEntry testListId="8c84fa94-04c1-424b-9868-57a2d4851a1d" testId="00000000-0000-0000-91c4-000000000064" executionId="00000000-0000-0000-91c4-000000000064" />
    <TestEntry testListId="8c84fa94-04c1-424b-9868-57a2d4851a1d" testId="00000000-0000-0000-91c4-000000000065" executionId="00000000-0000-0000-91c4-000000000065" />
    <TestEntry testListId="8c84fa94-04c1-424b-9868-57a2d4851a1d" testId="00000000-0000-0000-91c4-000000000066" executionId="00000000-0000-0000-91c4-000000000066" />
    <TestEntry testListId="8c84fa94-04c1-424b-9868-57a2d4851a1d" testId="00000000-0000-0000-91c4-000000000067" executionId="00000000-0000-0000-91c4-000000000067" />
    <TestEntry testListId="8c84fa94-04c1-424b-9868-57a2d4851a1d" testId="00000000-0000-0000-91c4-000000000068" executionId="00000000-0000-0000-91c4-000000000068" />
    <TestEntry testListId="8c84fa94-04c1-424b-9868-57a2d4851a1d" testId="00000000-0000-0000-91c4-000000000069" executionId="00000000-0000-0000-91c4-000000000069" />
    <TestEntry testListId="8c84fa94-04c1-424b-9868-57a2d4851a1d" testId="00000000-0000-0000-91c4-00000000006A" executionId="00000000-0000-0000-91c4-00000000006A" />
    <TestEntry testListId="8c84fa94-04c1-424b-9868-57a2d4851a1d" testId="00000000-0000-0000-91c4-00000000006B" executionId="00000000-0000-0000-91c4-00000000006B" />
    <TestEntry testListId="8c84fa94-04c1-424b-9868-57a2d4851a1d" testId="00000000-0000-0000-91c4-00000000006C" executionId="00000000-0000-0000-91c4-00000000006C" />
    <TestEntry testListId="8c84fa94-04c1-424b-9868-57a2d4851a1d" testId="00000000-0000-0000-91c4-00000000006D" executionId="00000000-0000-0000-91c4-00000000006D" />
    <TestEntry testListId="8c84fa94-04c1-424b-9868-57a2d4851a1d" testId="00000000-0000-0000-91c4-00000000006E" executionId="00000000-0000-0000-91c4-00000000006E" />
    <TestEntry testListId="8c84fa94-04c1-424b-9868-57a2d4851a1d" testId="00000000-0000-0000-91c4-00000000006F" executionId="00000000-0000-0000-91c4-00000000006F" />
    <TestEntry testListId="8c84fa94-04c1-424b-9868-57a2d4851a1d" testId="00000000-0000-0000-91c4-000000000070" executionId="00000000-0000-0000-91c4-000000000070" />
    <TestEntry testListId="8c84fa94-04c1-424b-9868-57a2d4851a1d" testId="00000000-0000-0000-91c4-000000000071" executionId="00000000-0000-0000-91c4-000000000071" />
    <TestEntry testListId="8c84fa94-04c1-424b-9868-57a2d4851a1d" testId="00000000-0000-0000-91c4-000000000072" executionId="00000000-0000-0000-91c4-000000000072" />
    <TestEntry testListId="8c84fa94-04c1-424b-9868-57a2d4851a1d" testId="00000000-0000-0000-91c4-000000000073" executionId="00000000-0000-0000-91c4-000000000073" />
    <TestEntry testListId="8c84fa94-04c1-424b-9868-57a2d4851a1d" testId="00000000-0000-0000-91c4-000000000074" executionId="00000000-0000-0000-91c4-000000000074" />
    <TestEntry testListId="8c84fa94-04c1-424b-9868-57a2d4851a1d" testId="00000000-0000-0000-91c4-000000000075" executionId="00000000-0000-0000-91c4-000000000075" />
    <TestEntry testListId="8c84fa94-04c1-424b-9868-57a2d4851a1d" testId="00000000-0000-0000-91c4-000000000076" executionId="00000000-0000-0000-91c4-000000000076" />
    <TestEntry testListId="8c84fa94-04c1-424b-9868-57a2d4851a1d" testId="00000000-0000-0000-91c4-000000000077" executionId="00000000-0000-0000-91c4-000000000077" />
    <TestEntry testListId="8c84fa94-04c1-424b-9868-57a2d4851a1d" testId="00000000-0000-0000-91c4-000000000078" executionId="00000000-0000-0000-91c4-000000000078" />
    <TestEntry testListId="8c84fa94-04c1-424b-9868-57a2d4851a1d" testId="00000000-0000-0000-91c4-000000000079" executionId="00000000-0000-0000-91c4-000000000079" />
    <TestEntry testListId="8c84fa94-04c1-424b-9868-57a2d4851a1d" testId="00000000-0000-0000-91c4-00000000007A" executionId="00000000-0000-0000-91c4-00000000007A" />
    <TestEntry testListId="8c84fa94-04c1-424b-9868-57a2d4851a1d" testId="00000000-0000-0000-91c4-00000000007B" executionId="00000000-0000-0000-91c4-00000000007B" />
    <TestEntry testListId="8c84fa94-04c1-424b-9868-57a2d4851a1d" testId="00000000-0000-0000-91c4-00000000007C" executionId="00000000-0000-0000-91c4-00000000007C" />
    <TestEntry testListId="8c84fa94-04c1-424b-9868-57a2d4851a1d" testId="00000000-0000-0000-91c4-00000000007D" executionId="00000000-0000-0000-91c4-00000000007D" />
    <TestEntry testListId="8c84fa94-04c1-424b-9868-57a2d4851a1d" testId="00000000-0000-0000-91c4-00000000007E" executionId="00000000-0000-0000-91c4-00000000007E" />
    <TestEntry testListId="8c84fa94-04c1-424b-9868-57a2d4851a1d" testId="00000000-0000-0000-91c4-00000000007F" executionId="00000000-0000-0000-91c4-00000000007F" />
    <TestEntry testListId="8c84fa94-04c1-424b-9868-57a2d4851a1d" testId="00000000-0000-0000-91c4-000000000080" executionId="00000000-0000-0000-91c4-000000000080" />
    <TestEntry testListId="8c84fa94-04c1-424b-9868-57a2d4851a1d" testId="00000000-0000-0000-91c4-000000000081" executionId="00000000-0000-0000-91c4-000000000081" />
    <TestEntry testListId="8c84fa94-04c1-424b-9868-57a2d4851a1d" testId="00000000-0000-0000-91c4-000000000082" executionId="00000000-0000-0000-91c4-000000000082" />
    <TestEntry testListId="8c84fa94-04c1-424b-9868-57a2d4851a1d" testId="00000000-0000-0000-91c4-000000000083" executionId="00000000-0000-0000-91c4-000000000083" />
    <TestEntry testListId="8c84fa94-04c1-424b-9868-57a2d4851a1d" testId="00000000-0000-0000-91c4-000000000084" executionId="00000000-0000-0000-91c4-000000000084" />
    <TestEntry testListId="8c84fa94-04c1-424b-9868-57a2d4851a1d" testId="00000000-0000-0000-91c4-000000000085" executionId="00000000-0000-0000-91c4-000000000085" />
    <TestEntry testListId="8c84fa94-04c1-424b-9868-57a2d4851a1d" testId="00000000-0000-0000-91c4-000000000086" executionId="00000000-0000-0000-91c4-000000000086" />
    <TestEntry testListId="8c84fa94-04c1-424b-9868-57a2d4851a1d" testId="00000000-0000-0000-91c4-000000000087" executionId="00000000-0000-0000-91c4-000000000087" />
    <TestEntry testListId="8c84fa94-04c1-424b-9868-57a2d4851a1d" testId="00000000-0000-0000-91c4-000000000088" executionId="00000000-0000-0000-91c4-000000000088" />
    <TestEntry testListId="8c84fa94-04c1-424b-9868-57a2d4851a1d" testId="00000000-0000-0000-91c4-000000000089" executionId="00000000-0000-0000-91c4-000000000089" />
    <TestEntry testListId="8c84fa94-04c1-424b-9868-57a2d4851a1d" testId="00000000-0000-0000-91c4-00000000008A" executionId="00000000-0000-0000-91c4-00000000008A" />
    <TestEntry testListId="8c84fa94-04c1-424b-9868-57a2d4851a1d" testId="00000000-0000-0000-91c4-00000000008B" executionId="00000000-0000-0000-91c4-00000000008B" />
    <TestEntry testListId="8c84fa94-04c1-424b-9868-57a2d4851a1d" testId="00000000-0000-0000-91c4-00000000008C" executionId="00000000-0000-0000-91c4-00000000008C" />
    <TestEntry testListId="8c84fa94-04c1-424b-9868-57a2d4851a1d" testId="00000000-0000-0000-91c4-00000000008D" executionId="00000000-0000-0000-91c4-00000000008D" />
    <TestEntry testListId="8c84fa94-04c1-424b-9868-57a2d4851a1d" testId="00000000-0000-0000-91c4-00000000008E" executionId="00000000-0000-0000-91c4-00000000008E" />
    <TestEntry testListId="8c84fa94-04c1-424b-9868-57a2d4851a1d" testId="00000000-0000-0000-91c4-00000000008F" executionId="00000000-0000-0000-91c4-00000000008F" />
    <TestEntry testListId="8c84fa94-04c1-424b-9868-57a2d4851a1d" testId="00000000-0000-0000-91c4-000000000090" executionId="00000000-0000-0000-91c4-000000000090" />
    <TestEntry testListId="8c84fa94-04c1-424b-9868-57a2d4851a1d" testId="00000000-0000-0000-91c4-000000000091" executionId="00000000-0000-0000-91c4-000000000091" />
    <TestEntry testListId="8c84fa94-04c1-424b-9868-57a2d4851a1d" testId="00000000-0000-0000-91c4-000000000092" executionId="00000000-0000-0000-91c4-000000000092" />
    <TestEntry testListId="8c84fa94-04c1-424b-9868-57a2d4851a1d" testId="00000000-0000-0000-91c4-000000000093" executionId="00000000-0000-0000-91c4-000000000093" />
    <TestEntry testListId="8c84fa94-04c1-424b-9868-57a2d4851a1d" testId="00000000-0000-0000-91c4-000000000094" executionId="00000000-0000-0000-91c4-000000000094" />
    <TestEntry testListId="8c84fa94-04c1-424b-9868-57a2d4851a1d" testId="00000000-0000-0000-91c4-000000000095" executionId="00000000-0000-0000-91c4-000000000095" />
    <TestEntry testListId="8c84fa94-04c1-424b-9868-57a2d4851a1d" testId="00000000-0000-0000-91c4-000000000096" executionId="00000000-0000-0000-91c4-000000000096" />
    <TestEntry testListId="8c84fa94-04c1-424b-9868-57a2d4851a1d" testId="00000000-0000-0000-91c4-000000000097" executionId="00000000-0000-0000-91c4-000000000097" />
    <TestEntry testListId="8c84fa94-04c1-424b-9868-57a2d4851a1d" testId="00000000-0000-0000-91c4-000000000098" executionId="00000000-0000-0000-91c4-000000000098" />
    <TestEntry testListId="8c84fa94-04c1-424b-9868-57a2d4851a1d" testId="00000000-0000-0000-91c4-000000000099" executionId="00000000-0000-0000-91c4-000000000099" />
    <TestEntry testListId="8c84fa94-04c1-424b-9868-57a2d4851a1d" testId="00000000-0000-0000-91c4-00000000009A" executionId="00000000-0000-0000-91c4-00000000009A" />
    <TestEntry testListId="8c84fa94-04c1-424b-9868-57a2d4851a1d" testId="00000000-0000-0000-91c4-00000000009B" executionId="00000000-0000-0000-91c4-00000000009B" />
    <TestEntry testListId="8c84fa94-04c1-424b-9868-57a2d4851a1d" testId="00000000-0000-0000-91c4-00000000009C" executionId="00000000-0000-0000-91c4-00000000009C" />
    <TestEntry testListId="8c84fa94-04c1-424b-9868-57a2d4851a1d" testId="00000000-0000-0000-91c4-00000000009D" executionId="00000000-0000-0000-91c4-00000000009D" />
    <TestEntry testListId="8c84fa94-04c1-424b-9868-57a2d4851a1d" testId="00000000-0000-0000-91c4-00000000009E" executionId="00000000-0000-0000-91c4-00000000009E" />
    <TestEntry testListId="8c84fa94-04c1-424b-9868-57a2d4851a1d" testId="00000000-0000-0000-91c4-00000000009F" executionId="00000000-0000-0000-91c4-00000000009F" />
    <TestEntry testListId="8c84fa94-04c1-424b-9868-57a2d4851a1d" testId="00000000-0000-0000-91c4-0000000000A0" executionId="00000000-0000-0000-91c4-0000000000A0" />
    <TestEntry testListId="8c84fa94-04c1-424b-9868-57a2d4851a1d" testId="00000000-0000-0000-91c4-0000000000A1" executionId="00000000-0000-0000-91c4-0000000000A1" />
    <TestEntry testListId="8c84fa94-04c1-424b-9868-57a2d4851a1d" testId="00000000-0000-0000-91c4-0000000000A2" executionId="00000000-0000-0000-91c4-0000000000A2" />
    <TestEntry testListId="8c84fa94-04c1-424b-9868-57a2d4851a1d" testId="00000000-0000-0000-91c4-0000000000A3" executionId="00000000-0000-0000-91c4-0000000000A3" />
    <TestEntry testListId="8c84fa94-04c1-424b-9868-57a2d4851a1d" testId="00000000-0000-0000-91c4-0000000000A4" executionId="00000000-0000-0000-91c4-0000000000A4" />
    <TestEntry testListId="8c84fa94-04c1-424b-9868-57a2d4851a1d" testId="00000000-0000-0000-91c4-0000000000A5" executionId="00000000-0000-0000-91c4-0000000000A5" />
    <TestEntry testListId="8c84fa94-04c1-424b-9868-57a2d4851a1d" testId="00000000-0000-0000-91c4-0000000000A6" executionId="00000000-0000-0000-91c4-0000000000A6" />
    <TestEntry testListId="8c84fa94-04c1-424b-9868-57a2d4851a1d" testId="00000000-0000-0000-91c4-0000000000A7" executionId="00000000-0000-0000-91c4-0000000000A7" />
    <TestEntry testListId="8c84fa94-04c1-424b-9868-57a2d4851a1d" testId="00000000-0000-0000-91c4-0000000000A8" executionId="00000000-0000-0000-91c4-0000000000A8" />
    <TestEntry testListId="8c84fa94-04c1-424b-9868-57a2d4851a1d" testId="00000000-0000-0000-91c4-0000000000A9" executionId="00000000-0000-0000-91c4-0000000000A9" />
    <TestEntry testListId="8c84fa94-04c1-424b-9868-57a2d4851a1d" testId="00000000-0000-0000-91c4-0000000000AA" executionId="00000000-0000-0000-91c4-0000000000AA" />
  </TestEntries>
  <Results>
    <UnitTestResult testType="13cdc9d9-ddb5-4fa4-a97d-d965ccfc6d4b" testListId="8c84fa94-04c1-424b-9868-57a2d4851a1d" startTime="2016-03-11T18:30:38" endTime="2016-03-11T18:30:38" testName="RunThisSpec" computerName="TeamBuildServer" duration="00:00:00.8490000" testId="00000000-0000-0000-91c4-000000000001" executionId="00000000-0000-0000-91c4-000000000001" outcome="Passed">
      <Output>
        <StdOut>Standard Error: 
Standard Output: Running Slacker ....

testoutput.txt:
Beachcomber (local_dev)
Cannot find directory "I:/Agent/PROD-James_Bond/_work/5c0e0f53/CDO Team/spec/App.Db.Slacker/debug"

</StdOut>
      </Output>
    </UnitTestResult>
    <UnitTestResult testType="13cdc9d9-ddb5-4fa4-a97d-d965ccfc6d4b" testListId="8c84fa94-04c1-424b-9868-57a2d4851a1d" startTime="2016-03-11T18:30:38" endTime="2016-03-11T18:30:38" testName="RunSpecs" computerName="TeamBuildServer" duration="00:00:00.4490000" testId="00000000-0000-0000-91c4-000000000002" executionId="00000000-0000-0000-91c4-000000000002" outcome="Passed">
      <Output>
        <StdOut>Standard Error: 
Standard Output: Running Slacker ....

testoutput.txt:
Beachcomber (local_dev)
Cannot find directory "I:/Agent/PROD-James_Bond/_work/5c0e0f53/CDO Team/spec/App.Db.Slacker/debug"

</StdOut>
      </Output>
    </UnitTestResult>
    <UnitTestResult testType="13cdc9d9-ddb5-4fa4-a97d-d965ccfc6d4b" testListId="8c84fa94-04c1-424b-9868-57a2d4851a1d" startTime="2016-03-11T18:30:38" endTime="2016-03-11T18:30:38" testName="RunThisSpec" computerName="TeamBuildServer" duration="00:00:01.0340000" testId="00000000-0000-0000-91c4-000000000003" executionId="00000000-0000-0000-91c4-000000000003" outcome="Passed">
      <Output>
        <StdOut>Standard Error: 
Standard Output: Running Slacker ....

testoutput.txt:
Beachcomber (local_dev)
.

Finished in 0.136 seconds (files took 0.358 seconds to load)
1 example, 0 failures


</StdOut>
      </Output>
    </UnitTestResult>
    <UnitTestResult testType="13cdc9d9-ddb5-4fa4-a97d-d965ccfc6d4b" testListId="8c84fa94-04c1-424b-9868-57a2d4851a1d" startTime="2016-03-11T18:30:38" endTime="2016-03-11T18:30:38" testName="RunSpecs" computerName="TeamBuildServer" duration="00:00:29.6710000" testId="00000000-0000-0000-91c4-000000000004" executionId="00000000-0000-0000-91c4-000000000004" outcome="Passed">
      <Output>
        <StdOut>Standard Error: 
Standard Output: Running Slacker ....

testoutput.txt:
Beachcomber (local_dev)
..........................................................

Finished in 29.09 seconds (files took 0.32 seconds to load)
58 examples, 0 failures


</StdOut>
      </Output>
    </UnitTestResult>
    <UnitTestResult testType="13cdc9d9-ddb5-4fa4-a97d-d965ccfc6d4b" testListId="8c84fa94-04c1-424b-9868-57a2d4851a1d" startTime="2016-03-11T18:30:38" endTime="2016-03-11T18:30:38" testName="RunSpecs" computerName="TeamBuildServer" duration="00:00:06.5820000" testId="00000000-0000-0000-91c4-000000000005" executionId="00000000-0000-0000-91c4-000000000005" outcome="Passed">
      <Output>
        <StdOut>Standard Error: 
Standard Output: Running Slacker ....

testoutput.txt:
Beachcomber (local_dev)
...................

Finished in 6.01 seconds (files took 0.329 seconds to load)
19 examples, 0 failures


</StdOut>
      </Output>
    </UnitTestResult>
    <UnitTestResult testType="13cdc9d9-ddb5-4fa4-a97d-d965ccfc6d4b" testListId="8c84fa94-04c1-424b-9868-57a2d4851a1d" startTime="2016-03-11T18:30:38" endTime="2016-03-11T18:30:38" testName="RunSpecs" computerName="TeamBuildServer" duration="00:00:10.3370000" testId="00000000-0000-0000-91c4-000000000006" executionId="00000000-0000-0000-91c4-000000000006" outcome="Passed">
      <Output>
        <StdOut>Standard Error: 
Standard Output: Running Slacker ....

testoutput.txt:
Beachcomber (local_dev)
............................

Finished in 9.72 seconds (files took 0.359 seconds to load)
28 examples, 0 failures


</StdOut>
      </Output>
    </UnitTestResult>
    <UnitTestResult testType="13cdc9d9-ddb5-4fa4-a97d-d965ccfc6d4b" testListId="8c84fa94-04c1-424b-9868-57a2d4851a1d" startTime="2016-03-11T18:30:38" endTime="2016-03-11T18:30:38" testName="RunSpecs" computerName="TeamBuildServer" duration="00:00:00.7380000" testId="00000000-0000-0000-91c4-000000000007" executionId="00000000-0000-0000-91c4-000000000007" outcome="Passed">
      <Output>
        <StdOut>Standard Error: 
Standard Output: Running Slacker ....

testoutput.txt:
Beachcomber (local_dev)
...

Finished in 0.143 seconds (files took 0.324 seconds to load)
3 examples, 0 failures


</StdOut>
      </Output>
    </UnitTestResult>
    <UnitTestResult testType="13cdc9d9-ddb5-4fa4-a97d-d965ccfc6d4b" testListId="8c84fa94-04c1-424b-9868-57a2d4851a1d" startTime="2016-03-11T18:30:38" endTime="2016-03-11T18:30:38" testName="RunSpecs" computerName="TeamBuildServer" duration="00:00:00.6380000" testId="00000000-0000-0000-91c4-000000000008" executionId="00000000-0000-0000-91c4-000000000008" outcome="Passed">
      <Output>
        <StdOut>Standard Error: 
Standard Output: Running Slacker ....

testoutput.txt:
Beachcomber (local_dev)
.

Finished in 0.055 seconds (files took 0.328 seconds to load)
1 example, 0 failures


</StdOut>
      </Output>
    </UnitTestResult>
    <UnitTestResult testType="13cdc9d9-ddb5-4fa4-a97d-d965ccfc6d4b" testListId="8c84fa94-04c1-424b-9868-57a2d4851a1d" startTime="2016-03-11T18:30:38" endTime="2016-03-11T18:30:38" testName="RunSpecs" computerName="TeamBuildServer" duration="00:00:00.7280000" testId="00000000-0000-0000-91c4-000000000009" executionId="00000000-0000-0000-91c4-000000000009" outcome="Passed">
      <Output>
        <StdOut>Standard Error: 
Standard Output: Running Slacker ....

testoutput.txt:
Beachcomber (local_dev)
..

Finished in 0.164 seconds (files took 0.308 seconds to load)
2 examples, 0 failures


</StdOut>
      </Output>
    </UnitTestResult>
    <UnitTestResult testType="13cdc9d9-ddb5-4fa4-a97d-d965ccfc6d4b" testListId="8c84fa94-04c1-424b-9868-57a2d4851a1d" startTime="2016-03-11T18:30:38" endTime="2016-03-11T18:30:38" testName="RunSpecs" computerName="TeamBuildServer" duration="00:00:00.6690000" testId="00000000-0000-0000-91c4-00000000000A" executionId="00000000-0000-0000-91c4-00000000000A" outcome="Passed">
      <Output>
        <StdOut>Standard Error: 
Standard Output: Running Slacker ....

testoutput.txt:
Beachcomber (local_dev)
...

Finished in 0.12 seconds (files took 0.302 seconds to load)
3 examples, 0 failures


</StdOut>
      </Output>
    </UnitTestResult>
    <UnitTestResult testType="13cdc9d9-ddb5-4fa4-a97d-d965ccfc6d4b" testListId="8c84fa94-04c1-424b-9868-57a2d4851a1d" startTime="2016-03-11T18:30:38" endTime="2016-03-11T18:30:38" testName="RunSpecs" computerName="TeamBuildServer" duration="00:00:01.5070000" testId="00000000-0000-0000-91c4-00000000000B" executionId="00000000-0000-0000-91c4-00000000000B" outcome="Passed">
      <Output>
        <StdOut>Standard Error: 
Standard Output: Running Slacker ....

testoutput.txt:
Beachcomber (local_dev)
........................

Finished in 0.947 seconds (files took 0.305 seconds to load)
24 examples, 0 failures


</StdOut>
      </Output>
    </UnitTestResult>
    <UnitTestResult testType="13cdc9d9-ddb5-4fa4-a97d-d965ccfc6d4b" testListId="8c84fa94-04c1-424b-9868-57a2d4851a1d" startTime="2016-03-11T18:30:38" endTime="2016-03-11T18:30:38" testName="RunSpecs" computerName="TeamBuildServer" duration="00:00:00.6000000" testId="00000000-0000-0000-91c4-00000000000C" executionId="00000000-0000-0000-91c4-00000000000C" outcome="Passed">
      <Output>
        <StdOut>Standard Error: 
Standard Output: Running Slacker ....

testoutput.txt:
Beachcomber (local_dev)
.

Finished in 0.034 seconds (files took 0.311 seconds to load)
1 example, 0 failures


</StdOut>
      </Output>
    </UnitTestResult>
    <UnitTestResult testType="13cdc9d9-ddb5-4fa4-a97d-d965ccfc6d4b" testListId="8c84fa94-04c1-424b-9868-57a2d4851a1d" startTime="2016-03-11T18:30:38" endTime="2016-03-11T18:30:38" testName="RunSpecs" computerName="TeamBuildServer" duration="00:00:00.7250000" testId="00000000-0000-0000-91c4-00000000000D" executionId="00000000-0000-0000-91c4-00000000000D" outcome="Passed">
      <Output>
        <StdOut>Standard Error: 
Standard Output: Running Slacker ....

testoutput.txt:
Beachcomber (local_dev)
...

Finished in 0.157 seconds (files took 0.307 seconds to load)
3 examples, 0 failures


</StdOut>
      </Output>
    </UnitTestResult>
    <UnitTestResult testType="13cdc9d9-ddb5-4fa4-a97d-d965ccfc6d4b" testListId="8c84fa94-04c1-424b-9868-57a2d4851a1d" startTime="2016-03-11T18:30:38" endTime="2016-03-11T18:30:38" testName="RunSpecs" computerName="TeamBuildServer" duration="00:00:00.6440000" testId="00000000-0000-0000-91c4-00000000000E" executionId="00000000-0000-0000-91c4-00000000000E" outcome="Passed">
      <Output>
        <StdOut>Standard Error: 
Standard Output: Running Slacker ....

testoutput.txt:
Beachcomber (local_dev)
..

Finished in 0.079 seconds (files took 0.312 seconds to load)
2 examples, 0 failures


</StdOut>
      </Output>
    </UnitTestResult>
    <UnitTestResult testType="13cdc9d9-ddb5-4fa4-a97d-d965ccfc6d4b" testListId="8c84fa94-04c1-424b-9868-57a2d4851a1d" startTime="2016-03-11T18:30:38" endTime="2016-03-11T18:30:38" testName="RunSpecs" computerName="TeamBuildServer" duration="00:00:01.2530000" testId="00000000-0000-0000-91c4-00000000000F" executionId="00000000-0000-0000-91c4-00000000000F" outcome="Passed">
      <Output>
        <StdOut>Standard Error: 
Standard Output: Running Slacker ....

testoutput.txt:
Beachcomber (local_dev)
...

Finished in 0.689 seconds (files took 0.315 seconds to load)
3 examples, 0 failures


</StdOut>
      </Output>
    </UnitTestResult>
    <UnitTestResult testType="13cdc9d9-ddb5-4fa4-a97d-d965ccfc6d4b" testListId="8c84fa94-04c1-424b-9868-57a2d4851a1d" startTime="2016-03-11T18:30:38" endTime="2016-03-11T18:30:38" testName="RunSpecs" computerName="TeamBuildServer" duration="00:00:00.7020000" testId="00000000-0000-0000-91c4-000000000010" executionId="00000000-0000-0000-91c4-000000000010" outcome="Passed">
      <Output>
        <StdOut>Standard Error: 
Standard Output: Running Slacker ....

testoutput.txt:
Beachcomber (local_dev)
.

Finished in 0.13 seconds (files took 0.314 seconds to load)
1 example, 0 failures


</StdOut>
      </Output>
    </UnitTestResult>
    <UnitTestResult testType="13cdc9d9-ddb5-4fa4-a97d-d965ccfc6d4b" testListId="8c84fa94-04c1-424b-9868-57a2d4851a1d" startTime="2016-03-11T18:30:38" endTime="2016-03-11T18:30:38" testName="RunSpecs" computerName="TeamBuildServer" duration="00:00:00.6720000" testId="00000000-0000-0000-91c4-000000000011" executionId="00000000-0000-0000-91c4-000000000011" outcome="Passed">
      <Output>
        <StdOut>Standard Error: 
Standard Output: Running Slacker ....

testoutput.txt:
Beachcomber (local_dev)
.

Finished in 0.11 seconds (files took 0.312 seconds to load)
1 example, 0 failures


</StdOut>
      </Output>
    </UnitTestResult>
    <UnitTestResult testType="13cdc9d9-ddb5-4fa4-a97d-d965ccfc6d4b" testListId="8c84fa94-04c1-424b-9868-57a2d4851a1d" startTime="2016-03-11T18:30:38" endTime="2016-03-11T18:30:38" testName="RunSpecs" computerName="TeamBuildServer" duration="00:00:01.0930000" testId="00000000-0000-0000-91c4-000000000012" executionId="00000000-0000-0000-91c4-000000000012" outcome="Passed">
      <Output>
        <StdOut>Standard Error: 
Standard Output: Running Slacker ....

testoutput.txt:
Beachcomber (local_dev)
....

Finished in 0.538 seconds (files took 0.303 seconds to load)
4 examples, 0 failures


</StdOut>
      </Output>
    </UnitTestResult>
    <UnitTestResult testType="13cdc9d9-ddb5-4fa4-a97d-d965ccfc6d4b" testListId="8c84fa94-04c1-424b-9868-57a2d4851a1d" startTime="2016-03-11T18:30:38" endTime="2016-03-11T18:30:38" testName="RunSpecs" computerName="TeamBuildServer" duration="00:00:00.6810000" testId="00000000-0000-0000-91c4-000000000013" executionId="00000000-0000-0000-91c4-000000000013" outcome="Passed">
      <Output>
        <StdOut>Standard Error: 
Standard Output: Running Slacker ....

testoutput.txt:
Beachcomber (local_dev)
.

Finished in 0.066 seconds (files took 0.347 seconds to load)
1 example, 0 failures


</StdOut>
      </Output>
    </UnitTestResult>
    <UnitTestResult testType="13cdc9d9-ddb5-4fa4-a97d-d965ccfc6d4b" testListId="8c84fa94-04c1-424b-9868-57a2d4851a1d" startTime="2016-03-11T18:30:38" endTime="2016-03-11T18:30:38" testName="RunSpecs" computerName="TeamBuildServer" duration="00:00:00.6030000" testId="00000000-0000-0000-91c4-000000000014" executionId="00000000-0000-0000-91c4-000000000014" outcome="Passed">
      <Output>
        <StdOut>Standard Error: 
Standard Output: Running Slacker ....

testoutput.txt:
Beachcomber (local_dev)
.

Finished in 0.037 seconds (files took 0.304 seconds to load)
1 example, 0 failures


</StdOut>
      </Output>
    </UnitTestResult>
    <UnitTestResult testType="13cdc9d9-ddb5-4fa4-a97d-d965ccfc6d4b" testListId="8c84fa94-04c1-424b-9868-57a2d4851a1d" startTime="2016-03-11T18:30:38" endTime="2016-03-11T18:30:38" testName="RunSpecs" computerName="TeamBuildServer" duration="00:00:00.6090000" testId="00000000-0000-0000-91c4-000000000015" executionId="00000000-0000-0000-91c4-000000000015" outcome="Passed">
      <Output>
        <StdOut>Standard Error: 
Standard Output: Running Slacker ....

testoutput.txt:
Beachcomber (local_dev)
.

Finished in 0.043 seconds (files took 0.301 seconds to load)
1 example, 0 failures


</StdOut>
      </Output>
    </UnitTestResult>
    <UnitTestResult testType="13cdc9d9-ddb5-4fa4-a97d-d965ccfc6d4b" testListId="8c84fa94-04c1-424b-9868-57a2d4851a1d" startTime="2016-03-11T18:30:38" endTime="2016-03-11T18:30:38" testName="RunSpecs" computerName="TeamBuildServer" duration="00:00:00.8260000" testId="00000000-0000-0000-91c4-000000000016" executionId="00000000-0000-0000-91c4-000000000016" outcome="Passed">
      <Output>
        <StdOut>Standard Error: 
Standard Output: Running Slacker ....

testoutput.txt:
Beachcomber (local_dev)
....

Finished in 0.235 seconds (files took 0.329 seconds to load)
4 examples, 0 failures


</StdOut>
      </Output>
    </UnitTestResult>
    <UnitTestResult testType="13cdc9d9-ddb5-4fa4-a97d-d965ccfc6d4b" testListId="8c84fa94-04c1-424b-9868-57a2d4851a1d" startTime="2016-03-11T18:30:38" endTime="2016-03-11T18:30:38" testName="RunSpecs" computerName="TeamBuildServer" duration="00:00:00.6210000" testId="00000000-0000-0000-91c4-000000000017" executionId="00000000-0000-0000-91c4-000000000017" outcome="Passed">
      <Output>
        <StdOut>Standard Error: 
Standard Output: Running Slacker ....

testoutput.txt:
Beachcomber (local_dev)
.

Finished in 0.033 seconds (files took 0.319 seconds to load)
1 example, 0 failures


</StdOut>
      </Output>
    </UnitTestResult>
    <UnitTestResult testType="13cdc9d9-ddb5-4fa4-a97d-d965ccfc6d4b" testListId="8c84fa94-04c1-424b-9868-57a2d4851a1d" startTime="2016-03-11T18:30:38" endTime="2016-03-11T18:30:38" testName="RunSpecs" computerName="TeamBuildServer" duration="00:00:00.5910000" testId="00000000-0000-0000-91c4-000000000018" executionId="00000000-0000-0000-91c4-000000000018" outcome="Passed">
      <Output>
        <StdOut>Standard Error: 
Standard Output: Running Slacker ....

testoutput.txt:
Beachcomber (local_dev)
.

Finished in 0.027 seconds (files took 0.308 seconds to load)
1 example, 0 failures


</StdOut>
      </Output>
    </UnitTestResult>
    <UnitTestResult testType="13cdc9d9-ddb5-4fa4-a97d-d965ccfc6d4b" testListId="8c84fa94-04c1-424b-9868-57a2d4851a1d" startTime="2016-03-11T18:30:38" endTime="2016-03-11T18:30:38" testName="RunSpecs" computerName="TeamBuildServer" duration="00:00:00.6560000" testId="00000000-0000-0000-91c4-000000000019" executionId="00000000-0000-0000-91c4-000000000019" outcome="Passed">
      <Output>
        <StdOut>Standard Error: 
Standard Output: Running Slacker ....

testoutput.txt:
Beachcomber (local_dev)
...

Finished in 0.091 seconds (files took 0.307 seconds to load)
3 examples, 0 failures


</StdOut>
      </Output>
    </UnitTestResult>
    <UnitTestResult testType="13cdc9d9-ddb5-4fa4-a97d-d965ccfc6d4b" testListId="8c84fa94-04c1-424b-9868-57a2d4851a1d" startTime="2016-03-11T18:30:38" endTime="2016-03-11T18:30:38" testName="RunSpecs" computerName="TeamBuildServer" duration="00:00:00.7170000" testId="00000000-0000-0000-91c4-00000000001A" executionId="00000000-0000-0000-91c4-00000000001A" outcome="Passed">
      <Output>
        <StdOut>Standard Error: 
Standard Output: Running Slacker ....

testoutput.txt:
Beachcomber (local_dev)
.....

Finished in 0.147 seconds (files took 0.317 seconds to load)
5 examples, 0 failures


</StdOut>
      </Output>
    </UnitTestResult>
    <UnitTestResult testType="13cdc9d9-ddb5-4fa4-a97d-d965ccfc6d4b" testListId="8c84fa94-04c1-424b-9868-57a2d4851a1d" startTime="2016-03-11T18:30:38" endTime="2016-03-11T18:30:38" testName="RunSpecs" computerName="TeamBuildServer" duration="00:00:00.7270000" testId="00000000-0000-0000-91c4-00000000001B" executionId="00000000-0000-0000-91c4-00000000001B" outcome="Passed">
      <Output>
        <StdOut>Standard Error: 
Standard Output: Running Slacker ....

testoutput.txt:
Beachcomber (local_dev)
.....

Finished in 0.157 seconds (files took 0.318 seconds to load)
5 examples, 0 failures


</StdOut>
      </Output>
    </UnitTestResult>
    <UnitTestResult testType="13cdc9d9-ddb5-4fa4-a97d-d965ccfc6d4b" testListId="8c84fa94-04c1-424b-9868-57a2d4851a1d" startTime="2016-03-11T18:30:38" endTime="2016-03-11T18:30:38" testName="RunSpecs" computerName="TeamBuildServer" duration="00:00:01.7790000" testId="00000000-0000-0000-91c4-00000000001C" executionId="00000000-0000-0000-91c4-00000000001C" outcome="Passed">
      <Output>
        <StdOut>Standard Error: 
Standard Output: Running Slacker ....

testoutput.txt:
Beachcomber (local_dev)
........

Finished in 1.22 seconds (files took 0.308 seconds to load)
8 examples, 0 failures


</StdOut>
      </Output>
    </UnitTestResult>
    <UnitTestResult testType="13cdc9d9-ddb5-4fa4-a97d-d965ccfc6d4b" testListId="8c84fa94-04c1-424b-9868-57a2d4851a1d" startTime="2016-03-11T18:30:38" endTime="2016-03-11T18:30:38" testName="RunSpecs" computerName="TeamBuildServer" duration="00:00:00.8610000" testId="00000000-0000-0000-91c4-00000000001D" executionId="00000000-0000-0000-91c4-00000000001D" outcome="Passed">
      <Output>
        <StdOut>Standard Error: 
Standard Output: Running Slacker ....

testoutput.txt:
Beachcomber (local_dev)
..

Finished in 0.298 seconds (files took 0.312 seconds to load)
2 examples, 0 failures


</StdOut>
      </Output>
    </UnitTestResult>
    <UnitTestResult testType="13cdc9d9-ddb5-4fa4-a97d-d965ccfc6d4b" testListId="8c84fa94-04c1-424b-9868-57a2d4851a1d" startTime="2016-03-11T18:30:38" endTime="2016-03-11T18:30:38" testName="RunSpecs" computerName="TeamBuildServer" duration="00:00:00.6420000" testId="00000000-0000-0000-91c4-00000000001E" executionId="00000000-0000-0000-91c4-00000000001E" outcome="Passed">
      <Output>
        <StdOut>Standard Error: 
Standard Output: Running Slacker ....

testoutput.txt:
Beachcomber (local_dev)
.

Finished in 0.079 seconds (files took 0.314 seconds to load)
1 example, 0 failures


</StdOut>
      </Output>
    </UnitTestResult>
    <UnitTestResult testType="13cdc9d9-ddb5-4fa4-a97d-d965ccfc6d4b" testListId="8c84fa94-04c1-424b-9868-57a2d4851a1d" startTime="2016-03-11T18:30:38" endTime="2016-03-11T18:30:38" testName="RunSpecs" computerName="TeamBuildServer" duration="00:00:00.5960000" testId="00000000-0000-0000-91c4-00000000001F" executionId="00000000-0000-0000-91c4-00000000001F" outcome="Passed">
      <Output>
        <StdOut>Standard Error: 
Standard Output: Running Slacker ....

testoutput.txt:
Beachcomber (local_dev)
.

Finished in 0.047 seconds (files took 0.301 seconds to load)
1 example, 0 failures


</StdOut>
      </Output>
    </UnitTestResult>
    <UnitTestResult testType="13cdc9d9-ddb5-4fa4-a97d-d965ccfc6d4b" testListId="8c84fa94-04c1-424b-9868-57a2d4851a1d" startTime="2016-03-11T18:30:38" endTime="2016-03-11T18:30:38" testName="RunSpecs" computerName="TeamBuildServer" duration="00:00:00.8290000" testId="00000000-0000-0000-91c4-000000000020" executionId="00000000-0000-0000-91c4-000000000020" outcome="Passed">
      <Output>
        <StdOut>Standard Error: 
Standard Output: Running Slacker ....

testoutput.txt:
Beachcomber (local_dev)
....

Finished in 0.227 seconds (files took 0.306 seconds to load)
4 examples, 0 failures


</StdOut>
      </Output>
    </UnitTestResult>
    <UnitTestResult testType="13cdc9d9-ddb5-4fa4-a97d-d965ccfc6d4b" testListId="8c84fa94-04c1-424b-9868-57a2d4851a1d" startTime="2016-03-11T18:30:38" endTime="2016-03-11T18:30:38" testName="RunSpecs" computerName="TeamBuildServer" duration="00:00:00.6880000" testId="00000000-0000-0000-91c4-000000000021" executionId="00000000-0000-0000-91c4-000000000021" outcome="Passed">
      <Output>
        <StdOut>Standard Error: 
Standard Output: Running Slacker ....

testoutput.txt:
Beachcomber (local_dev)
.

Finished in 0.068 seconds (files took 0.343 seconds to load)
1 example, 0 failures


</StdOut>
      </Output>
    </UnitTestResult>
    <UnitTestResult testType="13cdc9d9-ddb5-4fa4-a97d-d965ccfc6d4b" testListId="8c84fa94-04c1-424b-9868-57a2d4851a1d" startTime="2016-03-11T18:30:38" endTime="2016-03-11T18:30:38" testName="RunSpecs" computerName="TeamBuildServer" duration="00:00:01.7890000" testId="00000000-0000-0000-91c4-000000000022" executionId="00000000-0000-0000-91c4-000000000022" outcome="Passed">
      <Output>
        <StdOut>Standard Error: 
Standard Output: Running Slacker ....

testoutput.txt:
Beachcomber (local_dev)
.........

Finished in 1.2 seconds (files took 0.325 seconds to load)
9 examples, 0 failures


</StdOut>
      </Output>
    </UnitTestResult>
    <UnitTestResult testType="13cdc9d9-ddb5-4fa4-a97d-d965ccfc6d4b" testListId="8c84fa94-04c1-424b-9868-57a2d4851a1d" startTime="2016-03-11T18:30:38" endTime="2016-03-11T18:30:38" testName="DateIsInvalidClientFormatTest" computerName="TeamBuildServer" duration="00:00:00.6860000" testId="00000000-0000-0000-91c4-000000000023" executionId="00000000-0000-0000-91c4-000000000023" outcome="Passed">
      <Output>
        <StdOut></StdOut>
      </Output>
    </UnitTestResult>
    <UnitTestResult testType="13cdc9d9-ddb5-4fa4-a97d-d965ccfc6d4b" testListId="8c84fa94-04c1-424b-9868-57a2d4851a1d" startTime="2016-03-11T18:30:38" endTime="2016-03-11T18:30:38" testName="DateIsInvalidClientFormatTest" computerName="TeamBuildServer" duration="00:00:00.0010000" testId="00000000-0000-0000-91c4-000000000024" executionId="00000000-0000-0000-91c4-000000000024" outcome="Passed">
      <Output>
        <StdOut></StdOut>
      </Output>
    </UnitTestResult>
    <UnitTestResult testType="13cdc9d9-ddb5-4fa4-a97d-d965ccfc6d4b" testListId="8c84fa94-04c1-424b-9868-57a2d4851a1d" startTime="2016-03-11T18:30:38" endTime="2016-03-11T18:30:38" testName="DateIsInvalidClientFormatTest" computerName="TeamBuildServer" duration="00:00:00.0010000" testId="00000000-0000-0000-91c4-000000000025" executionId="00000000-0000-0000-91c4-000000000025" outcome="Passed">
      <Output>
        <StdOut></StdOut>
      </Output>
    </UnitTestResult>
    <UnitTestResult testType="13cdc9d9-ddb5-4fa4-a97d-d965ccfc6d4b" testListId="8c84fa94-04c1-424b-9868-57a2d4851a1d" startTime="2016-03-11T18:30:38" endTime="2016-03-11T18:30:38" testName="DateIsInvalidClientFormatTest" computerName="TeamBuildServer" duration="00:00:00.0010000" testId="00000000-0000-0000-91c4-000000000026" executionId="00000000-0000-0000-91c4-000000000026" outcome="Passed">
      <Output>
        <StdOut></StdOut>
      </Output>
    </UnitTestResult>
    <UnitTestResult testType="13cdc9d9-ddb5-4fa4-a97d-d965ccfc6d4b" testListId="8c84fa94-04c1-424b-9868-57a2d4851a1d" startTime="2016-03-11T18:30:38" endTime="2016-03-11T18:30:38" testName="DateIsInvalidClientFormatTest" computerName="TeamBuildServer" duration="00:00:00.0020000" testId="00000000-0000-0000-91c4-000000000027" executionId="00000000-0000-0000-91c4-000000000027" outcome="Passed">
      <Output>
        <StdOut></StdOut>
      </Output>
    </UnitTestResult>
    <UnitTestResult testType="13cdc9d9-ddb5-4fa4-a97d-d965ccfc6d4b" testListId="8c84fa94-04c1-424b-9868-57a2d4851a1d" startTime="2016-03-11T18:30:38" endTime="2016-03-11T18:30:38" testName="DateIsInvalidClientFormatTest" computerName="TeamBuildServer" duration="00:00:00.0010000" testId="00000000-0000-0000-91c4-000000000028" executionId="00000000-0000-0000-91c4-000000000028" outcome="Passed">
      <Output>
        <StdOut></StdOut>
      </Output>
    </UnitTestResult>
    <UnitTestResult testType="13cdc9d9-ddb5-4fa4-a97d-d965ccfc6d4b" testListId="8c84fa94-04c1-424b-9868-57a2d4851a1d" startTime="2016-03-11T18:30:38" endTime="2016-03-11T18:30:38" testName="DateIsInvalidClientFormatTest" computerName="TeamBuildServer" duration="00:00:00.0000000" testId="00000000-0000-0000-91c4-000000000029" executionId="00000000-0000-0000-91c4-000000000029" outcome="Passed">
      <Output>
        <StdOut></StdOut>
      </Output>
    </UnitTestResult>
    <UnitTestResult testType="13cdc9d9-ddb5-4fa4-a97d-d965ccfc6d4b" testListId="8c84fa94-04c1-424b-9868-57a2d4851a1d" startTime="2016-03-11T18:30:38" endTime="2016-03-11T18:30:38" testName="DateIsInvalidClientFormatTest" computerName="TeamBuildServer" duration="00:00:00.0330000" testId="00000000-0000-0000-91c4-00000000002A" executionId="00000000-0000-0000-91c4-00000000002A" outcome="Passed">
      <Output>
        <StdOut></StdOut>
      </Output>
    </UnitTestResult>
    <UnitTestResult testType="13cdc9d9-ddb5-4fa4-a97d-d965ccfc6d4b" testListId="8c84fa94-04c1-424b-9868-57a2d4851a1d" startTime="2016-03-11T18:30:38" endTime="2016-03-11T18:30:38" testName="DateIsInvalidClientFormatTest" computerName="TeamBuildServer" duration="00:00:00.0090000" testId="00000000-0000-0000-91c4-00000000002B" executionId="00000000-0000-0000-91c4-00000000002B" outcome="Passed">
      <Output>
        <StdOut></StdOut>
      </Output>
    </UnitTestResult>
    <UnitTestResult testType="13cdc9d9-ddb5-4fa4-a97d-d965ccfc6d4b" testListId="8c84fa94-04c1-424b-9868-57a2d4851a1d" startTime="2016-03-11T18:30:38" endTime="2016-03-11T18:30:38" testName="DateIsInvalidClientFormatTest" computerName="TeamBuildServer" duration="00:00:00.0010000" testId="00000000-0000-0000-91c4-00000000002C" executionId="00000000-0000-0000-91c4-00000000002C" outcome="Passed">
      <Output>
        <StdOut></StdOut>
      </Output>
    </UnitTestResult>
    <UnitTestResult testType="13cdc9d9-ddb5-4fa4-a97d-d965ccfc6d4b" testListId="8c84fa94-04c1-424b-9868-57a2d4851a1d" startTime="2016-03-11T18:30:38" endTime="2016-03-11T18:30:38" testName="DateTest" computerName="TeamBuildServer" duration="00:00:00.0430000" testId="00000000-0000-0000-91c4-00000000002D" executionId="00000000-0000-0000-91c4-00000000002D" outcome="Passed">
      <Output>
        <StdOut></StdOut>
      </Output>
    </UnitTestResult>
    <UnitTestResult testType="13cdc9d9-ddb5-4fa4-a97d-d965ccfc6d4b" testListId="8c84fa94-04c1-424b-9868-57a2d4851a1d" startTime="2016-03-11T18:30:38" endTime="2016-03-11T18:30:38" testName="DateTest" computerName="TeamBuildServer" duration="00:00:00.0020000" testId="00000000-0000-0000-91c4-00000000002E" executionId="00000000-0000-0000-91c4-00000000002E" outcome="Passed">
      <Output>
        <StdOut></StdOut>
      </Output>
    </UnitTestResult>
    <UnitTestResult testType="13cdc9d9-ddb5-4fa4-a97d-d965ccfc6d4b" testListId="8c84fa94-04c1-424b-9868-57a2d4851a1d" startTime="2016-03-11T18:30:38" endTime="2016-03-11T18:30:38" testName="DateTest" computerName="TeamBuildServer" duration="00:00:00.0020000" testId="00000000-0000-0000-91c4-00000000002F" executionId="00000000-0000-0000-91c4-00000000002F" outcome="Passed">
      <Output>
        <StdOut></StdOut>
      </Output>
    </UnitTestResult>
    <UnitTestResult testType="13cdc9d9-ddb5-4fa4-a97d-d965ccfc6d4b" testListId="8c84fa94-04c1-424b-9868-57a2d4851a1d" startTime="2016-03-11T18:30:38" endTime="2016-03-11T18:30:38" testName="DateTest" computerName="TeamBuildServer" duration="00:00:00.0020000" testId="00000000-0000-0000-91c4-000000000030" executionId="00000000-0000-0000-91c4-000000000030" outcome="Passed">
      <Output>
        <StdOut></StdOut>
      </Output>
    </UnitTestResult>
    <UnitTestResult testType="13cdc9d9-ddb5-4fa4-a97d-d965ccfc6d4b" testListId="8c84fa94-04c1-424b-9868-57a2d4851a1d" startTime="2016-03-11T18:30:38" endTime="2016-03-11T18:30:38" testName="DateTest" computerName="TeamBuildServer" duration="00:00:00.0020000" testId="00000000-0000-0000-91c4-000000000031" executionId="00000000-0000-0000-91c4-000000000031" outcome="Passed">
      <Output>
        <StdOut></StdOut>
      </Output>
    </UnitTestResult>
    <UnitTestResult testType="13cdc9d9-ddb5-4fa4-a97d-d965ccfc6d4b" testListId="8c84fa94-04c1-424b-9868-57a2d4851a1d" startTime="2016-03-11T18:30:38" endTime="2016-03-11T18:30:38" testName="DateTest" computerName="TeamBuildServer" duration="00:00:00.0010000" testId="00000000-0000-0000-91c4-000000000032" executionId="00000000-0000-0000-91c4-000000000032" outcome="Passed">
      <Output>
        <StdOut></StdOut>
      </Output>
    </UnitTestResult>
    <UnitTestResult testType="13cdc9d9-ddb5-4fa4-a97d-d965ccfc6d4b" testListId="8c84fa94-04c1-424b-9868-57a2d4851a1d" startTime="2016-03-11T18:30:38" endTime="2016-03-11T18:30:38" testName="DateTest" computerName="TeamBuildServer" duration="00:00:00.0030000" testId="00000000-0000-0000-91c4-000000000033" executionId="00000000-0000-0000-91c4-000000000033" outcome="Passed">
      <Output>
        <StdOut></StdOut>
      </Output>
    </UnitTestResult>
    <UnitTestResult testType="13cdc9d9-ddb5-4fa4-a97d-d965ccfc6d4b" testListId="8c84fa94-04c1-424b-9868-57a2d4851a1d" startTime="2016-03-11T18:30:38" endTime="2016-03-11T18:30:38" testName="DateTest" computerName="TeamBuildServer" duration="00:00:05.9360000" testId="00000000-0000-0000-91c4-000000000034" executionId="00000000-0000-0000-91c4-000000000034" outcome="Passed">
      <Output>
        <StdOut></StdOut>
      </Output>
    </UnitTestResult>
    <UnitTestResult testType="13cdc9d9-ddb5-4fa4-a97d-d965ccfc6d4b" testListId="8c84fa94-04c1-424b-9868-57a2d4851a1d" startTime="2016-03-11T18:30:38" endTime="2016-03-11T18:30:38" testName="NumberIsInvalidClientFormatTest" computerName="TeamBuildServer" duration="00:00:00.0140000" testId="00000000-0000-0000-91c4-000000000035" executionId="00000000-0000-0000-91c4-000000000035" outcome="Passed">
      <Output>
        <StdOut></StdOut>
      </Output>
    </UnitTestResult>
    <UnitTestResult testType="13cdc9d9-ddb5-4fa4-a97d-d965ccfc6d4b" testListId="8c84fa94-04c1-424b-9868-57a2d4851a1d" startTime="2016-03-11T18:30:38" endTime="2016-03-11T18:30:38" testName="NumberIsInvalidClientFormatTest" computerName="TeamBuildServer" duration="00:00:00.0000000" testId="00000000-0000-0000-91c4-000000000036" executionId="00000000-0000-0000-91c4-000000000036" outcome="Passed">
      <Output>
        <StdOut></StdOut>
      </Output>
    </UnitTestResult>
    <UnitTestResult testType="13cdc9d9-ddb5-4fa4-a97d-d965ccfc6d4b" testListId="8c84fa94-04c1-424b-9868-57a2d4851a1d" startTime="2016-03-11T18:30:38" endTime="2016-03-11T18:30:38" testName="NumberIsInvalidClientFormatTest" computerName="TeamBuildServer" duration="00:00:00.0010000" testId="00000000-0000-0000-91c4-000000000037" executionId="00000000-0000-0000-91c4-000000000037" outcome="Passed">
      <Output>
        <StdOut></StdOut>
      </Output>
    </UnitTestResult>
    <UnitTestResult testType="13cdc9d9-ddb5-4fa4-a97d-d965ccfc6d4b" testListId="8c84fa94-04c1-424b-9868-57a2d4851a1d" startTime="2016-03-11T18:30:38" endTime="2016-03-11T18:30:38" testName="NumberIsInvalidClientFormatTest" computerName="TeamBuildServer" duration="00:00:00.0000000" testId="00000000-0000-0000-91c4-000000000038" executionId="00000000-0000-0000-91c4-000000000038" outcome="Passed">
      <Output>
        <StdOut></StdOut>
      </Output>
    </UnitTestResult>
    <UnitTestResult testType="13cdc9d9-ddb5-4fa4-a97d-d965ccfc6d4b" testListId="8c84fa94-04c1-424b-9868-57a2d4851a1d" startTime="2016-03-11T18:30:38" endTime="2016-03-11T18:30:38" testName="NumberIsInvalidClientFormatTest" computerName="TeamBuildServer" duration="00:00:00.0000000" testId="00000000-0000-0000-91c4-000000000039" executionId="00000000-0000-0000-91c4-000000000039" outcome="Passed">
      <Output>
        <StdOut></StdOut>
      </Output>
    </UnitTestResult>
    <UnitTestResult testType="13cdc9d9-ddb5-4fa4-a97d-d965ccfc6d4b" testListId="8c84fa94-04c1-424b-9868-57a2d4851a1d" startTime="2016-03-11T18:30:38" endTime="2016-03-11T18:30:38" testName="RegexReplaceTest" computerName="TeamBuildServer" duration="00:00:00.0050000" testId="00000000-0000-0000-91c4-00000000003A" executionId="00000000-0000-0000-91c4-00000000003A" outcome="Passed">
      <Output>
        <StdOut></StdOut>
      </Output>
    </UnitTestResult>
    <UnitTestResult testType="13cdc9d9-ddb5-4fa4-a97d-d965ccfc6d4b" testListId="8c84fa94-04c1-424b-9868-57a2d4851a1d" startTime="2016-03-11T18:30:38" endTime="2016-03-11T18:30:38" testName="PollSpec" computerName="TeamBuildServer" duration="00:00:02.9920000" testId="00000000-0000-0000-91c4-00000000003B" executionId="00000000-0000-0000-91c4-00000000003B" outcome="Passed">
      <Output>
        <StdOut>Retrieved configuration settings
</StdOut>
      </Output>
    </UnitTestResult>
    <UnitTestResult testType="13cdc9d9-ddb5-4fa4-a97d-d965ccfc6d4b" testListId="8c84fa94-04c1-424b-9868-57a2d4851a1d" startTime="2016-03-11T18:30:38" endTime="2016-03-11T18:30:38" testName="TemplateSpecAll" computerName="TeamBuildServer" duration="00:00:00.0570000" testId="00000000-0000-0000-91c4-00000000003C" executionId="00000000-0000-0000-91c4-00000000003C" outcome="Passed">
      <Output>
        <StdOut></StdOut>
      </Output>
    </UnitTestResult>
    <UnitTestResult testType="13cdc9d9-ddb5-4fa4-a97d-d965ccfc6d4b" testListId="8c84fa94-04c1-424b-9868-57a2d4851a1d" startTime="2016-03-11T18:30:38" endTime="2016-03-11T18:30:38" testName="BrokerQueueClientTest" computerName="TeamBuildServer" duration="00:00:00.2670000" testId="00000000-0000-0000-91c4-00000000003D" executionId="00000000-0000-0000-91c4-00000000003D" outcome="Passed">
      <Output>
        <StdOut></StdOut>
      </Output>
    </UnitTestResult>
    <UnitTestResult testType="13cdc9d9-ddb5-4fa4-a97d-d965ccfc6d4b" testListId="8c84fa94-04c1-424b-9868-57a2d4851a1d" startTime="2016-03-11T18:30:38" endTime="2016-03-11T18:30:38" testName="BrokerQueueClientTest" computerName="TeamBuildServer" duration="00:00:00.0450000" testId="00000000-0000-0000-91c4-00000000003E" executionId="00000000-0000-0000-91c4-00000000003E" outcome="Passed">
      <Output>
        <StdOut></StdOut>
      </Output>
    </UnitTestResult>
    <UnitTestResult testType="13cdc9d9-ddb5-4fa4-a97d-d965ccfc6d4b" testListId="8c84fa94-04c1-424b-9868-57a2d4851a1d" startTime="2016-03-11T18:30:38" endTime="2016-03-11T18:30:38" testName="DetailsTagTest" computerName="TeamBuildServer" duration="00:00:00.0060000" testId="00000000-0000-0000-91c4-00000000003F" executionId="00000000-0000-0000-91c4-00000000003F" outcome="Passed">
      <Output>
        <StdOut></StdOut>
      </Output>
    </UnitTestResult>
    <UnitTestResult testType="13cdc9d9-ddb5-4fa4-a97d-d965ccfc6d4b" testListId="8c84fa94-04c1-424b-9868-57a2d4851a1d" startTime="2016-03-11T18:30:38" endTime="2016-03-11T18:30:38" testName="DetailsTagTest" computerName="TeamBuildServer" duration="00:00:00.0370000" testId="00000000-0000-0000-91c4-000000000040" executionId="00000000-0000-0000-91c4-000000000040" outcome="Passed">
      <Output>
        <StdOut></StdOut>
      </Output>
    </UnitTestResult>
    <UnitTestResult testType="13cdc9d9-ddb5-4fa4-a97d-d965ccfc6d4b" testListId="8c84fa94-04c1-424b-9868-57a2d4851a1d" startTime="2016-03-11T18:30:38" endTime="2016-03-11T18:30:38" testName="DbModelProcessing" computerName="TeamBuildServer" duration="00:00:00.8800000" testId="00000000-0000-0000-91c4-000000000041" executionId="00000000-0000-0000-91c4-000000000041" outcome="Passed">
      <Output>
        <StdOut></StdOut>
      </Output>
    </UnitTestResult>
    <UnitTestResult testType="13cdc9d9-ddb5-4fa4-a97d-d965ccfc6d4b" testListId="8c84fa94-04c1-424b-9868-57a2d4851a1d" startTime="2016-03-11T18:30:38" endTime="2016-03-11T18:30:38" testName="DbModelProcessing" computerName="TeamBuildServer" duration="00:00:00.2060000" testId="00000000-0000-0000-91c4-000000000042" executionId="00000000-0000-0000-91c4-000000000042" outcome="Passed">
      <Output>
        <StdOut></StdOut>
      </Output>
    </UnitTestResult>
    <UnitTestResult testType="13cdc9d9-ddb5-4fa4-a97d-d965ccfc6d4b" testListId="8c84fa94-04c1-424b-9868-57a2d4851a1d" startTime="2016-03-11T18:30:38" endTime="2016-03-11T18:30:38" testName="DbModelProcessing" computerName="TeamBuildServer" duration="00:00:00.0140000" testId="00000000-0000-0000-91c4-000000000043" executionId="00000000-0000-0000-91c4-000000000043" outcome="Passed">
      <Output>
        <StdOut></StdOut>
      </Output>
    </UnitTestResult>
    <UnitTestResult testType="13cdc9d9-ddb5-4fa4-a97d-d965ccfc6d4b" testListId="8c84fa94-04c1-424b-9868-57a2d4851a1d" startTime="2016-03-11T18:30:38" endTime="2016-03-11T18:30:38" testName="DbModelProcessing" computerName="TeamBuildServer" duration="00:00:00.0570000" testId="00000000-0000-0000-91c4-000000000044" executionId="00000000-0000-0000-91c4-000000000044" outcome="Passed">
      <Output>
        <StdOut></StdOut>
      </Output>
    </UnitTestResult>
    <UnitTestResult testType="13cdc9d9-ddb5-4fa4-a97d-d965ccfc6d4b" testListId="8c84fa94-04c1-424b-9868-57a2d4851a1d" startTime="2016-03-11T18:30:38" endTime="2016-03-11T18:30:38" testName="DetailsTagTest" computerName="TeamBuildServer" duration="00:00:00.0350000" testId="00000000-0000-0000-91c4-000000000045" executionId="00000000-0000-0000-91c4-000000000045" outcome="Passed">
      <Output>
        <StdOut></StdOut>
      </Output>
    </UnitTestResult>
    <UnitTestResult testType="13cdc9d9-ddb5-4fa4-a97d-d965ccfc6d4b" testListId="8c84fa94-04c1-424b-9868-57a2d4851a1d" startTime="2016-03-11T18:30:38" endTime="2016-03-11T18:30:38" testName="DetailsTagTest" computerName="TeamBuildServer" duration="00:00:00.0030000" testId="00000000-0000-0000-91c4-000000000046" executionId="00000000-0000-0000-91c4-000000000046" outcome="Passed">
      <Output>
        <StdOut></StdOut>
      </Output>
    </UnitTestResult>
    <UnitTestResult testType="13cdc9d9-ddb5-4fa4-a97d-d965ccfc6d4b" testListId="8c84fa94-04c1-424b-9868-57a2d4851a1d" startTime="2016-03-11T18:30:38" endTime="2016-03-11T18:30:38" testName="DetailsTagTest" computerName="TeamBuildServer" duration="00:00:00.0180000" testId="00000000-0000-0000-91c4-000000000047" executionId="00000000-0000-0000-91c4-000000000047" outcome="Passed">
      <Output>
        <StdOut></StdOut>
      </Output>
    </UnitTestResult>
    <UnitTestResult testType="13cdc9d9-ddb5-4fa4-a97d-d965ccfc6d4b" testListId="8c84fa94-04c1-424b-9868-57a2d4851a1d" startTime="2016-03-11T18:30:38" endTime="2016-03-11T18:30:38" testName="DetailsTagTest" computerName="TeamBuildServer" duration="00:00:00.0070000" testId="00000000-0000-0000-91c4-000000000048" executionId="00000000-0000-0000-91c4-000000000048" outcome="Passed">
      <Output>
        <StdOut></StdOut>
      </Output>
    </UnitTestResult>
    <UnitTestResult testType="13cdc9d9-ddb5-4fa4-a97d-d965ccfc6d4b" testListId="8c84fa94-04c1-424b-9868-57a2d4851a1d" startTime="2016-03-11T18:30:38" endTime="2016-03-11T18:30:38" testName="DetailsTagTest" computerName="TeamBuildServer" duration="00:00:00.0210000" testId="00000000-0000-0000-91c4-000000000049" executionId="00000000-0000-0000-91c4-000000000049" outcome="Passed">
      <Output>
        <StdOut></StdOut>
      </Output>
    </UnitTestResult>
    <UnitTestResult testType="13cdc9d9-ddb5-4fa4-a97d-d965ccfc6d4b" testListId="8c84fa94-04c1-424b-9868-57a2d4851a1d" startTime="2016-03-11T18:30:38" endTime="2016-03-11T18:30:38" testName="ExcelExportSpecAll" computerName="TeamBuildServer" duration="00:00:01.1880000" testId="00000000-0000-0000-91c4-00000000004A" executionId="00000000-0000-0000-91c4-00000000004A" outcome="Passed">
      <Output>
        <StdOut></StdOut>
      </Output>
    </UnitTestResult>
    <UnitTestResult testType="13cdc9d9-ddb5-4fa4-a97d-d965ccfc6d4b" testListId="8c84fa94-04c1-424b-9868-57a2d4851a1d" startTime="2016-03-11T18:30:38" endTime="2016-03-11T18:30:38" testName="ExcelExportSpecAll" computerName="TeamBuildServer" duration="00:00:00.0030000" testId="00000000-0000-0000-91c4-00000000004B" executionId="00000000-0000-0000-91c4-00000000004B" outcome="Passed">
      <Output>
        <StdOut></StdOut>
      </Output>
    </UnitTestResult>
    <UnitTestResult testType="13cdc9d9-ddb5-4fa4-a97d-d965ccfc6d4b" testListId="8c84fa94-04c1-424b-9868-57a2d4851a1d" startTime="2016-03-11T18:30:38" endTime="2016-03-11T18:30:38" testName="ExcelExportSpecAll" computerName="TeamBuildServer" duration="00:00:00.1690000" testId="00000000-0000-0000-91c4-00000000004C" executionId="00000000-0000-0000-91c4-00000000004C" outcome="Passed">
      <Output>
        <StdOut></StdOut>
      </Output>
    </UnitTestResult>
    <UnitTestResult testType="13cdc9d9-ddb5-4fa4-a97d-d965ccfc6d4b" testListId="8c84fa94-04c1-424b-9868-57a2d4851a1d" startTime="2016-03-11T18:30:38" endTime="2016-03-11T18:30:38" testName="ExcelExportSpecAll" computerName="TeamBuildServer" duration="00:00:00.3470000" testId="00000000-0000-0000-91c4-00000000004D" executionId="00000000-0000-0000-91c4-00000000004D" outcome="Passed">
      <Output>
        <StdOut></StdOut>
      </Output>
    </UnitTestResult>
    <UnitTestResult testType="13cdc9d9-ddb5-4fa4-a97d-d965ccfc6d4b" testListId="8c84fa94-04c1-424b-9868-57a2d4851a1d" startTime="2016-03-11T18:30:38" endTime="2016-03-11T18:30:38" testName="ExcelExportSpecAll" computerName="TeamBuildServer" duration="00:00:00.0700000" testId="00000000-0000-0000-91c4-00000000004E" executionId="00000000-0000-0000-91c4-00000000004E" outcome="Passed">
      <Output>
        <StdOut></StdOut>
      </Output>
    </UnitTestResult>
    <UnitTestResult testType="13cdc9d9-ddb5-4fa4-a97d-d965ccfc6d4b" testListId="8c84fa94-04c1-424b-9868-57a2d4851a1d" startTime="2016-03-11T18:30:38" endTime="2016-03-11T18:30:38" testName="ExcelExportSpecAll" computerName="TeamBuildServer" duration="00:00:00.0750000" testId="00000000-0000-0000-91c4-00000000004F" executionId="00000000-0000-0000-91c4-00000000004F" outcome="Passed">
      <Output>
        <StdOut></StdOut>
      </Output>
    </UnitTestResult>
    <UnitTestResult testType="13cdc9d9-ddb5-4fa4-a97d-d965ccfc6d4b" testListId="8c84fa94-04c1-424b-9868-57a2d4851a1d" startTime="2016-03-11T18:30:38" endTime="2016-03-11T18:30:38" testName="ExcelExportSpecAll" computerName="TeamBuildServer" duration="00:00:00.0690000" testId="00000000-0000-0000-91c4-000000000050" executionId="00000000-0000-0000-91c4-000000000050" outcome="Passed">
      <Output>
        <StdOut></StdOut>
      </Output>
    </UnitTestResult>
    <UnitTestResult testType="13cdc9d9-ddb5-4fa4-a97d-d965ccfc6d4b" testListId="8c84fa94-04c1-424b-9868-57a2d4851a1d" startTime="2016-03-11T18:30:38" endTime="2016-03-11T18:30:38" testName="ExcelExportSpecAll" computerName="TeamBuildServer" duration="00:00:00.0680000" testId="00000000-0000-0000-91c4-000000000051" executionId="00000000-0000-0000-91c4-000000000051" outcome="Passed">
      <Output>
        <StdOut></StdOut>
      </Output>
    </UnitTestResult>
    <UnitTestResult testType="13cdc9d9-ddb5-4fa4-a97d-d965ccfc6d4b" testListId="8c84fa94-04c1-424b-9868-57a2d4851a1d" startTime="2016-03-11T18:30:38" endTime="2016-03-11T18:30:38" testName="ExcelExportSpecAll" computerName="TeamBuildServer" duration="00:00:00.1550000" testId="00000000-0000-0000-91c4-000000000052" executionId="00000000-0000-0000-91c4-000000000052" outcome="Passed">
      <Output>
        <StdOut></StdOut>
      </Output>
    </UnitTestResult>
    <UnitTestResult testType="13cdc9d9-ddb5-4fa4-a97d-d965ccfc6d4b" testListId="8c84fa94-04c1-424b-9868-57a2d4851a1d" startTime="2016-03-11T18:30:38" endTime="2016-03-11T18:30:38" testName="ExcelExportSpecAll" computerName="TeamBuildServer" duration="00:00:00.0890000" testId="00000000-0000-0000-91c4-000000000053" executionId="00000000-0000-0000-91c4-000000000053" outcome="Passed">
      <Output>
        <StdOut></StdOut>
      </Output>
    </UnitTestResult>
    <UnitTestResult testType="13cdc9d9-ddb5-4fa4-a97d-d965ccfc6d4b" testListId="8c84fa94-04c1-424b-9868-57a2d4851a1d" startTime="2016-03-11T18:30:38" endTime="2016-03-11T18:30:38" testName="ExcelExportSpecAll" computerName="TeamBuildServer" duration="00:00:00.1240000" testId="00000000-0000-0000-91c4-000000000054" executionId="00000000-0000-0000-91c4-000000000054" outcome="Passed">
      <Output>
        <StdOut></StdOut>
      </Output>
    </UnitTestResult>
    <UnitTestResult testType="13cdc9d9-ddb5-4fa4-a97d-d965ccfc6d4b" testListId="8c84fa94-04c1-424b-9868-57a2d4851a1d" startTime="2016-03-11T18:30:38" endTime="2016-03-11T18:30:38" testName="ExcelExportSpecAll" computerName="TeamBuildServer" duration="00:00:00.0990000" testId="00000000-0000-0000-91c4-000000000055" executionId="00000000-0000-0000-91c4-000000000055" outcome="Passed">
      <Output>
        <StdOut></StdOut>
      </Output>
    </UnitTestResult>
    <UnitTestResult testType="13cdc9d9-ddb5-4fa4-a97d-d965ccfc6d4b" testListId="8c84fa94-04c1-424b-9868-57a2d4851a1d" startTime="2016-03-11T18:30:38" endTime="2016-03-11T18:30:38" testName="ExcelExportSpecAll" computerName="TeamBuildServer" duration="00:00:00.1250000" testId="00000000-0000-0000-91c4-000000000056" executionId="00000000-0000-0000-91c4-000000000056" outcome="Passed">
      <Output>
        <StdOut></StdOut>
      </Output>
    </UnitTestResult>
    <UnitTestResult testType="13cdc9d9-ddb5-4fa4-a97d-d965ccfc6d4b" testListId="8c84fa94-04c1-424b-9868-57a2d4851a1d" startTime="2016-03-11T18:30:38" endTime="2016-03-11T18:30:38" testName="ExecutionSurfaceSpecAll" computerName="TeamBuildServer" duration="00:00:00.4650000" testId="00000000-0000-0000-91c4-000000000057" executionId="00000000-0000-0000-91c4-000000000057" outcome="Passed">
      <Output>
        <StdOut></StdOut>
      </Output>
    </UnitTestResult>
    <UnitTestResult testType="13cdc9d9-ddb5-4fa4-a97d-d965ccfc6d4b" testListId="8c84fa94-04c1-424b-9868-57a2d4851a1d" startTime="2016-03-11T18:30:38" endTime="2016-03-11T18:30:38" testName="ExecutionSurfaceSpecAll" computerName="TeamBuildServer" duration="00:00:00.4170000" testId="00000000-0000-0000-91c4-000000000058" executionId="00000000-0000-0000-91c4-000000000058" outcome="Passed">
      <Output>
        <StdOut></StdOut>
      </Output>
    </UnitTestResult>
    <UnitTestResult testType="13cdc9d9-ddb5-4fa4-a97d-d965ccfc6d4b" testListId="8c84fa94-04c1-424b-9868-57a2d4851a1d" startTime="2016-03-11T18:30:38" endTime="2016-03-11T18:30:38" testName="ExecutionSurfaceSpecAll" computerName="TeamBuildServer" duration="00:00:00.3390000" testId="00000000-0000-0000-91c4-000000000059" executionId="00000000-0000-0000-91c4-000000000059" outcome="Passed">
      <Output>
        <StdOut></StdOut>
      </Output>
    </UnitTestResult>
    <UnitTestResult testType="13cdc9d9-ddb5-4fa4-a97d-d965ccfc6d4b" testListId="8c84fa94-04c1-424b-9868-57a2d4851a1d" startTime="2016-03-11T18:30:38" endTime="2016-03-11T18:30:38" testName="XmlToFlexSpecArrays" computerName="TeamBuildServer" duration="00:00:00.0560000" testId="00000000-0000-0000-91c4-00000000005A" executionId="00000000-0000-0000-91c4-00000000005A" outcome="Passed">
      <Output>
        <StdOut></StdOut>
      </Output>
    </UnitTestResult>
    <UnitTestResult testType="13cdc9d9-ddb5-4fa4-a97d-d965ccfc6d4b" testListId="8c84fa94-04c1-424b-9868-57a2d4851a1d" startTime="2016-03-11T18:30:38" endTime="2016-03-11T18:30:38" testName="XmlToFlexSpec" computerName="TeamBuildServer" duration="00:00:00.0340000" testId="00000000-0000-0000-91c4-00000000005B" executionId="00000000-0000-0000-91c4-00000000005B" outcome="Passed">
      <Output>
        <StdOut></StdOut>
      </Output>
    </UnitTestResult>
    <UnitTestResult testType="13cdc9d9-ddb5-4fa4-a97d-d965ccfc6d4b" testListId="8c84fa94-04c1-424b-9868-57a2d4851a1d" startTime="2016-03-11T18:30:38" endTime="2016-03-11T18:30:38" testName="ForEachSpec" computerName="TeamBuildServer" duration="00:00:00.0040000" testId="00000000-0000-0000-91c4-00000000005C" executionId="00000000-0000-0000-91c4-00000000005C" outcome="Passed">
      <Output>
        <StdOut></StdOut>
      </Output>
    </UnitTestResult>
    <UnitTestResult testType="13cdc9d9-ddb5-4fa4-a97d-d965ccfc6d4b" testListId="8c84fa94-04c1-424b-9868-57a2d4851a1d" startTime="2016-03-11T18:30:38" endTime="2016-03-11T18:30:38" testName="ToObjectSpec" computerName="TeamBuildServer" duration="00:00:00.0090000" testId="00000000-0000-0000-91c4-00000000005D" executionId="00000000-0000-0000-91c4-00000000005D" outcome="Passed">
      <Output>
        <StdOut></StdOut>
      </Output>
    </UnitTestResult>
    <UnitTestResult testType="13cdc9d9-ddb5-4fa4-a97d-d965ccfc6d4b" testListId="8c84fa94-04c1-424b-9868-57a2d4851a1d" startTime="2016-03-11T18:30:38" endTime="2016-03-11T18:30:38" testName="ToObjectSpec" computerName="TeamBuildServer" duration="00:00:00.0000000" testId="00000000-0000-0000-91c4-00000000005E" executionId="00000000-0000-0000-91c4-00000000005E" outcome="Passed">
      <Output>
        <StdOut></StdOut>
      </Output>
    </UnitTestResult>
    <UnitTestResult testType="13cdc9d9-ddb5-4fa4-a97d-d965ccfc6d4b" testListId="8c84fa94-04c1-424b-9868-57a2d4851a1d" startTime="2016-03-11T18:30:38" endTime="2016-03-11T18:30:38" testName="ToObjectSpec" computerName="TeamBuildServer" duration="00:00:00.0000000" testId="00000000-0000-0000-91c4-00000000005F" executionId="00000000-0000-0000-91c4-00000000005F" outcome="Passed">
      <Output>
        <StdOut></StdOut>
      </Output>
    </UnitTestResult>
    <UnitTestResult testType="13cdc9d9-ddb5-4fa4-a97d-d965ccfc6d4b" testListId="8c84fa94-04c1-424b-9868-57a2d4851a1d" startTime="2016-03-11T18:30:38" endTime="2016-03-11T18:30:38" testName="FlexToXmlSpec" computerName="TeamBuildServer" duration="00:00:00.0040000" testId="00000000-0000-0000-91c4-000000000060" executionId="00000000-0000-0000-91c4-000000000060" outcome="Passed">
      <Output>
        <StdOut></StdOut>
      </Output>
    </UnitTestResult>
    <UnitTestResult testType="13cdc9d9-ddb5-4fa4-a97d-d965ccfc6d4b" testListId="8c84fa94-04c1-424b-9868-57a2d4851a1d" startTime="2016-03-11T18:30:38" endTime="2016-03-11T18:30:38" testName="UnderscoreSpec" computerName="TeamBuildServer" duration="00:00:00.0250000" testId="00000000-0000-0000-91c4-000000000061" executionId="00000000-0000-0000-91c4-000000000061" outcome="Passed">
      <Output>
        <StdOut></StdOut>
      </Output>
    </UnitTestResult>
    <UnitTestResult testType="13cdc9d9-ddb5-4fa4-a97d-d965ccfc6d4b" testListId="8c84fa94-04c1-424b-9868-57a2d4851a1d" startTime="2016-03-11T18:30:38" endTime="2016-03-11T18:30:38" testName="UnderscoreSpec" computerName="TeamBuildServer" duration="00:00:00.0270000" testId="00000000-0000-0000-91c4-000000000062" executionId="00000000-0000-0000-91c4-000000000062" outcome="Passed">
      <Output>
        <StdOut></StdOut>
      </Output>
    </UnitTestResult>
    <UnitTestResult testType="13cdc9d9-ddb5-4fa4-a97d-d965ccfc6d4b" testListId="8c84fa94-04c1-424b-9868-57a2d4851a1d" startTime="2016-03-11T18:30:38" endTime="2016-03-11T18:30:38" testName="MetaJsonSpec" computerName="TeamBuildServer" duration="00:00:00.0320000" testId="00000000-0000-0000-91c4-000000000063" executionId="00000000-0000-0000-91c4-000000000063" outcome="Passed">
      <Output>
        <StdOut></StdOut>
      </Output>
    </UnitTestResult>
    <UnitTestResult testType="13cdc9d9-ddb5-4fa4-a97d-d965ccfc6d4b" testListId="8c84fa94-04c1-424b-9868-57a2d4851a1d" startTime="2016-03-11T18:30:38" endTime="2016-03-11T18:30:38" testName="UnderscoreSpec" computerName="TeamBuildServer" duration="00:00:00.0000000" testId="00000000-0000-0000-91c4-000000000064" executionId="00000000-0000-0000-91c4-000000000064" outcome="Passed">
      <Output>
        <StdOut></StdOut>
      </Output>
    </UnitTestResult>
    <UnitTestResult testType="13cdc9d9-ddb5-4fa4-a97d-d965ccfc6d4b" testListId="8c84fa94-04c1-424b-9868-57a2d4851a1d" startTime="2016-03-11T18:30:38" endTime="2016-03-11T18:30:38" testName="JsonToObject" computerName="TeamBuildServer" duration="00:00:00.0080000" testId="00000000-0000-0000-91c4-000000000065" executionId="00000000-0000-0000-91c4-000000000065" outcome="Passed">
      <Output>
        <StdOut></StdOut>
      </Output>
    </UnitTestResult>
    <UnitTestResult testType="13cdc9d9-ddb5-4fa4-a97d-d965ccfc6d4b" testListId="8c84fa94-04c1-424b-9868-57a2d4851a1d" startTime="2016-03-11T18:30:38" endTime="2016-03-11T18:30:38" testName="AnonymousObjectToJsonSpec" computerName="TeamBuildServer" duration="00:00:00.0060000" testId="00000000-0000-0000-91c4-000000000066" executionId="00000000-0000-0000-91c4-000000000066" outcome="Passed">
      <Output>
        <StdOut></StdOut>
      </Output>
    </UnitTestResult>
    <UnitTestResult testType="13cdc9d9-ddb5-4fa4-a97d-d965ccfc6d4b" testListId="8c84fa94-04c1-424b-9868-57a2d4851a1d" startTime="2016-03-11T18:30:38" endTime="2016-03-11T18:30:38" testName="FlexToJsonSpec" computerName="TeamBuildServer" duration="00:00:00.0100000" testId="00000000-0000-0000-91c4-000000000067" executionId="00000000-0000-0000-91c4-000000000067" outcome="Passed">
      <Output>
        <StdOut></StdOut>
      </Output>
    </UnitTestResult>
    <UnitTestResult testType="13cdc9d9-ddb5-4fa4-a97d-d965ccfc6d4b" testListId="8c84fa94-04c1-424b-9868-57a2d4851a1d" startTime="2016-03-11T18:30:38" endTime="2016-03-11T18:30:38" testName="SprocSpecAll" computerName="TeamBuildServer" duration="00:00:00.0170000" testId="00000000-0000-0000-91c4-000000000068" executionId="00000000-0000-0000-91c4-000000000068" outcome="Passed">
      <Output>
        <StdOut></StdOut>
      </Output>
    </UnitTestResult>
    <UnitTestResult testType="13cdc9d9-ddb5-4fa4-a97d-d965ccfc6d4b" testListId="8c84fa94-04c1-424b-9868-57a2d4851a1d" startTime="2016-03-11T18:30:38" endTime="2016-03-11T18:30:38" testName="SprocSpecAll" computerName="TeamBuildServer" duration="00:00:00.0140000" testId="00000000-0000-0000-91c4-000000000069" executionId="00000000-0000-0000-91c4-000000000069" outcome="Passed">
      <Output>
        <StdOut></StdOut>
      </Output>
    </UnitTestResult>
    <UnitTestResult testType="13cdc9d9-ddb5-4fa4-a97d-d965ccfc6d4b" testListId="8c84fa94-04c1-424b-9868-57a2d4851a1d" startTime="2016-03-11T18:30:38" endTime="2016-03-11T18:30:38" testName="SprocSpecAll" computerName="TeamBuildServer" duration="00:00:00.0130000" testId="00000000-0000-0000-91c4-00000000006A" executionId="00000000-0000-0000-91c4-00000000006A" outcome="Passed">
      <Output>
        <StdOut></StdOut>
      </Output>
    </UnitTestResult>
    <UnitTestResult testType="13cdc9d9-ddb5-4fa4-a97d-d965ccfc6d4b" testListId="8c84fa94-04c1-424b-9868-57a2d4851a1d" startTime="2016-03-11T18:30:38" endTime="2016-03-11T18:30:38" testName="SprocSpecAll" computerName="TeamBuildServer" duration="00:00:00.0270000" testId="00000000-0000-0000-91c4-00000000006B" executionId="00000000-0000-0000-91c4-00000000006B" outcome="Passed">
      <Output>
        <StdOut></StdOut>
      </Output>
    </UnitTestResult>
    <UnitTestResult testType="13cdc9d9-ddb5-4fa4-a97d-d965ccfc6d4b" testListId="8c84fa94-04c1-424b-9868-57a2d4851a1d" startTime="2016-03-11T18:30:38" endTime="2016-03-11T18:30:38" testName="SprocSpecAll" computerName="TeamBuildServer" duration="00:00:00.0110000" testId="00000000-0000-0000-91c4-00000000006C" executionId="00000000-0000-0000-91c4-00000000006C" outcome="Passed">
      <Output>
        <StdOut></StdOut>
      </Output>
    </UnitTestResult>
    <UnitTestResult testType="13cdc9d9-ddb5-4fa4-a97d-d965ccfc6d4b" testListId="8c84fa94-04c1-424b-9868-57a2d4851a1d" startTime="2016-03-11T18:30:38" endTime="2016-03-11T18:30:38" testName="SprocSpecAll" computerName="TeamBuildServer" duration="00:00:00.0650000" testId="00000000-0000-0000-91c4-00000000006D" executionId="00000000-0000-0000-91c4-00000000006D" outcome="Passed">
      <Output>
        <StdOut></StdOut>
      </Output>
    </UnitTestResult>
    <UnitTestResult testType="13cdc9d9-ddb5-4fa4-a97d-d965ccfc6d4b" testListId="8c84fa94-04c1-424b-9868-57a2d4851a1d" startTime="2016-03-11T18:30:38" endTime="2016-03-11T18:30:38" testName="SprocSpecAll" computerName="TeamBuildServer" duration="00:00:00.0080000" testId="00000000-0000-0000-91c4-00000000006E" executionId="00000000-0000-0000-91c4-00000000006E" outcome="Passed">
      <Output>
        <StdOut></StdOut>
      </Output>
    </UnitTestResult>
    <UnitTestResult testType="13cdc9d9-ddb5-4fa4-a97d-d965ccfc6d4b" testListId="8c84fa94-04c1-424b-9868-57a2d4851a1d" startTime="2016-03-11T18:30:38" endTime="2016-03-11T18:30:38" testName="SprocSpecAll" computerName="TeamBuildServer" duration="00:00:00.2320000" testId="00000000-0000-0000-91c4-00000000006F" executionId="00000000-0000-0000-91c4-00000000006F" outcome="Passed">
      <Output>
        <StdOut></StdOut>
      </Output>
    </UnitTestResult>
    <UnitTestResult testType="13cdc9d9-ddb5-4fa4-a97d-d965ccfc6d4b" testListId="8c84fa94-04c1-424b-9868-57a2d4851a1d" startTime="2016-03-11T18:30:38" endTime="2016-03-11T18:30:38" testName="SprocSpecAll" computerName="TeamBuildServer" duration="00:00:00.0120000" testId="00000000-0000-0000-91c4-000000000070" executionId="00000000-0000-0000-91c4-000000000070" outcome="Passed">
      <Output>
        <StdOut></StdOut>
      </Output>
    </UnitTestResult>
    <UnitTestResult testType="13cdc9d9-ddb5-4fa4-a97d-d965ccfc6d4b" testListId="8c84fa94-04c1-424b-9868-57a2d4851a1d" startTime="2016-03-11T18:30:38" endTime="2016-03-11T18:30:38" testName="SprocSpecAll" computerName="TeamBuildServer" duration="00:00:00.0230000" testId="00000000-0000-0000-91c4-000000000071" executionId="00000000-0000-0000-91c4-000000000071" outcome="Passed">
      <Output>
        <StdOut></StdOut>
      </Output>
    </UnitTestResult>
    <UnitTestResult testType="13cdc9d9-ddb5-4fa4-a97d-d965ccfc6d4b" testListId="8c84fa94-04c1-424b-9868-57a2d4851a1d" startTime="2016-03-11T18:30:38" endTime="2016-03-11T18:30:38" testName="SprocSpecAll" computerName="TeamBuildServer" duration="00:00:00.0090000" testId="00000000-0000-0000-91c4-000000000072" executionId="00000000-0000-0000-91c4-000000000072" outcome="Passed">
      <Output>
        <StdOut></StdOut>
      </Output>
    </UnitTestResult>
    <UnitTestResult testType="13cdc9d9-ddb5-4fa4-a97d-d965ccfc6d4b" testListId="8c84fa94-04c1-424b-9868-57a2d4851a1d" startTime="2016-03-11T18:30:38" endTime="2016-03-11T18:30:38" testName="SprocSpecAll" computerName="TeamBuildServer" duration="00:00:00.0650000" testId="00000000-0000-0000-91c4-000000000073" executionId="00000000-0000-0000-91c4-000000000073" outcome="Passed">
      <Output>
        <StdOut></StdOut>
      </Output>
    </UnitTestResult>
    <UnitTestResult testType="13cdc9d9-ddb5-4fa4-a97d-d965ccfc6d4b" testListId="8c84fa94-04c1-424b-9868-57a2d4851a1d" startTime="2016-03-11T18:30:38" endTime="2016-03-11T18:30:38" testName="SprocSpecAll" computerName="TeamBuildServer" duration="00:00:00.0310000" testId="00000000-0000-0000-91c4-000000000074" executionId="00000000-0000-0000-91c4-000000000074" outcome="Passed">
      <Output>
        <StdOut></StdOut>
      </Output>
    </UnitTestResult>
    <UnitTestResult testType="13cdc9d9-ddb5-4fa4-a97d-d965ccfc6d4b" testListId="8c84fa94-04c1-424b-9868-57a2d4851a1d" startTime="2016-03-11T18:30:38" endTime="2016-03-11T18:30:38" testName="SprocSpecAll" computerName="TeamBuildServer" duration="00:00:00.0070000" testId="00000000-0000-0000-91c4-000000000075" executionId="00000000-0000-0000-91c4-000000000075" outcome="Passed">
      <Output>
        <StdOut></StdOut>
      </Output>
    </UnitTestResult>
    <UnitTestResult testType="13cdc9d9-ddb5-4fa4-a97d-d965ccfc6d4b" testListId="8c84fa94-04c1-424b-9868-57a2d4851a1d" startTime="2016-03-11T18:30:38" endTime="2016-03-11T18:30:38" testName="SprocSpecAll" computerName="TeamBuildServer" duration="00:00:00.0060000" testId="00000000-0000-0000-91c4-000000000076" executionId="00000000-0000-0000-91c4-000000000076" outcome="Passed">
      <Output>
        <StdOut></StdOut>
      </Output>
    </UnitTestResult>
    <UnitTestResult testType="13cdc9d9-ddb5-4fa4-a97d-d965ccfc6d4b" testListId="8c84fa94-04c1-424b-9868-57a2d4851a1d" startTime="2016-03-11T18:30:38" endTime="2016-03-11T18:30:38" testName="SprocSpecAll" computerName="TeamBuildServer" duration="00:00:00.0060000" testId="00000000-0000-0000-91c4-000000000077" executionId="00000000-0000-0000-91c4-000000000077" outcome="Passed">
      <Output>
        <StdOut></StdOut>
      </Output>
    </UnitTestResult>
    <UnitTestResult testType="13cdc9d9-ddb5-4fa4-a97d-d965ccfc6d4b" testListId="8c84fa94-04c1-424b-9868-57a2d4851a1d" startTime="2016-03-11T18:30:38" endTime="2016-03-11T18:30:38" testName="SprocSpecAll" computerName="TeamBuildServer" duration="00:00:00.0060000" testId="00000000-0000-0000-91c4-000000000078" executionId="00000000-0000-0000-91c4-000000000078" outcome="Passed">
      <Output>
        <StdOut></StdOut>
      </Output>
    </UnitTestResult>
    <UnitTestResult testType="13cdc9d9-ddb5-4fa4-a97d-d965ccfc6d4b" testListId="8c84fa94-04c1-424b-9868-57a2d4851a1d" startTime="2016-03-11T18:30:38" endTime="2016-03-11T18:30:38" testName="SprocSpecAll" computerName="TeamBuildServer" duration="00:00:00.0120000" testId="00000000-0000-0000-91c4-000000000079" executionId="00000000-0000-0000-91c4-000000000079" outcome="Passed">
      <Output>
        <StdOut></StdOut>
      </Output>
    </UnitTestResult>
    <UnitTestResult testType="13cdc9d9-ddb5-4fa4-a97d-d965ccfc6d4b" testListId="8c84fa94-04c1-424b-9868-57a2d4851a1d" startTime="2016-03-11T18:30:38" endTime="2016-03-11T18:30:38" testName="SprocSpecAll" computerName="TeamBuildServer" duration="00:00:00.0060000" testId="00000000-0000-0000-91c4-00000000007A" executionId="00000000-0000-0000-91c4-00000000007A" outcome="Passed">
      <Output>
        <StdOut></StdOut>
      </Output>
    </UnitTestResult>
    <UnitTestResult testType="13cdc9d9-ddb5-4fa4-a97d-d965ccfc6d4b" testListId="8c84fa94-04c1-424b-9868-57a2d4851a1d" startTime="2016-03-11T18:30:38" endTime="2016-03-11T18:30:38" testName="SprocSpecAll" computerName="TeamBuildServer" duration="00:00:00.0460000" testId="00000000-0000-0000-91c4-00000000007B" executionId="00000000-0000-0000-91c4-00000000007B" outcome="Passed">
      <Output>
        <StdOut></StdOut>
      </Output>
    </UnitTestResult>
    <UnitTestResult testType="13cdc9d9-ddb5-4fa4-a97d-d965ccfc6d4b" testListId="8c84fa94-04c1-424b-9868-57a2d4851a1d" startTime="2016-03-11T18:30:38" endTime="2016-03-11T18:30:38" testName="SprocSpecAll" computerName="TeamBuildServer" duration="00:00:00.0410000" testId="00000000-0000-0000-91c4-00000000007C" executionId="00000000-0000-0000-91c4-00000000007C" outcome="Passed">
      <Output>
        <StdOut></StdOut>
      </Output>
    </UnitTestResult>
    <UnitTestResult testType="13cdc9d9-ddb5-4fa4-a97d-d965ccfc6d4b" testListId="8c84fa94-04c1-424b-9868-57a2d4851a1d" startTime="2016-03-11T18:30:38" endTime="2016-03-11T18:30:38" testName="SprocSpecAll" computerName="TeamBuildServer" duration="00:00:00.0200000" testId="00000000-0000-0000-91c4-00000000007D" executionId="00000000-0000-0000-91c4-00000000007D" outcome="Passed">
      <Output>
        <StdOut></StdOut>
      </Output>
    </UnitTestResult>
    <UnitTestResult testType="13cdc9d9-ddb5-4fa4-a97d-d965ccfc6d4b" testListId="8c84fa94-04c1-424b-9868-57a2d4851a1d" startTime="2016-03-11T18:30:38" endTime="2016-03-11T18:30:38" testName="SprocSpecAll" computerName="TeamBuildServer" duration="00:00:00.0190000" testId="00000000-0000-0000-91c4-00000000007E" executionId="00000000-0000-0000-91c4-00000000007E" outcome="Passed">
      <Output>
        <StdOut></StdOut>
      </Output>
    </UnitTestResult>
    <UnitTestResult testType="13cdc9d9-ddb5-4fa4-a97d-d965ccfc6d4b" testListId="8c84fa94-04c1-424b-9868-57a2d4851a1d" startTime="2016-03-11T18:30:38" endTime="2016-03-11T18:30:38" testName="SprocSpecAll" computerName="TeamBuildServer" duration="00:00:00.0220000" testId="00000000-0000-0000-91c4-00000000007F" executionId="00000000-0000-0000-91c4-00000000007F" outcome="Passed">
      <Output>
        <StdOut></StdOut>
      </Output>
    </UnitTestResult>
    <UnitTestResult testType="13cdc9d9-ddb5-4fa4-a97d-d965ccfc6d4b" testListId="8c84fa94-04c1-424b-9868-57a2d4851a1d" startTime="2016-03-11T18:30:38" endTime="2016-03-11T18:30:38" testName="SprocSpecAll" computerName="TeamBuildServer" duration="00:00:00.0220000" testId="00000000-0000-0000-91c4-000000000080" executionId="00000000-0000-0000-91c4-000000000080" outcome="Passed">
      <Output>
        <StdOut></StdOut>
      </Output>
    </UnitTestResult>
    <UnitTestResult testType="13cdc9d9-ddb5-4fa4-a97d-d965ccfc6d4b" testListId="8c84fa94-04c1-424b-9868-57a2d4851a1d" startTime="2016-03-11T18:30:38" endTime="2016-03-11T18:30:38" testName="SprocSpecAll" computerName="TeamBuildServer" duration="00:00:00.0200000" testId="00000000-0000-0000-91c4-000000000081" executionId="00000000-0000-0000-91c4-000000000081" outcome="Passed">
      <Output>
        <StdOut></StdOut>
      </Output>
    </UnitTestResult>
    <UnitTestResult testType="13cdc9d9-ddb5-4fa4-a97d-d965ccfc6d4b" testListId="8c84fa94-04c1-424b-9868-57a2d4851a1d" startTime="2016-03-11T18:30:38" endTime="2016-03-11T18:30:38" testName="SprocSpecAll" computerName="TeamBuildServer" duration="00:00:00.0180000" testId="00000000-0000-0000-91c4-000000000082" executionId="00000000-0000-0000-91c4-000000000082" outcome="Passed">
      <Output>
        <StdOut></StdOut>
      </Output>
    </UnitTestResult>
    <UnitTestResult testType="13cdc9d9-ddb5-4fa4-a97d-d965ccfc6d4b" testListId="8c84fa94-04c1-424b-9868-57a2d4851a1d" startTime="2016-03-11T18:30:38" endTime="2016-03-11T18:30:38" testName="SprocSpecAll" computerName="TeamBuildServer" duration="00:00:00.0230000" testId="00000000-0000-0000-91c4-000000000083" executionId="00000000-0000-0000-91c4-000000000083" outcome="Passed">
      <Output>
        <StdOut></StdOut>
      </Output>
    </UnitTestResult>
    <UnitTestResult testType="13cdc9d9-ddb5-4fa4-a97d-d965ccfc6d4b" testListId="8c84fa94-04c1-424b-9868-57a2d4851a1d" startTime="2016-03-11T18:30:38" endTime="2016-03-11T18:30:38" testName="SprocSpecAll" computerName="TeamBuildServer" duration="00:00:00.0060000" testId="00000000-0000-0000-91c4-000000000084" executionId="00000000-0000-0000-91c4-000000000084" outcome="Passed">
      <Output>
        <StdOut></StdOut>
      </Output>
    </UnitTestResult>
    <UnitTestResult testType="13cdc9d9-ddb5-4fa4-a97d-d965ccfc6d4b" testListId="8c84fa94-04c1-424b-9868-57a2d4851a1d" startTime="2016-03-11T18:30:38" endTime="2016-03-11T18:30:38" testName="ImportSpec" computerName="TeamBuildServer" duration="00:00:04.2300000" testId="00000000-0000-0000-91c4-000000000085" executionId="00000000-0000-0000-91c4-000000000085" outcome="Passed">
      <Output>
        <StdOut></StdOut>
      </Output>
    </UnitTestResult>
    <UnitTestResult testType="13cdc9d9-ddb5-4fa4-a97d-d965ccfc6d4b" testListId="8c84fa94-04c1-424b-9868-57a2d4851a1d" startTime="2016-03-11T18:30:38" endTime="2016-03-11T18:30:38" testName="ImportSpec" computerName="TeamBuildServer" duration="00:00:00.1630000" testId="00000000-0000-0000-91c4-000000000086" executionId="00000000-0000-0000-91c4-000000000086" outcome="Passed">
      <Output>
        <StdOut></StdOut>
      </Output>
    </UnitTestResult>
    <UnitTestResult testType="13cdc9d9-ddb5-4fa4-a97d-d965ccfc6d4b" testListId="8c84fa94-04c1-424b-9868-57a2d4851a1d" startTime="2016-03-11T18:30:38" endTime="2016-03-11T18:30:38" testName="ImportSpec" computerName="TeamBuildServer" duration="00:00:00.1570000" testId="00000000-0000-0000-91c4-000000000087" executionId="00000000-0000-0000-91c4-000000000087" outcome="Passed">
      <Output>
        <StdOut></StdOut>
      </Output>
    </UnitTestResult>
    <UnitTestResult testType="13cdc9d9-ddb5-4fa4-a97d-d965ccfc6d4b" testListId="8c84fa94-04c1-424b-9868-57a2d4851a1d" startTime="2016-03-11T18:30:38" endTime="2016-03-11T18:30:38" testName="ImportSpec" computerName="TeamBuildServer" duration="00:00:00.0900000" testId="00000000-0000-0000-91c4-000000000088" executionId="00000000-0000-0000-91c4-000000000088" outcome="Passed">
      <Output>
        <StdOut></StdOut>
      </Output>
    </UnitTestResult>
    <UnitTestResult testType="13cdc9d9-ddb5-4fa4-a97d-d965ccfc6d4b" testListId="8c84fa94-04c1-424b-9868-57a2d4851a1d" startTime="2016-03-11T18:30:38" endTime="2016-03-11T18:30:38" testName="ImportSpec" computerName="TeamBuildServer" duration="00:00:00.3240000" testId="00000000-0000-0000-91c4-000000000089" executionId="00000000-0000-0000-91c4-000000000089" outcome="Passed">
      <Output>
        <StdOut>Retrieved Active Users
Retrieved Execution Surface
</StdOut>
      </Output>
    </UnitTestResult>
    <UnitTestResult testType="13cdc9d9-ddb5-4fa4-a97d-d965ccfc6d4b" testListId="8c84fa94-04c1-424b-9868-57a2d4851a1d" startTime="2016-03-11T18:30:38" endTime="2016-03-11T18:30:38" testName="ImportSpec" computerName="TeamBuildServer" duration="00:00:00.2090000" testId="00000000-0000-0000-91c4-00000000008A" executionId="00000000-0000-0000-91c4-00000000008A" outcome="Passed">
      <Output>
        <StdOut></StdOut>
      </Output>
    </UnitTestResult>
    <UnitTestResult testType="13cdc9d9-ddb5-4fa4-a97d-d965ccfc6d4b" testListId="8c84fa94-04c1-424b-9868-57a2d4851a1d" startTime="2016-03-11T18:30:38" endTime="2016-03-11T18:30:38" testName="DbCallSpec" computerName="TeamBuildServer" duration="00:00:00.0010000" testId="00000000-0000-0000-91c4-00000000008B" executionId="00000000-0000-0000-91c4-00000000008B" outcome="Passed">
      <Output>
        <StdOut></StdOut>
      </Output>
    </UnitTestResult>
    <UnitTestResult testType="13cdc9d9-ddb5-4fa4-a97d-d965ccfc6d4b" testListId="8c84fa94-04c1-424b-9868-57a2d4851a1d" startTime="2016-03-11T18:30:38" endTime="2016-03-11T18:30:38" testName="SprocFilteredGetSpec" computerName="TeamBuildServer" duration="00:00:00.5890000" testId="00000000-0000-0000-91c4-00000000008C" executionId="00000000-0000-0000-91c4-00000000008C" outcome="Passed">
      <Output>
        <StdOut>Retrieved configuration settings
</StdOut>
      </Output>
    </UnitTestResult>
    <UnitTestResult testType="13cdc9d9-ddb5-4fa4-a97d-d965ccfc6d4b" testListId="8c84fa94-04c1-424b-9868-57a2d4851a1d" startTime="2016-03-11T18:30:38" endTime="2016-03-11T18:30:38" testName="SprocFilteredGetSpec" computerName="TeamBuildServer" duration="00:00:00.0660000" testId="00000000-0000-0000-91c4-00000000008D" executionId="00000000-0000-0000-91c4-00000000008D" outcome="Passed">
      <Output>
        <StdOut></StdOut>
      </Output>
    </UnitTestResult>
    <UnitTestResult testType="13cdc9d9-ddb5-4fa4-a97d-d965ccfc6d4b" testListId="8c84fa94-04c1-424b-9868-57a2d4851a1d" startTime="2016-03-11T18:30:38" endTime="2016-03-11T18:30:38" testName="SprocFilteredGetSpec" computerName="TeamBuildServer" duration="00:00:00.0380000" testId="00000000-0000-0000-91c4-00000000008E" executionId="00000000-0000-0000-91c4-00000000008E" outcome="Passed">
      <Output>
        <StdOut></StdOut>
      </Output>
    </UnitTestResult>
    <UnitTestResult testType="13cdc9d9-ddb5-4fa4-a97d-d965ccfc6d4b" testListId="8c84fa94-04c1-424b-9868-57a2d4851a1d" startTime="2016-03-11T18:30:38" endTime="2016-03-11T18:30:38" testName="SprocFilteredGetSpec" computerName="TeamBuildServer" duration="00:00:00.0360000" testId="00000000-0000-0000-91c4-00000000008F" executionId="00000000-0000-0000-91c4-00000000008F" outcome="Passed">
      <Output>
        <StdOut></StdOut>
      </Output>
    </UnitTestResult>
    <UnitTestResult testType="13cdc9d9-ddb5-4fa4-a97d-d965ccfc6d4b" testListId="8c84fa94-04c1-424b-9868-57a2d4851a1d" startTime="2016-03-11T18:30:38" endTime="2016-03-11T18:30:38" testName="SprocFilteredGetSpec" computerName="TeamBuildServer" duration="00:00:00.0410000" testId="00000000-0000-0000-91c4-000000000090" executionId="00000000-0000-0000-91c4-000000000090" outcome="Passed">
      <Output>
        <StdOut></StdOut>
      </Output>
    </UnitTestResult>
    <UnitTestResult testType="13cdc9d9-ddb5-4fa4-a97d-d965ccfc6d4b" testListId="8c84fa94-04c1-424b-9868-57a2d4851a1d" startTime="2016-03-11T18:30:38" endTime="2016-03-11T18:30:38" testName="SprocFilteredGetSpec" computerName="TeamBuildServer" duration="00:00:00.0320000" testId="00000000-0000-0000-91c4-000000000091" executionId="00000000-0000-0000-91c4-000000000091" outcome="Passed">
      <Output>
        <StdOut></StdOut>
      </Output>
    </UnitTestResult>
    <UnitTestResult testType="13cdc9d9-ddb5-4fa4-a97d-d965ccfc6d4b" testListId="8c84fa94-04c1-424b-9868-57a2d4851a1d" startTime="2016-03-11T18:30:38" endTime="2016-03-11T18:30:38" testName="SprocFilteredGetSpec" computerName="TeamBuildServer" duration="00:00:00.0390000" testId="00000000-0000-0000-91c4-000000000092" executionId="00000000-0000-0000-91c4-000000000092" outcome="Passed">
      <Output>
        <StdOut></StdOut>
      </Output>
    </UnitTestResult>
    <UnitTestResult testType="13cdc9d9-ddb5-4fa4-a97d-d965ccfc6d4b" testListId="8c84fa94-04c1-424b-9868-57a2d4851a1d" startTime="2016-03-11T18:30:38" endTime="2016-03-11T18:30:38" testName="SprocFilteredGetSpec" computerName="TeamBuildServer" duration="00:00:00.0340000" testId="00000000-0000-0000-91c4-000000000093" executionId="00000000-0000-0000-91c4-000000000093" outcome="Passed">
      <Output>
        <StdOut></StdOut>
      </Output>
    </UnitTestResult>
    <UnitTestResult testType="13cdc9d9-ddb5-4fa4-a97d-d965ccfc6d4b" testListId="8c84fa94-04c1-424b-9868-57a2d4851a1d" startTime="2016-03-11T18:30:38" endTime="2016-03-11T18:30:38" testName="SprocFilteredGetSpec" computerName="TeamBuildServer" duration="00:00:00.0360000" testId="00000000-0000-0000-91c4-000000000094" executionId="00000000-0000-0000-91c4-000000000094" outcome="Passed">
      <Output>
        <StdOut></StdOut>
      </Output>
    </UnitTestResult>
    <UnitTestResult testType="13cdc9d9-ddb5-4fa4-a97d-d965ccfc6d4b" testListId="8c84fa94-04c1-424b-9868-57a2d4851a1d" startTime="2016-03-11T18:30:38" endTime="2016-03-11T18:30:38" testName="SprocFilteredGetSpec" computerName="TeamBuildServer" duration="00:00:00.0340000" testId="00000000-0000-0000-91c4-000000000095" executionId="00000000-0000-0000-91c4-000000000095" outcome="Passed">
      <Output>
        <StdOut></StdOut>
      </Output>
    </UnitTestResult>
    <UnitTestResult testType="13cdc9d9-ddb5-4fa4-a97d-d965ccfc6d4b" testListId="8c84fa94-04c1-424b-9868-57a2d4851a1d" startTime="2016-03-11T18:30:38" endTime="2016-03-11T18:30:38" testName="SprocFilteredGetSpec" computerName="TeamBuildServer" duration="00:00:00.0320000" testId="00000000-0000-0000-91c4-000000000096" executionId="00000000-0000-0000-91c4-000000000096" outcome="Passed">
      <Output>
        <StdOut></StdOut>
      </Output>
    </UnitTestResult>
    <UnitTestResult testType="13cdc9d9-ddb5-4fa4-a97d-d965ccfc6d4b" testListId="8c84fa94-04c1-424b-9868-57a2d4851a1d" startTime="2016-03-11T18:30:38" endTime="2016-03-11T18:30:38" testName="SprocFilteredGetSpec" computerName="TeamBuildServer" duration="00:00:00.0330000" testId="00000000-0000-0000-91c4-000000000097" executionId="00000000-0000-0000-91c4-000000000097" outcome="Passed">
      <Output>
        <StdOut></StdOut>
      </Output>
    </UnitTestResult>
    <UnitTestResult testType="13cdc9d9-ddb5-4fa4-a97d-d965ccfc6d4b" testListId="8c84fa94-04c1-424b-9868-57a2d4851a1d" startTime="2016-03-11T18:30:38" endTime="2016-03-11T18:30:38" testName="SprocFilteredGetSpec" computerName="TeamBuildServer" duration="00:00:00.0420000" testId="00000000-0000-0000-91c4-000000000098" executionId="00000000-0000-0000-91c4-000000000098" outcome="Passed">
      <Output>
        <StdOut></StdOut>
      </Output>
    </UnitTestResult>
    <UnitTestResult testType="13cdc9d9-ddb5-4fa4-a97d-d965ccfc6d4b" testListId="8c84fa94-04c1-424b-9868-57a2d4851a1d" startTime="2016-03-11T18:30:38" endTime="2016-03-11T18:30:38" testName="SprocFilteredGetSpec" computerName="TeamBuildServer" duration="00:00:00.0400000" testId="00000000-0000-0000-91c4-000000000099" executionId="00000000-0000-0000-91c4-000000000099" outcome="Passed">
      <Output>
        <StdOut></StdOut>
      </Output>
    </UnitTestResult>
    <UnitTestResult testType="13cdc9d9-ddb5-4fa4-a97d-d965ccfc6d4b" testListId="8c84fa94-04c1-424b-9868-57a2d4851a1d" startTime="2016-03-11T18:30:38" endTime="2016-03-11T18:30:38" testName="SprocFilteredGetSpec" computerName="TeamBuildServer" duration="00:00:00.0340000" testId="00000000-0000-0000-91c4-00000000009A" executionId="00000000-0000-0000-91c4-00000000009A" outcome="Passed">
      <Output>
        <StdOut></StdOut>
      </Output>
    </UnitTestResult>
    <UnitTestResult testType="13cdc9d9-ddb5-4fa4-a97d-d965ccfc6d4b" testListId="8c84fa94-04c1-424b-9868-57a2d4851a1d" startTime="2016-03-11T18:30:38" endTime="2016-03-11T18:30:38" testName="SprocFilteredGetSpec" computerName="TeamBuildServer" duration="00:00:00.0310000" testId="00000000-0000-0000-91c4-00000000009B" executionId="00000000-0000-0000-91c4-00000000009B" outcome="Passed">
      <Output>
        <StdOut></StdOut>
      </Output>
    </UnitTestResult>
    <UnitTestResult testType="13cdc9d9-ddb5-4fa4-a97d-d965ccfc6d4b" testListId="8c84fa94-04c1-424b-9868-57a2d4851a1d" startTime="2016-03-11T18:30:38" endTime="2016-03-11T18:30:38" testName="SprocFilteredGetSpec" computerName="TeamBuildServer" duration="00:00:00.0310000" testId="00000000-0000-0000-91c4-00000000009C" executionId="00000000-0000-0000-91c4-00000000009C" outcome="Passed">
      <Output>
        <StdOut></StdOut>
      </Output>
    </UnitTestResult>
    <UnitTestResult testType="13cdc9d9-ddb5-4fa4-a97d-d965ccfc6d4b" testListId="8c84fa94-04c1-424b-9868-57a2d4851a1d" startTime="2016-03-11T18:30:38" endTime="2016-03-11T18:30:38" testName="SprocFilteredGetSpec" computerName="TeamBuildServer" duration="00:00:00.0290000" testId="00000000-0000-0000-91c4-00000000009D" executionId="00000000-0000-0000-91c4-00000000009D" outcome="Passed">
      <Output>
        <StdOut></StdOut>
      </Output>
    </UnitTestResult>
    <UnitTestResult testType="13cdc9d9-ddb5-4fa4-a97d-d965ccfc6d4b" testListId="8c84fa94-04c1-424b-9868-57a2d4851a1d" startTime="2016-03-11T18:30:38" endTime="2016-03-11T18:30:38" testName="SprocFilteredGetSpec" computerName="TeamBuildServer" duration="00:00:00.0320000" testId="00000000-0000-0000-91c4-00000000009E" executionId="00000000-0000-0000-91c4-00000000009E" outcome="Passed">
      <Output>
        <StdOut></StdOut>
      </Output>
    </UnitTestResult>
    <UnitTestResult testType="13cdc9d9-ddb5-4fa4-a97d-d965ccfc6d4b" testListId="8c84fa94-04c1-424b-9868-57a2d4851a1d" startTime="2016-03-11T18:30:38" endTime="2016-03-11T18:30:38" testName="SprocFilteredGetSpec" computerName="TeamBuildServer" duration="00:00:00.0320000" testId="00000000-0000-0000-91c4-00000000009F" executionId="00000000-0000-0000-91c4-00000000009F" outcome="Passed">
      <Output>
        <StdOut></StdOut>
      </Output>
    </UnitTestResult>
    <UnitTestResult testType="13cdc9d9-ddb5-4fa4-a97d-d965ccfc6d4b" testListId="8c84fa94-04c1-424b-9868-57a2d4851a1d" startTime="2016-03-11T18:30:38" endTime="2016-03-11T18:30:38" testName="SprocFilteredGetSpec" computerName="TeamBuildServer" duration="00:00:00.0330000" testId="00000000-0000-0000-91c4-0000000000A0" executionId="00000000-0000-0000-91c4-0000000000A0" outcome="Passed">
      <Output>
        <StdOut></StdOut>
      </Output>
    </UnitTestResult>
    <UnitTestResult testType="13cdc9d9-ddb5-4fa4-a97d-d965ccfc6d4b" testListId="8c84fa94-04c1-424b-9868-57a2d4851a1d" startTime="2016-03-11T18:30:38" endTime="2016-03-11T18:30:38" testName="SprocFilteredGetSpec" computerName="TeamBuildServer" duration="00:00:00.0320000" testId="00000000-0000-0000-91c4-0000000000A1" executionId="00000000-0000-0000-91c4-0000000000A1" outcome="Passed">
      <Output>
        <StdOut></StdOut>
      </Output>
    </UnitTestResult>
    <UnitTestResult testType="13cdc9d9-ddb5-4fa4-a97d-d965ccfc6d4b" testListId="8c84fa94-04c1-424b-9868-57a2d4851a1d" startTime="2016-03-11T18:30:38" endTime="2016-03-11T18:30:38" testName="SprocCallSpec" computerName="TeamBuildServer" duration="00:00:00.0320000" testId="00000000-0000-0000-91c4-0000000000A2" executionId="00000000-0000-0000-91c4-0000000000A2" outcome="Passed">
      <Output>
        <StdOut></StdOut>
      </Output>
    </UnitTestResult>
    <UnitTestResult testType="13cdc9d9-ddb5-4fa4-a97d-d965ccfc6d4b" testListId="8c84fa94-04c1-424b-9868-57a2d4851a1d" startTime="2016-03-11T18:30:38" endTime="2016-03-11T18:30:38" testName="SprocCallSpec" computerName="TeamBuildServer" duration="00:00:00.0310000" testId="00000000-0000-0000-91c4-0000000000A3" executionId="00000000-0000-0000-91c4-0000000000A3" outcome="Passed">
      <Output>
        <StdOut></StdOut>
      </Output>
    </UnitTestResult>
    <UnitTestResult testType="13cdc9d9-ddb5-4fa4-a97d-d965ccfc6d4b" testListId="8c84fa94-04c1-424b-9868-57a2d4851a1d" startTime="2016-03-11T18:30:38" endTime="2016-03-11T18:30:38" testName="SprocCallSpec" computerName="TeamBuildServer" duration="00:00:00.0320000" testId="00000000-0000-0000-91c4-0000000000A4" executionId="00000000-0000-0000-91c4-0000000000A4" outcome="Passed">
      <Output>
        <StdOut></StdOut>
      </Output>
    </UnitTestResult>
    <UnitTestResult testType="13cdc9d9-ddb5-4fa4-a97d-d965ccfc6d4b" testListId="8c84fa94-04c1-424b-9868-57a2d4851a1d" startTime="2016-03-11T18:30:38" endTime="2016-03-11T18:30:38" testName="SprocCallSpec" computerName="TeamBuildServer" duration="00:00:00.0260000" testId="00000000-0000-0000-91c4-0000000000A5" executionId="00000000-0000-0000-91c4-0000000000A5" outcome="Passed">
      <Output>
        <StdOut></StdOut>
      </Output>
    </UnitTestResult>
    <UnitTestResult testType="13cdc9d9-ddb5-4fa4-a97d-d965ccfc6d4b" testListId="8c84fa94-04c1-424b-9868-57a2d4851a1d" startTime="2016-03-11T18:30:38" endTime="2016-03-11T18:30:38" testName="SprocCallSpec" computerName="TeamBuildServer" duration="00:00:00.0370000" testId="00000000-0000-0000-91c4-0000000000A6" executionId="00000000-0000-0000-91c4-0000000000A6" outcome="Passed">
      <Output>
        <StdOut></StdOut>
      </Output>
    </UnitTestResult>
    <UnitTestResult testType="13cdc9d9-ddb5-4fa4-a97d-d965ccfc6d4b" testListId="8c84fa94-04c1-424b-9868-57a2d4851a1d" startTime="2016-03-11T18:30:38" endTime="2016-03-11T18:30:38" testName="SprocCallSpec" computerName="TeamBuildServer" duration="00:00:00.0420000" testId="00000000-0000-0000-91c4-0000000000A7" executionId="00000000-0000-0000-91c4-0000000000A7" outcome="Passed">
      <Output>
        <StdOut></StdOut>
      </Output>
    </UnitTestResult>
    <UnitTestResult testType="13cdc9d9-ddb5-4fa4-a97d-d965ccfc6d4b" testListId="8c84fa94-04c1-424b-9868-57a2d4851a1d" startTime="2016-03-11T18:30:38" endTime="2016-03-11T18:30:38" testName="SprocCallSpec" computerName="TeamBuildServer" duration="00:00:00.0540000" testId="00000000-0000-0000-91c4-0000000000A8" executionId="00000000-0000-0000-91c4-0000000000A8" outcome="Passed">
      <Output>
        <StdOut></StdOut>
      </Output>
    </UnitTestResult>
    <UnitTestResult testType="13cdc9d9-ddb5-4fa4-a97d-d965ccfc6d4b" testListId="8c84fa94-04c1-424b-9868-57a2d4851a1d" startTime="2016-03-11T18:30:38" endTime="2016-03-11T18:30:38" testName="SprocCallSpec" computerName="TeamBuildServer" duration="00:00:00.1180000" testId="00000000-0000-0000-91c4-0000000000A9" executionId="00000000-0000-0000-91c4-0000000000A9" outcome="Passed">
      <Output>
        <StdOut></StdOut>
      </Output>
    </UnitTestResult>
    <UnitTestResult testType="13cdc9d9-ddb5-4fa4-a97d-d965ccfc6d4b" testListId="8c84fa94-04c1-424b-9868-57a2d4851a1d" startTime="2016-03-11T18:30:38" endTime="2016-03-11T18:30:38" testName="SprocCallSpec" computerName="TeamBuildServer" duration="00:00:00.0910000" testId="00000000-0000-0000-91c4-0000000000AA" executionId="00000000-0000-0000-91c4-0000000000AA" outcome="Passed">
      <Output>
        <StdOut></StdOut>
      </Output>
    </UnitTestResult>
  </Results>
</TestRun>